<?xml version="1.0" encoding="UTF-8"?>
<coverage generated="1773208963294" clover="3.2.0">
  <project timestamp="1773208963294" name="All files">
    <metrics statements="115" coveredstatements="101" conditionals="96" coveredconditionals="75" methods="37" coveredmethods="31" elements="248" coveredelements="207" complexity="0" loc="115" ncloc="115" packages="3" files="15" classes="15"/>
    <package name="components">
      <metrics statements="58" coveredstatements="58" conditionals="80" coveredconditionals="66" methods="24" coveredmethods="24"/>
      <file name="BlockModal.jsx" path="C:\Users\PREMJITH P P\OneDrive\Desktop\UmamiCircle\umami-frontend\src\components\BlockModal.jsx">
        <metrics statements="3" coveredstatements="3" conditionals="6" coveredconditionals="6" methods="1" coveredmethods="1"/>
        <line num="5" count="2" type="stmt"/>
        <line num="6" count="3" type="cond" truecount="2" falsecount="0"/>
        <line num="8" count="3" type="stmt"/>
      </file>
      <file name="Button.jsx" path="C:\Users\PREMJITH P P\OneDrive\Desktop\UmamiCircle\umami-frontend\src\components\Button.jsx">
        <metrics statements="4" coveredstatements="4" conditionals="3" coveredconditionals="3" methods="1" coveredmethods="1"/>
        <line num="3" count="6" type="cond" truecount="3" falsecount="0"/>
        <line num="4" count="37" type="stmt"/>
        <line num="6" count="37" type="stmt"/>
        <line num="13" count="37" type="stmt"/>
      </file>
      <file name="Card.jsx" path="C:\Users\PREMJITH P P\OneDrive\Desktop\UmamiCircle\umami-frontend\src\components\Card.jsx">
        <metrics statements="2" coveredstatements="2" conditionals="1" coveredconditionals="1" methods="1" coveredmethods="1"/>
        <line num="3" count="1" type="cond" truecount="1" falsecount="0"/>
        <line num="4" count="2" type="stmt"/>
      </file>
      <file name="ContentGrid.jsx" path="C:\Users\PREMJITH P P\OneDrive\Desktop\UmamiCircle\umami-frontend\src\components\ContentGrid.jsx">
        <metrics statements="5" coveredstatements="5" conditionals="7" coveredconditionals="5" methods="2" coveredmethods="2"/>
        <line num="3" count="2" type="cond" truecount="2" falsecount="0"/>
        <line num="4" count="2" type="cond" truecount="2" falsecount="0"/>
        <line num="5" count="1" type="stmt"/>
        <line num="13" count="1" type="stmt"/>
        <line num="16" count="2" type="stmt"/>
      </file>
      <file name="EditProfileForm.jsx" path="C:\Users\PREMJITH P P\OneDrive\Desktop\UmamiCircle\umami-frontend\src\components\EditProfileForm.jsx">
        <metrics statements="9" coveredstatements="9" conditionals="8" coveredconditionals="4" methods="4" coveredmethods="4"/>
        <line num="5" count="2" type="stmt"/>
        <line num="6" count="5" type="stmt"/>
        <line num="12" count="5" type="stmt"/>
        <line num="13" count="2" type="stmt"/>
        <line num="14" count="2" type="stmt"/>
        <line num="17" count="5" type="stmt"/>
        <line num="18" count="1" type="stmt"/>
        <line num="19" count="1" type="stmt"/>
        <line num="22" count="5" type="stmt"/>
      </file>
      <file name="Input.jsx" path="C:\Users\PREMJITH P P\OneDrive\Desktop\UmamiCircle\umami-frontend\src\components\Input.jsx">
        <metrics statements="3" coveredstatements="3" conditionals="10" coveredconditionals="10" methods="1" coveredmethods="1"/>
        <line num="3" count="3" type="cond" truecount="2" falsecount="0"/>
        <line num="4" count="9" type="cond" truecount="2" falsecount="0"/>
        <line num="5" count="9" type="stmt"/>
      </file>
      <file name="LoadingSpinner.jsx" path="C:\Users\PREMJITH P P\OneDrive\Desktop\UmamiCircle\umami-frontend\src\components\LoadingSpinner.jsx">
        <metrics statements="3" coveredstatements="3" conditionals="1" coveredconditionals="1" methods="1" coveredmethods="1"/>
        <line num="3" count="2" type="cond" truecount="1" falsecount="0"/>
        <line num="4" count="3" type="stmt"/>
        <line num="10" count="3" type="stmt"/>
      </file>
      <file name="Modal.jsx" path="C:\Users\PREMJITH P P\OneDrive\Desktop\UmamiCircle\umami-frontend\src\components\Modal.jsx">
        <metrics statements="3" coveredstatements="3" conditionals="2" coveredconditionals="1" methods="1" coveredmethods="1"/>
        <line num="3" count="2" type="stmt"/>
        <line num="4" count="3" type="cond" truecount="1" falsecount="1"/>
        <line num="6" count="3" type="stmt"/>
      </file>
      <file name="ProfileHeader.jsx" path="C:\Users\PREMJITH P P\OneDrive\Desktop\UmamiCircle\umami-frontend\src\components\ProfileHeader.jsx">
        <metrics statements="3" coveredstatements="3" conditionals="18" coveredconditionals="13" methods="1" coveredmethods="1"/>
        <line num="4" count="2" type="stmt"/>
        <line num="5" count="5" type="cond" truecount="1" falsecount="1"/>
        <line num="7" count="5" type="stmt"/>
      </file>
      <file name="ProfileTabs.jsx" path="C:\Users\PREMJITH P P\OneDrive\Desktop\UmamiCircle\umami-frontend\src\components\ProfileTabs.jsx">
        <metrics statements="5" coveredstatements="5" conditionals="8" coveredconditionals="8" methods="3" coveredmethods="3"/>
        <line num="3" count="2" type="stmt"/>
        <line num="4" count="3" type="stmt"/>
        <line num="8" count="9" type="stmt"/>
        <line num="9" count="9" type="stmt"/>
        <line num="12" count="1" type="stmt"/>
      </file>
      <file name="ReportForm.jsx" path="C:\Users\PREMJITH P P\OneDrive\Desktop\UmamiCircle\umami-frontend\src\components\ReportForm.jsx">
        <metrics statements="12" coveredstatements="12" conditionals="4" coveredconditionals="3" methods="5" coveredmethods="5"/>
        <line num="4" count="2" type="stmt"/>
        <line num="13" count="2" type="stmt"/>
        <line num="14" count="5" type="stmt"/>
        <line num="15" count="5" type="stmt"/>
        <line num="17" count="5" type="stmt"/>
        <line num="18" count="1" type="stmt"/>
        <line num="19" count="1" type="cond" truecount="1" falsecount="1"/>
        <line num="20" count="1" type="stmt"/>
        <line num="23" count="5" type="stmt"/>
        <line num="31" count="30" type="stmt"/>
        <line num="46" count="1" type="stmt"/>
        <line num="64" count="1" type="stmt"/>
      </file>
      <file name="UserList.jsx" path="C:\Users\PREMJITH P P\OneDrive\Desktop\UmamiCircle\umami-frontend\src\components\UserList.jsx">
        <metrics statements="6" coveredstatements="6" conditionals="12" coveredconditionals="11" methods="3" coveredmethods="3"/>
        <line num="4" count="1" type="cond" truecount="2" falsecount="0"/>
        <line num="5" count="4" type="cond" truecount="2" falsecount="0"/>
        <line num="6" count="1" type="stmt"/>
        <line num="13" count="3" type="stmt"/>
        <line num="16" count="6" type="stmt"/>
        <line num="36" count="1" type="cond" truecount="2" falsecount="0"/>
      </file>
    </package>
    <package name="hooks">
      <metrics statements="17" coveredstatements="17" conditionals="2" coveredconditionals="1" methods="2" coveredmethods="2"/>
      <file name="useSocialAction.js" path="C:\Users\PREMJITH P P\OneDrive\Desktop\UmamiCircle\umami-frontend\src\hooks\useSocialAction.js">
        <metrics statements="17" coveredstatements="17" conditionals="2" coveredconditionals="1" methods="2" coveredmethods="2"/>
        <line num="9" count="1" type="stmt"/>
        <line num="10" count="6" type="stmt"/>
        <line num="11" count="6" type="stmt"/>
        <line num="12" count="6" type="stmt"/>
        <line num="14" count="6" type="stmt"/>
        <line num="15" count="2" type="stmt"/>
        <line num="18" count="2" type="stmt"/>
        <line num="19" count="2" type="stmt"/>
        <line num="20" count="2" type="stmt"/>
        <line num="22" count="2" type="stmt"/>
        <line num="23" count="2" type="stmt"/>
        <line num="24" count="1" type="stmt"/>
        <line num="27" count="1" type="stmt"/>
        <line num="28" count="1" type="cond" truecount="1" falsecount="1"/>
        <line num="29" count="1" type="stmt"/>
        <line num="30" count="1" type="stmt"/>
        <line num="34" count="6" type="stmt"/>
      </file>
    </package>
    <package name="pages">
      <metrics statements="40" coveredstatements="26" conditionals="14" coveredconditionals="8" methods="11" coveredmethods="5"/>
      <file name="PostDetail.jsx" path="C:\Users\PREMJITH P P\OneDrive\Desktop\UmamiCircle\umami-frontend\src\pages\PostDetail.jsx">
        <metrics statements="14" coveredstatements="13" conditionals="8" coveredconditionals="7" methods="3" coveredmethods="3"/>
        <line num="6" count="1" type="stmt"/>
        <line num="7" count="4" type="stmt"/>
        <line num="8" count="4" type="stmt"/>
        <line num="9" count="4" type="stmt"/>
        <line num="11" count="4" type="stmt"/>
        <line num="12" count="2" type="stmt"/>
        <line num="14" count="2" type="stmt"/>
        <line num="15" count="2" type="stmt"/>
        <line num="29" count="2" type="stmt"/>
        <line num="33" count="4" type="cond" truecount="2" falsecount="0"/>
        <line num="34" count="2" type="stmt"/>
        <line num="41" count="2" type="cond" truecount="1" falsecount="1"/>
        <line num="42" count="0" type="stmt"/>
        <line num="45" count="2" type="stmt"/>
      </file>
      <file name="Profile.jsx" path="C:\Users\PREMJITH P P\OneDrive\Desktop\UmamiCircle\umami-frontend\src\pages\Profile.jsx">
        <metrics statements="26" coveredstatements="13" conditionals="6" coveredconditionals="1" methods="8" coveredmethods="2"/>
        <line num="12" count="1" type="stmt"/>
        <line num="13" count="1" type="stmt"/>
        <line num="14" count="1" type="stmt"/>
        <line num="15" count="1" type="stmt"/>
        <line num="16" count="1" type="stmt"/>
        <line num="17" count="1" type="stmt"/>
        <line num="18" count="1" type="stmt"/>
        <line num="19" count="1" type="stmt"/>
        <line num="22" count="1" type="stmt"/>
        <line num="23" count="1" type="stmt"/>
        <line num="25" count="1" type="stmt"/>
        <line num="26" count="0" type="stmt"/>
        <line num="39" count="0" type="stmt"/>
        <line num="43" count="1" type="cond" truecount="1" falsecount="1"/>
        <line num="44" count="1" type="stmt"/>
        <line num="51" count="0" type="cond" truecount="0" falsecount="2"/>
        <line num="52" count="0" type="stmt"/>
        <line num="55" count="0" type="stmt"/>
        <line num="61" count="0" type="stmt"/>
        <line num="67" count="0" type="stmt"/>
        <line num="73" count="0" type="stmt"/>
        <line num="74" count="0" type="stmt"/>
        <line num="93" count="0" type="stmt"/>
        <line num="99" count="0" type="stmt"/>
        <line num="100" count="0" type="stmt"/>
        <line num="102" count="0" type="stmt"/>
      </file>
    </package>
  </project>
</coverage>
