{"C:\\Users\\PREMJITH P P\\OneDrive\\Desktop\\UmamiCircle\\umami-frontend\\src\\components\\BlockModal.jsx": {"path":"C:\\Users\\PREMJITH P P\\OneDrive\\Desktop\\UmamiCircle\\umami-frontend\\src\\components\\BlockModal.jsx","statementMap":{"0":{"start":{"line":5,"column":19},"end":{"line":40,"column":null}},"1":{"start":{"line":6,"column":21},"end":{"line":6,"column":null}},"2":{"start":{"line":8,"column":2},"end":{"line":38,"column":null}}},"fnMap":{"0":{"name":"(anonymous_0)","decl":{"start":{"line":5,"column":19},"end":{"line":5,"column":20}},"loc":{"start":{"line":5,"column":77},"end":{"line":40,"column":null}},"line":5}},"branchMap":{"0":{"loc":{"start":{"line":6,"column":21},"end":{"line":6,"column":null}},"type":"cond-expr","locations":[{"start":{"line":6,"column":34},"end":{"line":6,"column":44}},{"start":{"line":6,"column":44},"end":{"line":6,"column":null}}],"line":6},"1":{"loc":{"start":{"line":16,"column":11},"end":{"line":18,"column":null}},"type":"cond-expr","locations":[{"start":{"line":17,"column":14},"end":{"line":17,"column":null}},{"start":{"line":18,"column":14},"end":{"line":18,"column":null}}],"line":16},"2":{"loc":{"start":{"line":23,"column":21},"end":{"line":23,"column":null}},"type":"cond-expr","locations":[{"start":{"line":23,"column":34},"end":{"line":23,"column":45}},{"start":{"line":23,"column":45},"end":{"line":23,"column":null}}],"line":23}},"s":{"0":2,"1":3,"2":3},"f":{"0":3},"b":{"0":[2,1],"1":[2,1],"2":[2,1]},"meta":{"lastBranch":3,"lastFunction":1,"lastStatement":3,"seen":{"s:5:19:40:Infinity":0,"f:5:19:5:20":0,"s:6:21:6:Infinity":1,"b:6:34:6:44:6:44:6:Infinity":0,"s:8:2:38:Infinity":2,"b:17:14:17:Infinity:18:14:18:Infinity":1,"b:23:34:23:45:23:45:23:Infinity":2}}}
,"C:\\Users\\PREMJITH P P\\OneDrive\\Desktop\\UmamiCircle\\umami-frontend\\src\\components\\Button.jsx": {"path":"C:\\Users\\PREMJITH P P\\OneDrive\\Desktop\\UmamiCircle\\umami-frontend\\src\\components\\Button.jsx","statementMap":{"0":{"start":{"line":3,"column":15},"end":{"line":23,"column":null}},"1":{"start":{"line":4,"column":21},"end":{"line":4,"column":null}},"2":{"start":{"line":6,"column":19},"end":{"line":11,"column":null}},"3":{"start":{"line":13,"column":2},"end":{"line":21,"column":null}}},"fnMap":{"0":{"name":"(anonymous_0)","decl":{"start":{"line":3,"column":15},"end":{"line":3,"column":16}},"loc":{"start":{"line":3,"column":106},"end":{"line":23,"column":null}},"line":3}},"branchMap":{"0":{"loc":{"start":{"line":3,"column":37},"end":{"line":3,"column":54}},"type":"default-arg","locations":[{"start":{"line":3,"column":44},"end":{"line":3,"column":54}}],"line":3},"1":{"loc":{"start":{"line":3,"column":54},"end":{"line":3,"column":75}},"type":"default-arg","locations":[{"start":{"line":3,"column":64},"end":{"line":3,"column":75}}],"line":3},"2":{"loc":{"start":{"line":3,"column":75},"end":{"line":3,"column":91}},"type":"default-arg","locations":[{"start":{"line":3,"column":87},"end":{"line":3,"column":91}}],"line":3}},"s":{"0":6,"1":37,"2":37,"3":37},"f":{"0":37},"b":{"0":[37],"1":[37],"2":[37]},"meta":{"lastBranch":3,"lastFunction":1,"lastStatement":4,"seen":{"s:3:15:23:Infinity":0,"f:3:15:3:16":0,"b:3:44:3:54":0,"b:3:64:3:75":1,"b:3:87:3:91":2,"s:4:21:4:Infinity":1,"s:6:19:11:Infinity":2,"s:13:2:21:Infinity":3}}}
,"C:\\Users\\PREMJITH P P\\OneDrive\\Desktop\\UmamiCircle\\umami-frontend\\src\\components\\Card.jsx": {"path":"C:\\Users\\PREMJITH P P\\OneDrive\\Desktop\\UmamiCircle\\umami-frontend\\src\\components\\Card.jsx","statementMap":{"0":{"start":{"line":3,"column":13},"end":{"line":12,"column":null}},"1":{"start":{"line":4,"column":2},"end":{"line":10,"column":null}}},"fnMap":{"0":{"name":"(anonymous_0)","decl":{"start":{"line":3,"column":13},"end":{"line":3,"column":14}},"loc":{"start":{"line":3,"column":57},"end":{"line":12,"column":null}},"line":3}},"branchMap":{"0":{"loc":{"start":{"line":3,"column":26},"end":{"line":3,"column":42}},"type":"default-arg","locations":[{"start":{"line":3,"column":38},"end":{"line":3,"column":42}}],"line":3}},"s":{"0":1,"1":2},"f":{"0":2},"b":{"0":[2]},"meta":{"lastBranch":1,"lastFunction":1,"lastStatement":2,"seen":{"s:3:13:12:Infinity":0,"f:3:13:3:14":0,"b:3:38:3:42":0,"s:4:2:10:Infinity":1}}}
,"C:\\Users\\PREMJITH P P\\OneDrive\\Desktop\\UmamiCircle\\umami-frontend\\src\\components\\ContentGrid.jsx": {"path":"C:\\Users\\PREMJITH P P\\OneDrive\\Desktop\\UmamiCircle\\umami-frontend\\src\\components\\ContentGrid.jsx","statementMap":{"0":{"start":{"line":3,"column":20},"end":{"line":32,"column":null}},"1":{"start":{"line":4,"column":2},"end":{"line":11,"column":null}},"2":{"start":{"line":5,"column":4},"end":{"line":9,"column":null}},"3":{"start":{"line":13,"column":2},"end":{"line":30,"column":null}},"4":{"start":{"line":16,"column":8},"end":{"line":28,"column":null}}},"fnMap":{"0":{"name":"(anonymous_0)","decl":{"start":{"line":3,"column":20},"end":{"line":3,"column":21}},"loc":{"start":{"line":3,"column":74},"end":{"line":32,"column":null}},"line":3},"1":{"name":"(anonymous_1)","decl":{"start":{"line":15,"column":17},"end":{"line":15,"column":18}},"loc":{"start":{"line":16,"column":8},"end":{"line":28,"column":null}},"line":16}},"branchMap":{"0":{"loc":{"start":{"line":3,"column":23},"end":{"line":3,"column":35}},"type":"default-arg","locations":[{"start":{"line":3,"column":31},"end":{"line":3,"column":35}}],"line":3},"1":{"loc":{"start":{"line":3,"column":35},"end":{"line":3,"column":68}},"type":"default-arg","locations":[{"start":{"line":3,"column":50},"end":{"line":3,"column":68}}],"line":3},"2":{"loc":{"start":{"line":4,"column":2},"end":{"line":11,"column":null}},"type":"if","locations":[{"start":{"line":4,"column":2},"end":{"line":11,"column":null}},{"start":{},"end":{}}],"line":4},"3":{"loc":{"start":{"line":22,"column":17},"end":{"line":22,"column":null}},"type":"binary-expr","locations":[{"start":{"line":22,"column":17},"end":{"line":22,"column":31}},{"start":{"line":22,"column":31},"end":{"line":22,"column":47}},{"start":{"line":22,"column":47},"end":{"line":22,"column":null}}],"line":22}},"s":{"0":2,"1":2,"2":1,"3":1,"4":2},"f":{"0":2,"1":2},"b":{"0":[2],"1":[2],"2":[1,1],"3":[2,0,0]},"meta":{"lastBranch":4,"lastFunction":2,"lastStatement":5,"seen":{"s:3:20:32:Infinity":0,"f:3:20:3:21":0,"b:3:31:3:35":0,"b:3:50:3:68":1,"b:4:2:11:Infinity:undefined:undefined:undefined:undefined":2,"s:4:2:11:Infinity":1,"s:5:4:9:Infinity":2,"s:13:2:30:Infinity":3,"f:15:17:15:18":1,"s:16:8:28:Infinity":4,"b:22:17:22:31:22:31:22:47:22:47:22:Infinity":3}}}
,"C:\\Users\\PREMJITH P P\\OneDrive\\Desktop\\UmamiCircle\\umami-frontend\\src\\components\\EditProfileForm.jsx": {"path":"C:\\Users\\PREMJITH P P\\OneDrive\\Desktop\\UmamiCircle\\umami-frontend\\src\\components\\EditProfileForm.jsx","statementMap":{"0":{"start":{"line":5,"column":24},"end":{"line":78,"column":null}},"1":{"start":{"line":6,"column":30},"end":{"line":10,"column":null}},"2":{"start":{"line":12,"column":23},"end":{"line":15,"column":null}},"3":{"start":{"line":13,"column":28},"end":{"line":13,"column":null}},"4":{"start":{"line":14,"column":4},"end":{"line":14,"column":null}},"5":{"start":{"line":14,"column":27},"end":{"line":14,"column":54}},"6":{"start":{"line":17,"column":23},"end":{"line":20,"column":null}},"7":{"start":{"line":18,"column":4},"end":{"line":18,"column":null}},"8":{"start":{"line":19,"column":4},"end":{"line":19,"column":null}},"9":{"start":{"line":22,"column":2},"end":{"line":76,"column":null}}},"fnMap":{"0":{"name":"(anonymous_0)","decl":{"start":{"line":5,"column":24},"end":{"line":5,"column":25}},"loc":{"start":{"line":5,"column":58},"end":{"line":78,"column":null}},"line":5},"1":{"name":"(anonymous_1)","decl":{"start":{"line":12,"column":23},"end":{"line":12,"column":24}},"loc":{"start":{"line":12,"column":30},"end":{"line":15,"column":null}},"line":12},"2":{"name":"(anonymous_2)","decl":{"start":{"line":14,"column":16},"end":{"line":14,"column":17}},"loc":{"start":{"line":14,"column":27},"end":{"line":14,"column":54}},"line":14},"3":{"name":"(anonymous_3)","decl":{"start":{"line":17,"column":23},"end":{"line":17,"column":24}},"loc":{"start":{"line":17,"column":30},"end":{"line":20,"column":null}},"line":17}},"branchMap":{"0":{"loc":{"start":{"line":7,"column":10},"end":{"line":7,"column":null}},"type":"binary-expr","locations":[{"start":{"line":7,"column":10},"end":{"line":7,"column":24}},{"start":{"line":7,"column":24},"end":{"line":7,"column":null}}],"line":7},"1":{"loc":{"start":{"line":8,"column":9},"end":{"line":8,"column":null}},"type":"binary-expr","locations":[{"start":{"line":8,"column":9},"end":{"line":8,"column":22}},{"start":{"line":8,"column":22},"end":{"line":8,"column":null}}],"line":8},"2":{"loc":{"start":{"line":9,"column":12},"end":{"line":9,"column":null}},"type":"binary-expr","locations":[{"start":{"line":9,"column":12},"end":{"line":9,"column":28}},{"start":{"line":9,"column":28},"end":{"line":9,"column":null}}],"line":9},"3":{"loc":{"start":{"line":27,"column":17},"end":{"line":27,"column":null}},"type":"binary-expr","locations":[{"start":{"line":27,"column":17},"end":{"line":27,"column":36}},{"start":{"line":27,"column":36},"end":{"line":27,"column":null}}],"line":27}},"s":{"0":2,"1":5,"2":5,"3":2,"4":2,"5":2,"6":5,"7":1,"8":1,"9":5},"f":{"0":5,"1":2,"2":2,"3":1},"b":{"0":[5,0],"1":[5,0],"2":[5,0],"3":[5,0]},"meta":{"lastBranch":4,"lastFunction":4,"lastStatement":10,"seen":{"s:5:24:78:Infinity":0,"f:5:24:5:25":0,"s:6:30:10:Infinity":1,"b:7:10:7:24:7:24:7:Infinity":0,"b:8:9:8:22:8:22:8:Infinity":1,"b:9:12:9:28:9:28:9:Infinity":2,"s:12:23:15:Infinity":2,"f:12:23:12:24":1,"s:13:28:13:Infinity":3,"s:14:4:14:Infinity":4,"f:14:16:14:17":2,"s:14:27:14:54":5,"s:17:23:20:Infinity":6,"f:17:23:17:24":3,"s:18:4:18:Infinity":7,"s:19:4:19:Infinity":8,"s:22:2:76:Infinity":9,"b:27:17:27:36:27:36:27:Infinity":3}}}
,"C:\\Users\\PREMJITH P P\\OneDrive\\Desktop\\UmamiCircle\\umami-frontend\\src\\components\\Input.jsx": {"path":"C:\\Users\\PREMJITH P P\\OneDrive\\Desktop\\UmamiCircle\\umami-frontend\\src\\components\\Input.jsx","statementMap":{"0":{"start":{"line":3,"column":14},"end":{"line":26,"column":null}},"1":{"start":{"line":4,"column":18},"end":{"line":4,"column":null}},"2":{"start":{"line":5,"column":2},"end":{"line":24,"column":null}}},"fnMap":{"0":{"name":"(anonymous_0)","decl":{"start":{"line":3,"column":14},"end":{"line":3,"column":15}},"loc":{"start":{"line":3,"column":111},"end":{"line":26,"column":null}},"line":3}},"branchMap":{"0":{"loc":{"start":{"line":3,"column":28},"end":{"line":3,"column":43}},"type":"default-arg","locations":[{"start":{"line":3,"column":35},"end":{"line":3,"column":43}}],"line":3},"1":{"loc":{"start":{"line":3,"column":80},"end":{"line":3,"column":96}},"type":"default-arg","locations":[{"start":{"line":3,"column":92},"end":{"line":3,"column":96}}],"line":3},"2":{"loc":{"start":{"line":4,"column":18},"end":{"line":4,"column":null}},"type":"binary-expr","locations":[{"start":{"line":4,"column":18},"end":{"line":4,"column":24}},{"start":{"line":4,"column":24},"end":{"line":4,"column":null}}],"line":4},"3":{"loc":{"start":{"line":7,"column":7},"end":{"line":10,"column":null}},"type":"binary-expr","locations":[{"start":{"line":7,"column":7},"end":{"line":7,"column":null}},{"start":{"line":8,"column":8},"end":{"line":10,"column":null}}],"line":7},"4":{"loc":{"start":{"line":19,"column":10},"end":{"line":19,"column":null}},"type":"cond-expr","locations":[{"start":{"line":19,"column":18},"end":{"line":19,"column":50}},{"start":{"line":19,"column":50},"end":{"line":19,"column":null}}],"line":19},"5":{"loc":{"start":{"line":23,"column":7},"end":{"line":23,"column":null}},"type":"binary-expr","locations":[{"start":{"line":23,"column":7},"end":{"line":23,"column":16}},{"start":{"line":23,"column":16},"end":{"line":23,"column":null}}],"line":23}},"s":{"0":3,"1":9,"2":9},"f":{"0":9},"b":{"0":[9],"1":[9],"2":[9,8],"3":[9,9],"4":[1,8],"5":[9,1]},"meta":{"lastBranch":6,"lastFunction":1,"lastStatement":3,"seen":{"s:3:14:26:Infinity":0,"f:3:14:3:15":0,"b:3:35:3:43":0,"b:3:92:3:96":1,"s:4:18:4:Infinity":1,"b:4:18:4:24:4:24:4:Infinity":2,"s:5:2:24:Infinity":2,"b:7:7:7:Infinity:8:8:10:Infinity":3,"b:19:18:19:50:19:50:19:Infinity":4,"b:23:7:23:16:23:16:23:Infinity":5}}}
,"C:\\Users\\PREMJITH P P\\OneDrive\\Desktop\\UmamiCircle\\umami-frontend\\src\\components\\LoadingSpinner.jsx": {"path":"C:\\Users\\PREMJITH P P\\OneDrive\\Desktop\\UmamiCircle\\umami-frontend\\src\\components\\LoadingSpinner.jsx","statementMap":{"0":{"start":{"line":3,"column":23},"end":{"line":17,"column":null}},"1":{"start":{"line":4,"column":16},"end":{"line":8,"column":null}},"2":{"start":{"line":10,"column":2},"end":{"line":15,"column":null}}},"fnMap":{"0":{"name":"(anonymous_0)","decl":{"start":{"line":3,"column":23},"end":{"line":3,"column":24}},"loc":{"start":{"line":3,"column":44},"end":{"line":17,"column":null}},"line":3}},"branchMap":{"0":{"loc":{"start":{"line":3,"column":26},"end":{"line":3,"column":38}},"type":"default-arg","locations":[{"start":{"line":3,"column":33},"end":{"line":3,"column":38}}],"line":3}},"s":{"0":2,"1":3,"2":3},"f":{"0":3},"b":{"0":[3]},"meta":{"lastBranch":1,"lastFunction":1,"lastStatement":3,"seen":{"s:3:23:17:Infinity":0,"f:3:23:3:24":0,"b:3:33:3:38":0,"s:4:16:8:Infinity":1,"s:10:2:15:Infinity":2}}}
,"C:\\Users\\PREMJITH P P\\OneDrive\\Desktop\\UmamiCircle\\umami-frontend\\src\\components\\Modal.jsx": {"path":"C:\\Users\\PREMJITH P P\\OneDrive\\Desktop\\UmamiCircle\\umami-frontend\\src\\components\\Modal.jsx","statementMap":{"0":{"start":{"line":3,"column":14},"end":{"line":24,"column":null}},"1":{"start":{"line":4,"column":2},"end":{"line":4,"column":null}},"2":{"start":{"line":4,"column":15},"end":{"line":4,"column":null}},"3":{"start":{"line":6,"column":2},"end":{"line":22,"column":null}}},"fnMap":{"0":{"name":"(anonymous_0)","decl":{"start":{"line":3,"column":14},"end":{"line":3,"column":15}},"loc":{"start":{"line":3,"column":56},"end":{"line":24,"column":null}},"line":3}},"branchMap":{"0":{"loc":{"start":{"line":4,"column":2},"end":{"line":4,"column":null}},"type":"if","locations":[{"start":{"line":4,"column":2},"end":{"line":4,"column":null}},{"start":{},"end":{}}],"line":4}},"s":{"0":2,"1":3,"2":0,"3":3},"f":{"0":3},"b":{"0":[0,3]},"meta":{"lastBranch":1,"lastFunction":1,"lastStatement":4,"seen":{"s:3:14:24:Infinity":0,"f:3:14:3:15":0,"b:4:2:4:Infinity:undefined:undefined:undefined:undefined":0,"s:4:2:4:Infinity":1,"s:4:15:4:Infinity":2,"s:6:2:22:Infinity":3}}}
,"C:\\Users\\PREMJITH P P\\OneDrive\\Desktop\\UmamiCircle\\umami-frontend\\src\\components\\ProfileHeader.jsx": {"path":"C:\\Users\\PREMJITH P P\\OneDrive\\Desktop\\UmamiCircle\\umami-frontend\\src\\components\\ProfileHeader.jsx","statementMap":{"0":{"start":{"line":4,"column":22},"end":{"line":71,"column":null}},"1":{"start":{"line":5,"column":2},"end":{"line":5,"column":null}},"2":{"start":{"line":5,"column":13},"end":{"line":5,"column":null}},"3":{"start":{"line":7,"column":2},"end":{"line":69,"column":null}}},"fnMap":{"0":{"name":"(anonymous_0)","decl":{"start":{"line":4,"column":22},"end":{"line":4,"column":23}},"loc":{"start":{"line":4,"column":94},"end":{"line":71,"column":null}},"line":4}},"branchMap":{"0":{"loc":{"start":{"line":5,"column":2},"end":{"line":5,"column":null}},"type":"if","locations":[{"start":{"line":5,"column":2},"end":{"line":5,"column":null}},{"start":{},"end":{}}],"line":5},"1":{"loc":{"start":{"line":12,"column":15},"end":{"line":12,"column":null}},"type":"binary-expr","locations":[{"start":{"line":12,"column":15},"end":{"line":12,"column":30}},{"start":{"line":12,"column":30},"end":{"line":12,"column":null}}],"line":12},"2":{"loc":{"start":{"line":31,"column":13},"end":{"line":41,"column":null}},"type":"cond-expr","locations":[{"start":{"line":32,"column":14},"end":{"line":34,"column":null}},{"start":{"line":36,"column":14},"end":{"line":41,"column":null}}],"line":31},"3":{"loc":{"start":{"line":37,"column":25},"end":{"line":37,"column":null}},"type":"cond-expr","locations":[{"start":{"line":37,"column":39},"end":{"line":37,"column":53}},{"start":{"line":37,"column":53},"end":{"line":37,"column":null}}],"line":37},"4":{"loc":{"start":{"line":40,"column":17},"end":{"line":40,"column":null}},"type":"cond-expr","locations":[{"start":{"line":40,"column":31},"end":{"line":40,"column":45}},{"start":{"line":40,"column":45},"end":{"line":40,"column":null}}],"line":40},"5":{"loc":{"start":{"line":49,"column":71},"end":{"line":49,"column":94}},"type":"binary-expr","locations":[{"start":{"line":49,"column":71},"end":{"line":49,"column":92}},{"start":{"line":49,"column":92},"end":{"line":49,"column":94}}],"line":49},"6":{"loc":{"start":{"line":53,"column":71},"end":{"line":53,"column":98}},"type":"binary-expr","locations":[{"start":{"line":53,"column":71},"end":{"line":53,"column":96}},{"start":{"line":53,"column":96},"end":{"line":53,"column":98}}],"line":53},"7":{"loc":{"start":{"line":57,"column":71},"end":{"line":57,"column":98}},"type":"binary-expr","locations":[{"start":{"line":57,"column":71},"end":{"line":57,"column":96}},{"start":{"line":57,"column":96},"end":{"line":57,"column":98}}],"line":57},"8":{"loc":{"start":{"line":63,"column":9},"end":{"line":66,"column":null}},"type":"binary-expr","locations":[{"start":{"line":63,"column":9},"end":{"line":63,"column":null}},{"start":{"line":64,"column":10},"end":{"line":66,"column":null}}],"line":63}},"s":{"0":2,"1":5,"2":0,"3":5},"f":{"0":5},"b":{"0":[0,5],"1":[5,0],"2":[1,4],"3":[1,3],"4":[1,3],"5":[5,0],"6":[5,0],"7":[5,0],"8":[5,5]},"meta":{"lastBranch":9,"lastFunction":1,"lastStatement":4,"seen":{"s:4:22:71:Infinity":0,"f:4:22:4:23":0,"b:5:2:5:Infinity:undefined:undefined:undefined:undefined":0,"s:5:2:5:Infinity":1,"s:5:13:5:Infinity":2,"s:7:2:69:Infinity":3,"b:12:15:12:30:12:30:12:Infinity":1,"b:32:14:34:Infinity:36:14:41:Infinity":2,"b:37:39:37:53:37:53:37:Infinity":3,"b:40:31:40:45:40:45:40:Infinity":4,"b:49:71:49:92:49:92:49:94":5,"b:53:71:53:96:53:96:53:98":6,"b:57:71:57:96:57:96:57:98":7,"b:63:9:63:Infinity:64:10:66:Infinity":8}}}
,"C:\\Users\\PREMJITH P P\\OneDrive\\Desktop\\UmamiCircle\\umami-frontend\\src\\components\\ProfileTabs.jsx": {"path":"C:\\Users\\PREMJITH P P\\OneDrive\\Desktop\\UmamiCircle\\umami-frontend\\src\\components\\ProfileTabs.jsx","statementMap":{"0":{"start":{"line":3,"column":20},"end":{"line":36,"column":null}},"1":{"start":{"line":4,"column":2},"end":{"line":34,"column":null}},"2":{"start":{"line":8,"column":27},"end":{"line":8,"column":null}},"3":{"start":{"line":9,"column":10},"end":{"line":30,"column":null}},"4":{"start":{"line":12,"column":29},"end":{"line":12,"column":null}}},"fnMap":{"0":{"name":"(anonymous_0)","decl":{"start":{"line":3,"column":20},"end":{"line":3,"column":21}},"loc":{"start":{"line":3,"column":58},"end":{"line":36,"column":null}},"line":3},"1":{"name":"(anonymous_1)","decl":{"start":{"line":7,"column":18},"end":{"line":7,"column":19}},"loc":{"start":{"line":7,"column":27},"end":{"line":32,"column":9}},"line":7},"2":{"name":"(anonymous_2)","decl":{"start":{"line":12,"column":23},"end":{"line":12,"column":29}},"loc":{"start":{"line":12,"column":29},"end":{"line":12,"column":null}},"line":12}},"branchMap":{"0":{"loc":{"start":{"line":15,"column":18},"end":{"line":17,"column":null}},"type":"cond-expr","locations":[{"start":{"line":16,"column":20},"end":{"line":16,"column":null}},{"start":{"line":17,"column":20},"end":{"line":17,"column":null}}],"line":15},"1":{"loc":{"start":{"line":20,"column":28},"end":{"line":20,"column":null}},"type":"cond-expr","locations":[{"start":{"line":20,"column":39},"end":{"line":20,"column":48}},{"start":{"line":20,"column":48},"end":{"line":20,"column":null}}],"line":20},"2":{"loc":{"start":{"line":23,"column":15},"end":{"line":28,"column":null}},"type":"binary-expr","locations":[{"start":{"line":23,"column":15},"end":{"line":23,"column":null}},{"start":{"line":24,"column":16},"end":{"line":28,"column":null}}],"line":23},"3":{"loc":{"start":{"line":25,"column":18},"end":{"line":25,"column":null}},"type":"cond-expr","locations":[{"start":{"line":25,"column":29},"end":{"line":25,"column":82}},{"start":{"line":25,"column":82},"end":{"line":25,"column":null}}],"line":25}},"s":{"0":2,"1":3,"2":9,"3":9,"4":1},"f":{"0":3,"1":9,"2":1},"b":{"0":[3,6],"1":[3,6],"2":[9,9],"3":[3,6]},"meta":{"lastBranch":4,"lastFunction":3,"lastStatement":5,"seen":{"s:3:20:36:Infinity":0,"f:3:20:3:21":0,"s:4:2:34:Infinity":1,"f:7:18:7:19":1,"s:8:27:8:Infinity":2,"s:9:10:30:Infinity":3,"f:12:23:12:29":2,"s:12:29:12:Infinity":4,"b:16:20:16:Infinity:17:20:17:Infinity":0,"b:20:39:20:48:20:48:20:Infinity":1,"b:23:15:23:Infinity:24:16:28:Infinity":2,"b:25:29:25:82:25:82:25:Infinity":3}}}
,"C:\\Users\\PREMJITH P P\\OneDrive\\Desktop\\UmamiCircle\\umami-frontend\\src\\components\\ReportForm.jsx": {"path":"C:\\Users\\PREMJITH P P\\OneDrive\\Desktop\\UmamiCircle\\umami-frontend\\src\\components\\ReportForm.jsx","statementMap":{"0":{"start":{"line":4,"column":16},"end":{"line":11,"column":null}},"1":{"start":{"line":13,"column":19},"end":{"line":89,"column":null}},"2":{"start":{"line":14,"column":42},"end":{"line":14,"column":null}},"3":{"start":{"line":15,"column":36},"end":{"line":15,"column":null}},"4":{"start":{"line":17,"column":23},"end":{"line":21,"column":null}},"5":{"start":{"line":18,"column":4},"end":{"line":18,"column":null}},"6":{"start":{"line":19,"column":4},"end":{"line":19,"column":null}},"7":{"start":{"line":19,"column":25},"end":{"line":19,"column":null}},"8":{"start":{"line":20,"column":4},"end":{"line":20,"column":null}},"9":{"start":{"line":23,"column":2},"end":{"line":87,"column":null}},"10":{"start":{"line":31,"column":12},"end":{"line":52,"column":null}},"11":{"start":{"line":46,"column":33},"end":{"line":46,"column":null}},"12":{"start":{"line":64,"column":27},"end":{"line":64,"column":null}}},"fnMap":{"0":{"name":"(anonymous_0)","decl":{"start":{"line":13,"column":19},"end":{"line":13,"column":20}},"loc":{"start":{"line":13,"column":47},"end":{"line":89,"column":null}},"line":13},"1":{"name":"(anonymous_1)","decl":{"start":{"line":17,"column":23},"end":{"line":17,"column":24}},"loc":{"start":{"line":17,"column":30},"end":{"line":21,"column":null}},"line":17},"2":{"name":"(anonymous_2)","decl":{"start":{"line":30,"column":23},"end":{"line":30,"column":24}},"loc":{"start":{"line":31,"column":12},"end":{"line":52,"column":null}},"line":31},"3":{"name":"(anonymous_3)","decl":{"start":{"line":46,"column":26},"end":{"line":46,"column":27}},"loc":{"start":{"line":46,"column":33},"end":{"line":46,"column":null}},"line":46},"4":{"name":"(anonymous_4)","decl":{"start":{"line":64,"column":20},"end":{"line":64,"column":21}},"loc":{"start":{"line":64,"column":27},"end":{"line":64,"column":null}},"line":64}},"branchMap":{"0":{"loc":{"start":{"line":19,"column":4},"end":{"line":19,"column":null}},"type":"if","locations":[{"start":{"line":19,"column":4},"end":{"line":19,"column":null}},{"start":{},"end":{}}],"line":19},"1":{"loc":{"start":{"line":35,"column":18},"end":{"line":37,"column":null}},"type":"cond-expr","locations":[{"start":{"line":36,"column":20},"end":{"line":36,"column":null}},{"start":{"line":37,"column":20},"end":{"line":37,"column":null}}],"line":35}},"s":{"0":2,"1":2,"2":5,"3":5,"4":5,"5":1,"6":1,"7":0,"8":1,"9":5,"10":30,"11":1,"12":1},"f":{"0":5,"1":1,"2":30,"3":1,"4":1},"b":{"0":[0,1],"1":[2,28]},"meta":{"lastBranch":2,"lastFunction":5,"lastStatement":13,"seen":{"s:4:16:11:Infinity":0,"s:13:19:89:Infinity":1,"f:13:19:13:20":0,"s:14:42:14:Infinity":2,"s:15:36:15:Infinity":3,"s:17:23:21:Infinity":4,"f:17:23:17:24":1,"s:18:4:18:Infinity":5,"b:19:4:19:Infinity:undefined:undefined:undefined:undefined":0,"s:19:4:19:Infinity":6,"s:19:25:19:Infinity":7,"s:20:4:20:Infinity":8,"s:23:2:87:Infinity":9,"f:30:23:30:24":2,"s:31:12:52:Infinity":10,"b:36:20:36:Infinity:37:20:37:Infinity":1,"f:46:26:46:27":3,"s:46:33:46:Infinity":11,"f:64:20:64:21":4,"s:64:27:64:Infinity":12}}}
,"C:\\Users\\PREMJITH P P\\OneDrive\\Desktop\\UmamiCircle\\umami-frontend\\src\\components\\UserList.jsx": {"path":"C:\\Users\\PREMJITH P P\\OneDrive\\Desktop\\UmamiCircle\\umami-frontend\\src\\components\\UserList.jsx","statementMap":{"0":{"start":{"line":4,"column":17},"end":{"line":44,"column":null}},"1":{"start":{"line":5,"column":2},"end":{"line":11,"column":null}},"2":{"start":{"line":6,"column":4},"end":{"line":9,"column":null}},"3":{"start":{"line":13,"column":2},"end":{"line":42,"column":null}},"4":{"start":{"line":16,"column":8},"end":{"line":40,"column":null}},"5":{"start":{"line":36,"column":27},"end":{"line":36,"column":null}}},"fnMap":{"0":{"name":"(anonymous_0)","decl":{"start":{"line":4,"column":17},"end":{"line":4,"column":18}},"loc":{"start":{"line":4,"column":87},"end":{"line":44,"column":null}},"line":4},"1":{"name":"(anonymous_1)","decl":{"start":{"line":15,"column":17},"end":{"line":15,"column":18}},"loc":{"start":{"line":16,"column":8},"end":{"line":40,"column":null}},"line":16},"2":{"name":"(anonymous_2)","decl":{"start":{"line":36,"column":21},"end":{"line":36,"column":27}},"loc":{"start":{"line":36,"column":27},"end":{"line":36,"column":null}},"line":36}},"branchMap":{"0":{"loc":{"start":{"line":4,"column":20},"end":{"line":4,"column":32}},"type":"default-arg","locations":[{"start":{"line":4,"column":28},"end":{"line":4,"column":32}}],"line":4},"1":{"loc":{"start":{"line":4,"column":48},"end":{"line":4,"column":81}},"type":"default-arg","locations":[{"start":{"line":4,"column":63},"end":{"line":4,"column":81}}],"line":4},"2":{"loc":{"start":{"line":5,"column":2},"end":{"line":11,"column":null}},"type":"if","locations":[{"start":{"line":5,"column":2},"end":{"line":11,"column":null}},{"start":{},"end":{}}],"line":5},"3":{"loc":{"start":{"line":19,"column":19},"end":{"line":19,"column":null}},"type":"binary-expr","locations":[{"start":{"line":19,"column":19},"end":{"line":19,"column":34}},{"start":{"line":19,"column":34},"end":{"line":19,"column":null}}],"line":19},"4":{"loc":{"start":{"line":34,"column":21},"end":{"line":34,"column":null}},"type":"cond-expr","locations":[{"start":{"line":34,"column":40},"end":{"line":34,"column":54}},{"start":{"line":34,"column":54},"end":{"line":34,"column":null}}],"line":34},"5":{"loc":{"start":{"line":36,"column":27},"end":{"line":36,"column":null}},"type":"binary-expr","locations":[{"start":{"line":36,"column":27},"end":{"line":36,"column":45}},{"start":{"line":36,"column":45},"end":{"line":36,"column":null}}],"line":36},"6":{"loc":{"start":{"line":38,"column":13},"end":{"line":38,"column":null}},"type":"cond-expr","locations":[{"start":{"line":38,"column":32},"end":{"line":38,"column":46}},{"start":{"line":38,"column":46},"end":{"line":38,"column":null}}],"line":38}},"s":{"0":1,"1":4,"2":1,"3":3,"4":6,"5":1},"f":{"0":4,"1":6,"2":1},"b":{"0":[4],"1":[4],"2":[1,3],"3":[6,0],"4":[3,3],"5":[1,1],"6":[3,3]},"meta":{"lastBranch":7,"lastFunction":3,"lastStatement":6,"seen":{"s:4:17:44:Infinity":0,"f:4:17:4:18":0,"b:4:28:4:32":0,"b:4:63:4:81":1,"b:5:2:11:Infinity:undefined:undefined:undefined:undefined":2,"s:5:2:11:Infinity":1,"s:6:4:9:Infinity":2,"s:13:2:42:Infinity":3,"f:15:17:15:18":1,"s:16:8:40:Infinity":4,"b:19:19:19:34:19:34:19:Infinity":3,"b:34:40:34:54:34:54:34:Infinity":4,"f:36:21:36:27":2,"s:36:27:36:Infinity":5,"b:36:27:36:45:36:45:36:Infinity":5,"b:38:32:38:46:38:46:38:Infinity":6}}}
,"C:\\Users\\PREMJITH P P\\OneDrive\\Desktop\\UmamiCircle\\umami-frontend\\src\\hooks\\useSocialAction.js": {"path":"C:\\Users\\PREMJITH P P\\OneDrive\\Desktop\\UmamiCircle\\umami-frontend\\src\\hooks\\useSocialAction.js","statementMap":{"0":{"start":{"line":9,"column":31},"end":{"line":35,"column":1}},"1":{"start":{"line":10,"column":33},"end":{"line":10,"column":57}},"2":{"start":{"line":11,"column":35},"end":{"line":11,"column":51}},"3":{"start":{"line":12,"column":27},"end":{"line":12,"column":42}},"4":{"start":{"line":14,"column":16},"end":{"line":32,"column":25}},"5":{"start":{"line":15,"column":26},"end":{"line":15,"column":34}},"6":{"start":{"line":18,"column":4},"end":{"line":18,"column":32}},"7":{"start":{"line":19,"column":4},"end":{"line":19,"column":23}},"8":{"start":{"line":20,"column":4},"end":{"line":20,"column":19}},"9":{"start":{"line":22,"column":4},"end":{"line":31,"column":5}},"10":{"start":{"line":23,"column":6},"end":{"line":23,"column":45}},"11":{"start":{"line":24,"column":6},"end":{"line":24,"column":26}},"12":{"start":{"line":27,"column":6},"end":{"line":27,"column":33}},"13":{"start":{"line":28,"column":6},"end":{"line":28,"column":47}},"14":{"start":{"line":29,"column":6},"end":{"line":29,"column":26}},"15":{"start":{"line":30,"column":6},"end":{"line":30,"column":16}},"16":{"start":{"line":34,"column":2},"end":{"line":34,"column":48}}},"fnMap":{"0":{"name":"(anonymous_0)","decl":{"start":{"line":9,"column":31},"end":{"line":9,"column":32}},"loc":{"start":{"line":9,"column":59},"end":{"line":35,"column":1}},"line":9},"1":{"name":"(anonymous_1)","decl":{"start":{"line":14,"column":29},"end":{"line":14,"column":34}},"loc":{"start":{"line":14,"column":48},"end":{"line":32,"column":3}},"line":14}},"branchMap":{"0":{"loc":{"start":{"line":28,"column":15},"end":{"line":28,"column":45}},"type":"binary-expr","locations":[{"start":{"line":28,"column":15},"end":{"line":28,"column":26}},{"start":{"line":28,"column":30},"end":{"line":28,"column":45}}],"line":28}},"s":{"0":1,"1":6,"2":6,"3":6,"4":6,"5":2,"6":2,"7":2,"8":2,"9":2,"10":2,"11":1,"12":1,"13":1,"14":1,"15":1,"16":6},"f":{"0":6,"1":2},"b":{"0":[1,0]},"meta":{"lastBranch":1,"lastFunction":2,"lastStatement":17,"seen":{"s:9:31:35:1":0,"f:9:31:9:32":0,"s:10:33:10:57":1,"s:11:35:11:51":2,"s:12:27:12:42":3,"s:14:16:32:25":4,"f:14:29:14:34":1,"s:15:26:15:34":5,"s:18:4:18:32":6,"s:19:4:19:23":7,"s:20:4:20:19":8,"s:22:4:31:5":9,"s:23:6:23:45":10,"s:24:6:24:26":11,"s:27:6:27:33":12,"s:28:6:28:47":13,"b:28:15:28:26:28:30:28:45":0,"s:29:6:29:26":14,"s:30:6:30:16":15,"s:34:2:34:48":16}}}
,"C:\\Users\\PREMJITH P P\\OneDrive\\Desktop\\UmamiCircle\\umami-frontend\\src\\pages\\PostDetail.jsx": {"path":"C:\\Users\\PREMJITH P P\\OneDrive\\Desktop\\UmamiCircle\\umami-frontend\\src\\pages\\PostDetail.jsx","statementMap":{"0":{"start":{"line":6,"column":26},"end":{"line":117,"column":null}},"1":{"start":{"line":7,"column":13},"end":{"line":7,"column":null}},"2":{"start":{"line":8,"column":28},"end":{"line":8,"column":null}},"3":{"start":{"line":9,"column":22},"end":{"line":9,"column":null}},"4":{"start":{"line":11,"column":2},"end":{"line":31,"column":null}},"5":{"start":{"line":12,"column":4},"end":{"line":12,"column":null}},"6":{"start":{"line":14,"column":4},"end":{"line":30,"column":null}},"7":{"start":{"line":15,"column":6},"end":{"line":28,"column":null}},"8":{"start":{"line":29,"column":6},"end":{"line":29,"column":null}},"9":{"start":{"line":33,"column":2},"end":{"line":39,"column":null}},"10":{"start":{"line":34,"column":4},"end":{"line":37,"column":null}},"11":{"start":{"line":41,"column":2},"end":{"line":43,"column":null}},"12":{"start":{"line":42,"column":4},"end":{"line":42,"column":null}},"13":{"start":{"line":45,"column":2},"end":{"line":115,"column":null}}},"fnMap":{"0":{"name":"(anonymous_0)","decl":{"start":{"line":6,"column":26},"end":{"line":6,"column":32}},"loc":{"start":{"line":6,"column":32},"end":{"line":117,"column":null}},"line":6},"1":{"name":"(anonymous_1)","decl":{"start":{"line":11,"column":12},"end":{"line":11,"column":18}},"loc":{"start":{"line":11,"column":18},"end":{"line":31,"column":5}},"line":11},"2":{"name":"(anonymous_2)","decl":{"start":{"line":14,"column":15},"end":{"line":14,"column":21}},"loc":{"start":{"line":14,"column":21},"end":{"line":30,"column":7}},"line":14}},"branchMap":{"0":{"loc":{"start":{"line":33,"column":2},"end":{"line":39,"column":null}},"type":"if","locations":[{"start":{"line":33,"column":2},"end":{"line":39,"column":null}},{"start":{},"end":{}}],"line":33},"1":{"loc":{"start":{"line":41,"column":2},"end":{"line":43,"column":null}},"type":"if","locations":[{"start":{"line":41,"column":2},"end":{"line":43,"column":null}},{"start":{},"end":{}}],"line":41},"2":{"loc":{"start":{"line":63,"column":21},"end":{"line":63,"column":null}},"type":"binary-expr","locations":[{"start":{"line":63,"column":21},"end":{"line":63,"column":41}},{"start":{"line":63,"column":41},"end":{"line":63,"column":null}}],"line":63},"3":{"loc":{"start":{"line":79,"column":23},"end":{"line":79,"column":null}},"type":"binary-expr","locations":[{"start":{"line":79,"column":23},"end":{"line":79,"column":43}},{"start":{"line":79,"column":43},"end":{"line":79,"column":null}}],"line":79}},"s":{"0":1,"1":4,"2":4,"3":4,"4":4,"5":2,"6":2,"7":2,"8":2,"9":4,"10":2,"11":2,"12":0,"13":2},"f":{"0":4,"1":2,"2":2},"b":{"0":[2,2],"1":[0,2],"2":[2,2],"3":[4,2]},"meta":{"lastBranch":4,"lastFunction":3,"lastStatement":14,"seen":{"s:6:26:117:Infinity":0,"f:6:26:6:32":0,"s:7:13:7:Infinity":1,"s:8:28:8:Infinity":2,"s:9:22:9:Infinity":3,"s:11:2:31:Infinity":4,"f:11:12:11:18":1,"s:12:4:12:Infinity":5,"s:14:4:30:Infinity":6,"f:14:15:14:21":2,"s:15:6:28:Infinity":7,"s:29:6:29:Infinity":8,"b:33:2:39:Infinity:undefined:undefined:undefined:undefined":0,"s:33:2:39:Infinity":9,"s:34:4:37:Infinity":10,"b:41:2:43:Infinity:undefined:undefined:undefined:undefined":1,"s:41:2:43:Infinity":11,"s:42:4:42:Infinity":12,"s:45:2:115:Infinity":13,"b:63:21:63:41:63:41:63:Infinity":2,"b:79:23:79:43:79:43:79:Infinity":3}}}
,"C:\\Users\\PREMJITH P P\\OneDrive\\Desktop\\UmamiCircle\\umami-frontend\\src\\pages\\Profile.jsx": {"path":"C:\\Users\\PREMJITH P P\\OneDrive\\Desktop\\UmamiCircle\\umami-frontend\\src\\pages\\Profile.jsx","statementMap":{"0":{"start":{"line":12,"column":16},"end":{"line":109,"column":null}},"1":{"start":{"line":13,"column":19},"end":{"line":13,"column":null}},"2":{"start":{"line":14,"column":28},"end":{"line":14,"column":null}},"3":{"start":{"line":15,"column":22},"end":{"line":15,"column":null}},"4":{"start":{"line":16,"column":32},"end":{"line":16,"column":null}},"5":{"start":{"line":17,"column":44},"end":{"line":17,"column":null}},"6":{"start":{"line":18,"column":46},"end":{"line":18,"column":null}},"7":{"start":{"line":19,"column":48},"end":{"line":19,"column":null}},"8":{"start":{"line":22,"column":2},"end":{"line":41,"column":null}},"9":{"start":{"line":23,"column":4},"end":{"line":23,"column":null}},"10":{"start":{"line":25,"column":4},"end":{"line":40,"column":null}},"11":{"start":{"line":26,"column":6},"end":{"line":38,"column":null}},"12":{"start":{"line":39,"column":6},"end":{"line":39,"column":null}},"13":{"start":{"line":43,"column":2},"end":{"line":49,"column":null}},"14":{"start":{"line":44,"column":4},"end":{"line":47,"column":null}},"15":{"start":{"line":51,"column":2},"end":{"line":53,"column":null}},"16":{"start":{"line":52,"column":4},"end":{"line":52,"column":null}},"17":{"start":{"line":55,"column":15},"end":{"line":59,"column":null}},"18":{"start":{"line":61,"column":20},"end":{"line":65,"column":null}},"19":{"start":{"line":67,"column":2},"end":{"line":107,"column":null}},"20":{"start":{"line":73,"column":30},"end":{"line":73,"column":null}},"21":{"start":{"line":74,"column":29},"end":{"line":74,"column":null}},"22":{"start":{"line":93,"column":23},"end":{"line":93,"column":null}},"23":{"start":{"line":99,"column":12},"end":{"line":99,"column":null}},"24":{"start":{"line":100,"column":12},"end":{"line":100,"column":null}},"25":{"start":{"line":102,"column":26},"end":{"line":102,"column":null}}},"fnMap":{"0":{"name":"(anonymous_0)","decl":{"start":{"line":12,"column":16},"end":{"line":12,"column":22}},"loc":{"start":{"line":12,"column":22},"end":{"line":109,"column":null}},"line":12},"1":{"name":"(anonymous_1)","decl":{"start":{"line":22,"column":12},"end":{"line":22,"column":18}},"loc":{"start":{"line":22,"column":18},"end":{"line":41,"column":5}},"line":22},"2":{"name":"(anonymous_2)","decl":{"start":{"line":25,"column":15},"end":{"line":25,"column":21}},"loc":{"start":{"line":25,"column":21},"end":{"line":40,"column":7}},"line":25},"3":{"name":"(anonymous_3)","decl":{"start":{"line":73,"column":24},"end":{"line":73,"column":30}},"loc":{"start":{"line":73,"column":30},"end":{"line":73,"column":null}},"line":73},"4":{"name":"(anonymous_4)","decl":{"start":{"line":74,"column":23},"end":{"line":74,"column":29}},"loc":{"start":{"line":74,"column":29},"end":{"line":74,"column":null}},"line":74},"5":{"name":"(anonymous_5)","decl":{"start":{"line":93,"column":17},"end":{"line":93,"column":23}},"loc":{"start":{"line":93,"column":23},"end":{"line":93,"column":null}},"line":93},"6":{"name":"(anonymous_6)","decl":{"start":{"line":98,"column":20},"end":{"line":98,"column":21}},"loc":{"start":{"line":98,"column":30},"end":{"line":101,"column":null}},"line":98},"7":{"name":"(anonymous_7)","decl":{"start":{"line":102,"column":20},"end":{"line":102,"column":26}},"loc":{"start":{"line":102,"column":26},"end":{"line":102,"column":null}},"line":102}},"branchMap":{"0":{"loc":{"start":{"line":43,"column":2},"end":{"line":49,"column":null}},"type":"if","locations":[{"start":{"line":43,"column":2},"end":{"line":49,"column":null}},{"start":{},"end":{}}],"line":43},"1":{"loc":{"start":{"line":51,"column":2},"end":{"line":53,"column":null}},"type":"if","locations":[{"start":{"line":51,"column":2},"end":{"line":53,"column":null}},{"start":{},"end":{}}],"line":51},"2":{"loc":{"start":{"line":85,"column":17},"end":{"line":85,"column":null}},"type":"cond-expr","locations":[{"start":{"line":85,"column":45},"end":{"line":85,"column":50}},{"start":{"line":85,"column":50},"end":{"line":85,"column":null}}],"line":85}},"s":{"0":1,"1":1,"2":1,"3":1,"4":1,"5":1,"6":1,"7":1,"8":1,"9":1,"10":1,"11":0,"12":0,"13":1,"14":1,"15":0,"16":0,"17":0,"18":0,"19":0,"20":0,"21":0,"22":0,"23":0,"24":0,"25":0},"f":{"0":1,"1":1,"2":0,"3":0,"4":0,"5":0,"6":0,"7":0},"b":{"0":[1,0],"1":[0,0],"2":[0,0]},"meta":{"lastBranch":3,"lastFunction":8,"lastStatement":26,"seen":{"s:12:16:109:Infinity":0,"f:12:16:12:22":0,"s:13:19:13:Infinity":1,"s:14:28:14:Infinity":2,"s:15:22:15:Infinity":3,"s:16:32:16:Infinity":4,"s:17:44:17:Infinity":5,"s:18:46:18:Infinity":6,"s:19:48:19:Infinity":7,"s:22:2:41:Infinity":8,"f:22:12:22:18":1,"s:23:4:23:Infinity":9,"s:25:4:40:Infinity":10,"f:25:15:25:21":2,"s:26:6:38:Infinity":11,"s:39:6:39:Infinity":12,"b:43:2:49:Infinity:undefined:undefined:undefined:undefined":0,"s:43:2:49:Infinity":13,"s:44:4:47:Infinity":14,"b:51:2:53:Infinity:undefined:undefined:undefined:undefined":1,"s:51:2:53:Infinity":15,"s:52:4:52:Infinity":16,"s:55:15:59:Infinity":17,"s:61:20:65:Infinity":18,"s:67:2:107:Infinity":19,"f:73:24:73:30":3,"s:73:30:73:Infinity":20,"f:74:23:74:29":4,"s:74:29:74:Infinity":21,"b:85:45:85:50:85:50:85:Infinity":2,"f:93:17:93:23":5,"s:93:23:93:Infinity":22,"f:98:20:98:21":6,"s:99:12:99:Infinity":23,"s:100:12:100:Infinity":24,"f:102:20:102:26":7,"s:102:26:102:Infinity":25}}}
}
