<?xml version="1.0" encoding="UTF-8"?>
<coverage generated="1773298088141" clover="3.2.0">
  <project timestamp="1773298088141" name="All files">
    <metrics statements="52" coveredstatements="32" conditionals="20" coveredconditionals="11" methods="12" coveredmethods="8" elements="84" coveredelements="51" complexity="0" loc="52" ncloc="52" packages="2" files="2" classes="2"/>
    <package name="context">
      <metrics statements="26" coveredstatements="11" conditionals="4" coveredconditionals="1" methods="5" coveredmethods="2"/>
      <file name="AdminContext.jsx" path="C:\Users\PREMJITH P P\OneDrive\Desktop\UmamiCircle\umami-admin\src\context\AdminContext.jsx">
        <metrics statements="26" coveredstatements="11" conditionals="4" coveredconditionals="1" methods="5" coveredmethods="2"/>
        <line num="3" count="1" type="stmt"/>
        <line num="5" count="1" type="stmt"/>
        <line num="6" count="4" type="stmt"/>
        <line num="7" count="4" type="stmt"/>
        <line num="8" count="4" type="stmt"/>
        <line num="10" count="4" type="stmt"/>
        <line num="11" count="2" type="cond" truecount="1" falsecount="1"/>
        <line num="14" count="0" type="stmt"/>
        <line num="15" count="0" type="stmt"/>
        <line num="16" count="0" type="cond" truecount="0" falsecount="2"/>
        <line num="17" count="0" type="stmt"/>
        <line num="20" count="0" type="stmt"/>
        <line num="21" count="0" type="stmt"/>
        <line num="24" count="2" type="stmt"/>
        <line num="27" count="4" type="stmt"/>
        <line num="28" count="0" type="stmt"/>
        <line num="29" count="0" type="stmt"/>
        <line num="30" count="0" type="stmt"/>
        <line num="31" count="0" type="stmt"/>
        <line num="34" count="4" type="stmt"/>
        <line num="35" count="0" type="stmt"/>
        <line num="36" count="0" type="stmt"/>
        <line num="37" count="0" type="stmt"/>
        <line num="38" count="0" type="stmt"/>
        <line num="41" count="4" type="stmt"/>
        <line num="48" count="0" type="stmt"/>
      </file>
    </package>
    <package name="pages">
      <metrics statements="26" coveredstatements="21" conditionals="16" coveredconditionals="10" methods="7" coveredmethods="6"/>
      <file name="ActivityLogs.jsx" path="C:\Users\PREMJITH P P\OneDrive\Desktop\UmamiCircle\umami-admin\src\pages\ActivityLogs.jsx">
        <metrics statements="26" coveredstatements="21" conditionals="16" coveredconditionals="10" methods="7" coveredmethods="6"/>
        <line num="9" count="1" type="stmt"/>
        <line num="10" count="6" type="stmt"/>
        <line num="11" count="6" type="stmt"/>
        <line num="12" count="6" type="stmt"/>
        <line num="13" count="6" type="stmt"/>
        <line num="14" count="6" type="stmt"/>
        <line num="16" count="6" type="stmt"/>
        <line num="17" count="3" type="stmt"/>
        <line num="18" count="3" type="stmt"/>
        <line num="19" count="3" type="stmt"/>
        <line num="20" count="3" type="stmt"/>
        <line num="21" count="3" type="stmt"/>
        <line num="23" count="0" type="stmt"/>
        <line num="24" count="0" type="stmt"/>
        <line num="26" count="3" type="stmt"/>
        <line num="30" count="6" type="stmt"/>
        <line num="31" count="3" type="stmt"/>
        <line num="34" count="6" type="stmt"/>
        <line num="35" count="4" type="cond" truecount="2" falsecount="0"/>
        <line num="36" count="2" type="cond" truecount="1" falsecount="1"/>
        <line num="37" count="0" type="cond" truecount="0" falsecount="2"/>
        <line num="38" count="0" type="stmt"/>
        <line num="41" count="6" type="stmt"/>
        <line num="58" count="1" type="stmt"/>
        <line num="78" count="0" type="stmt"/>
        <line num="116" count="4" type="stmt"/>
      </file>
    </package>
  </project>
</coverage>
