<?xml version="1.0" encoding="UTF-8"?>
<coverage generated="1773241443160" clover="3.2.0">
  <project timestamp="1773241443161" name="All files">
    <metrics statements="60" coveredstatements="45" conditionals="33" coveredconditionals="27" methods="18" coveredmethods="15" elements="111" coveredelements="87" complexity="0" loc="60" ncloc="60" packages="2" files="2" classes="2"/>
    <package name="context">
      <metrics statements="26" coveredstatements="11" conditionals="4" coveredconditionals="1" methods="5" coveredmethods="2"/>
      <file name="AdminContext.jsx" path="C:\Users\PREMJITH P P\OneDrive\Desktop\UmamiCircle\umami-admin\src\context\AdminContext.jsx">
        <metrics statements="26" coveredstatements="11" conditionals="4" coveredconditionals="1" methods="5" coveredmethods="2"/>
        <line num="3" count="1" type="stmt"/>
        <line num="5" count="1" type="stmt"/>
        <line num="6" count="14" type="stmt"/>
        <line num="7" count="14" type="stmt"/>
        <line num="8" count="14" type="stmt"/>
        <line num="10" count="14" type="stmt"/>
        <line num="11" count="7" type="cond" truecount="1" falsecount="1"/>
        <line num="14" count="0" type="stmt"/>
        <line num="15" count="0" type="stmt"/>
        <line num="16" count="0" type="cond" truecount="0" falsecount="2"/>
        <line num="17" count="0" type="stmt"/>
        <line num="20" count="0" type="stmt"/>
        <line num="21" count="0" type="stmt"/>
        <line num="24" count="7" type="stmt"/>
        <line num="27" count="14" type="stmt"/>
        <line num="28" count="0" type="stmt"/>
        <line num="29" count="0" type="stmt"/>
        <line num="30" count="0" type="stmt"/>
        <line num="31" count="0" type="stmt"/>
        <line num="34" count="14" type="stmt"/>
        <line num="35" count="0" type="stmt"/>
        <line num="36" count="0" type="stmt"/>
        <line num="37" count="0" type="stmt"/>
        <line num="38" count="0" type="stmt"/>
        <line num="41" count="14" type="stmt"/>
        <line num="48" count="0" type="stmt"/>
      </file>
    </package>
    <package name="pages">
      <metrics statements="34" coveredstatements="34" conditionals="29" coveredconditionals="26" methods="13" coveredmethods="13"/>
      <file name="UserManagement.jsx" path="C:\Users\PREMJITH P P\OneDrive\Desktop\UmamiCircle\umami-admin\src\pages\UserManagement.jsx">
        <metrics statements="34" coveredstatements="34" conditionals="29" coveredconditionals="26" methods="13" coveredmethods="13"/>
        <line num="5" count="1" type="stmt"/>
        <line num="6" count="16" type="stmt"/>
        <line num="7" count="16" type="stmt"/>
        <line num="8" count="16" type="stmt"/>
        <line num="9" count="16" type="stmt"/>
        <line num="11" count="16" type="cond" truecount="1" falsecount="0"/>
        <line num="12" count="7" type="stmt"/>
        <line num="13" count="7" type="stmt"/>
        <line num="14" count="7" type="stmt"/>
        <line num="15" count="6" type="stmt"/>
        <line num="16" count="6" type="stmt"/>
        <line num="18" count="1" type="stmt"/>
        <line num="19" count="1" type="stmt"/>
        <line num="21" count="7" type="stmt"/>
        <line num="25" count="16" type="stmt"/>
        <line num="26" count="8" type="stmt"/>
        <line num="27" count="7" type="stmt"/>
        <line num="30" count="8" type="stmt"/>
        <line num="33" count="16" type="stmt"/>
        <line num="34" count="2" type="stmt"/>
        <line num="35" count="2" type="stmt"/>
        <line num="36" count="2" type="cond" truecount="2" falsecount="0"/>
        <line num="38" count="1" type="stmt"/>
        <line num="42" count="16" type="stmt"/>
        <line num="43" count="2" type="cond" truecount="1" falsecount="1"/>
        <line num="44" count="2" type="stmt"/>
        <line num="45" count="2" type="stmt"/>
        <line num="46" count="2" type="stmt"/>
        <line num="48" count="1" type="stmt"/>
        <line num="53" count="16" type="stmt"/>
        <line num="68" count="1" type="stmt"/>
        <line num="100" count="13" type="stmt"/>
        <line num="135" count="2" type="stmt"/>
        <line num="147" count="2" type="stmt"/>
      </file>
    </package>
  </project>
</coverage>
