{"C:\\Users\\PREMJITH P P\\OneDrive\\Desktop\\UmamiCircle\\umami-admin\\src\\context\\AdminContext.jsx": {"path":"C:\\Users\\PREMJITH P P\\OneDrive\\Desktop\\UmamiCircle\\umami-admin\\src\\context\\AdminContext.jsx","statementMap":{"0":{"start":{"line":3,"column":6},"end":{"line":3,"column":null}},"1":{"start":{"line":5,"column":29},"end":{"line":46,"column":null}},"2":{"start":{"line":6,"column":24},"end":{"line":6,"column":null}},"3":{"start":{"line":7,"column":24},"end":{"line":7,"column":null}},"4":{"start":{"line":8,"column":28},"end":{"line":8,"column":null}},"5":{"start":{"line":10,"column":2},"end":{"line":25,"column":null}},"6":{"start":{"line":11,"column":4},"end":{"line":23,"column":null}},"7":{"start":{"line":14,"column":6},"end":{"line":22,"column":null}},"8":{"start":{"line":15,"column":27},"end":{"line":15,"column":null}},"9":{"start":{"line":16,"column":8},"end":{"line":18,"column":null}},"10":{"start":{"line":17,"column":10},"end":{"line":17,"column":null}},"11":{"start":{"line":20,"column":8},"end":{"line":20,"column":null}},"12":{"start":{"line":21,"column":8},"end":{"line":21,"column":null}},"13":{"start":{"line":24,"column":4},"end":{"line":24,"column":null}},"14":{"start":{"line":27,"column":16},"end":{"line":32,"column":null}},"15":{"start":{"line":28,"column":4},"end":{"line":28,"column":null}},"16":{"start":{"line":29,"column":4},"end":{"line":29,"column":null}},"17":{"start":{"line":30,"column":4},"end":{"line":30,"column":null}},"18":{"start":{"line":31,"column":4},"end":{"line":31,"column":null}},"19":{"start":{"line":34,"column":17},"end":{"line":39,"column":null}},"20":{"start":{"line":35,"column":4},"end":{"line":35,"column":null}},"21":{"start":{"line":36,"column":4},"end":{"line":36,"column":null}},"22":{"start":{"line":37,"column":4},"end":{"line":37,"column":null}},"23":{"start":{"line":38,"column":4},"end":{"line":38,"column":null}},"24":{"start":{"line":41,"column":2},"end":{"line":44,"column":null}},"25":{"start":{"line":48,"column":24},"end":{"line":48,"column":null}}},"fnMap":{"0":{"name":"(anonymous_0)","decl":{"start":{"line":5,"column":29},"end":{"line":5,"column":30}},"loc":{"start":{"line":5,"column":47},"end":{"line":46,"column":null}},"line":5},"1":{"name":"(anonymous_1)","decl":{"start":{"line":10,"column":12},"end":{"line":10,"column":18}},"loc":{"start":{"line":10,"column":18},"end":{"line":25,"column":5}},"line":10},"2":{"name":"(anonymous_2)","decl":{"start":{"line":27,"column":16},"end":{"line":27,"column":17}},"loc":{"start":{"line":27,"column":41},"end":{"line":32,"column":null}},"line":27},"3":{"name":"(anonymous_3)","decl":{"start":{"line":34,"column":17},"end":{"line":34,"column":23}},"loc":{"start":{"line":34,"column":23},"end":{"line":39,"column":null}},"line":34},"4":{"name":"(anonymous_4)","decl":{"start":{"line":48,"column":24},"end":{"line":48,"column":30}},"loc":{"start":{"line":48,"column":24},"end":{"line":48,"column":null}},"line":48}},"branchMap":{"0":{"loc":{"start":{"line":11,"column":4},"end":{"line":23,"column":null}},"type":"if","locations":[{"start":{"line":11,"column":4},"end":{"line":23,"column":null}},{"start":{},"end":{}}],"line":11},"1":{"loc":{"start":{"line":16,"column":8},"end":{"line":18,"column":null}},"type":"if","locations":[{"start":{"line":16,"column":8},"end":{"line":18,"column":null}},{"start":{},"end":{}}],"line":16}},"s":{"0":1,"1":1,"2":14,"3":14,"4":14,"5":14,"6":7,"7":0,"8":0,"9":0,"10":0,"11":0,"12":0,"13":7,"14":14,"15":0,"16":0,"17":0,"18":0,"19":14,"20":0,"21":0,"22":0,"23":0,"24":14,"25":0},"f":{"0":14,"1":7,"2":0,"3":0,"4":0},"b":{"0":[0,7],"1":[0,0]},"meta":{"lastBranch":2,"lastFunction":5,"lastStatement":26,"seen":{"s:3:6:3:Infinity":0,"s:5:29:46:Infinity":1,"f:5:29:5:30":0,"s:6:24:6:Infinity":2,"s:7:24:7:Infinity":3,"s:8:28:8:Infinity":4,"s:10:2:25:Infinity":5,"f:10:12:10:18":1,"b:11:4:23:Infinity:undefined:undefined:undefined:undefined":0,"s:11:4:23:Infinity":6,"s:14:6:22:Infinity":7,"s:15:27:15:Infinity":8,"b:16:8:18:Infinity:undefined:undefined:undefined:undefined":1,"s:16:8:18:Infinity":9,"s:17:10:17:Infinity":10,"s:20:8:20:Infinity":11,"s:21:8:21:Infinity":12,"s:24:4:24:Infinity":13,"s:27:16:32:Infinity":14,"f:27:16:27:17":2,"s:28:4:28:Infinity":15,"s:29:4:29:Infinity":16,"s:30:4:30:Infinity":17,"s:31:4:31:Infinity":18,"s:34:17:39:Infinity":19,"f:34:17:34:23":3,"s:35:4:35:Infinity":20,"s:36:4:36:Infinity":21,"s:37:4:37:Infinity":22,"s:38:4:38:Infinity":23,"s:41:2:44:Infinity":24,"s:48:24:48:Infinity":25,"f:48:24:48:30":4}}}
,"C:\\Users\\PREMJITH P P\\OneDrive\\Desktop\\UmamiCircle\\umami-admin\\src\\pages\\UserManagement.jsx": {"path":"C:\\Users\\PREMJITH P P\\OneDrive\\Desktop\\UmamiCircle\\umami-admin\\src\\pages\\UserManagement.jsx","statementMap":{"0":{"start":{"line":5,"column":30},"end":{"line":164,"column":null}},"1":{"start":{"line":6,"column":24},"end":{"line":6,"column":null}},"2":{"start":{"line":7,"column":28},"end":{"line":7,"column":null}},"3":{"start":{"line":8,"column":26},"end":{"line":8,"column":null}},"4":{"start":{"line":9,"column":24},"end":{"line":9,"column":null}},"5":{"start":{"line":11,"column":21},"end":{"line":23,"column":null}},"6":{"start":{"line":12,"column":4},"end":{"line":22,"column":null}},"7":{"start":{"line":13,"column":6},"end":{"line":13,"column":null}},"8":{"start":{"line":14,"column":19},"end":{"line":14,"column":null}},"9":{"start":{"line":15,"column":6},"end":{"line":15,"column":null}},"10":{"start":{"line":16,"column":6},"end":{"line":16,"column":null}},"11":{"start":{"line":18,"column":6},"end":{"line":18,"column":null}},"12":{"start":{"line":19,"column":6},"end":{"line":19,"column":null}},"13":{"start":{"line":21,"column":6},"end":{"line":21,"column":null}},"14":{"start":{"line":25,"column":2},"end":{"line":31,"column":null}},"15":{"start":{"line":26,"column":28},"end":{"line":28,"column":null}},"16":{"start":{"line":27,"column":6},"end":{"line":27,"column":null}},"17":{"start":{"line":30,"column":4},"end":{"line":30,"column":null}},"18":{"start":{"line":30,"column":17},"end":{"line":30,"column":null}},"19":{"start":{"line":33,"column":28},"end":{"line":40,"column":null}},"20":{"start":{"line":34,"column":4},"end":{"line":39,"column":null}},"21":{"start":{"line":35,"column":26},"end":{"line":35,"column":null}},"22":{"start":{"line":36,"column":6},"end":{"line":36,"column":null}},"23":{"start":{"line":36,"column":30},"end":{"line":36,"column":64}},"24":{"start":{"line":38,"column":6},"end":{"line":38,"column":null}},"25":{"start":{"line":42,"column":23},"end":{"line":51,"column":null}},"26":{"start":{"line":43,"column":4},"end":{"line":50,"column":null}},"27":{"start":{"line":44,"column":6},"end":{"line":49,"column":null}},"28":{"start":{"line":45,"column":8},"end":{"line":45,"column":null}},"29":{"start":{"line":46,"column":8},"end":{"line":46,"column":null}},"30":{"start":{"line":46,"column":35},"end":{"line":46,"column":51}},"31":{"start":{"line":48,"column":8},"end":{"line":48,"column":null}},"32":{"start":{"line":53,"column":2},"end":{"line":162,"column":null}},"33":{"start":{"line":68,"column":31},"end":{"line":68,"column":null}},"34":{"start":{"line":100,"column":18},"end":{"line":155,"column":null}},"35":{"start":{"line":135,"column":39},"end":{"line":135,"column":null}},"36":{"start":{"line":147,"column":39},"end":{"line":147,"column":null}}},"fnMap":{"0":{"name":"(anonymous_0)","decl":{"start":{"line":5,"column":30},"end":{"line":5,"column":36}},"loc":{"start":{"line":5,"column":36},"end":{"line":164,"column":null}},"line":5},"1":{"name":"(anonymous_1)","decl":{"start":{"line":11,"column":21},"end":{"line":11,"column":28}},"loc":{"start":{"line":11,"column":48},"end":{"line":23,"column":null}},"line":11},"2":{"name":"(anonymous_2)","decl":{"start":{"line":25,"column":12},"end":{"line":25,"column":18}},"loc":{"start":{"line":25,"column":18},"end":{"line":31,"column":5}},"line":25},"3":{"name":"(anonymous_3)","decl":{"start":{"line":26,"column":39},"end":{"line":26,"column":45}},"loc":{"start":{"line":26,"column":45},"end":{"line":28,"column":7}},"line":26},"4":{"name":"(anonymous_4)","decl":{"start":{"line":30,"column":11},"end":{"line":30,"column":17}},"loc":{"start":{"line":30,"column":17},"end":{"line":30,"column":null}},"line":30},"5":{"name":"(anonymous_5)","decl":{"start":{"line":33,"column":28},"end":{"line":33,"column":35}},"loc":{"start":{"line":33,"column":64},"end":{"line":40,"column":null}},"line":33},"6":{"name":"(anonymous_6)","decl":{"start":{"line":36,"column":25},"end":{"line":36,"column":30}},"loc":{"start":{"line":36,"column":30},"end":{"line":36,"column":64}},"line":36},"7":{"name":"(anonymous_7)","decl":{"start":{"line":42,"column":23},"end":{"line":42,"column":30}},"loc":{"start":{"line":42,"column":41},"end":{"line":51,"column":null}},"line":42},"8":{"name":"(anonymous_8)","decl":{"start":{"line":46,"column":30},"end":{"line":46,"column":35}},"loc":{"start":{"line":46,"column":35},"end":{"line":46,"column":51}},"line":46},"9":{"name":"(anonymous_9)","decl":{"start":{"line":68,"column":24},"end":{"line":68,"column":25}},"loc":{"start":{"line":68,"column":31},"end":{"line":68,"column":null}},"line":68},"10":{"name":"(anonymous_10)","decl":{"start":{"line":99,"column":26},"end":{"line":99,"column":27}},"loc":{"start":{"line":100,"column":18},"end":{"line":155,"column":null}},"line":100},"11":{"name":"(anonymous_11)","decl":{"start":{"line":135,"column":33},"end":{"line":135,"column":39}},"loc":{"start":{"line":135,"column":39},"end":{"line":135,"column":null}},"line":135},"12":{"name":"(anonymous_12)","decl":{"start":{"line":147,"column":33},"end":{"line":147,"column":39}},"loc":{"start":{"line":147,"column":39},"end":{"line":147,"column":null}},"line":147}},"branchMap":{"0":{"loc":{"start":{"line":11,"column":28},"end":{"line":11,"column":48}},"type":"default-arg","locations":[{"start":{"line":11,"column":41},"end":{"line":11,"column":48}}],"line":11},"1":{"loc":{"start":{"line":36,"column":30},"end":{"line":36,"column":64}},"type":"cond-expr","locations":[{"start":{"line":36,"column":49},"end":{"line":36,"column":63}},{"start":{"line":36,"column":63},"end":{"line":36,"column":64}}],"line":36},"2":{"loc":{"start":{"line":43,"column":4},"end":{"line":50,"column":null}},"type":"if","locations":[{"start":{"line":43,"column":4},"end":{"line":50,"column":null}},{"start":{},"end":{}}],"line":43},"3":{"loc":{"start":{"line":85,"column":15},"end":{"line":156,"column":null}},"type":"cond-expr","locations":[{"start":{"line":86,"column":16},"end":{"line":91,"column":null}},{"start":{"line":92,"column":18},"end":{"line":156,"column":null}}],"line":85},"4":{"loc":{"start":{"line":85,"column":15},"end":{"line":85,"column":null}},"type":"binary-expr","locations":[{"start":{"line":85,"column":15},"end":{"line":85,"column":26}},{"start":{"line":85,"column":26},"end":{"line":85,"column":null}}],"line":85},"5":{"loc":{"start":{"line":92,"column":18},"end":{"line":156,"column":null}},"type":"cond-expr","locations":[{"start":{"line":93,"column":16},"end":{"line":97,"column":null}},{"start":{"line":99,"column":16},"end":{"line":156,"column":null}}],"line":92},"6":{"loc":{"start":{"line":104,"column":27},"end":{"line":107,"column":null}},"type":"cond-expr","locations":[{"start":{"line":105,"column":28},"end":{"line":105,"column":null}},{"start":{"line":107,"column":28},"end":{"line":107,"column":null}}],"line":104},"7":{"loc":{"start":{"line":121,"column":24},"end":{"line":121,"column":null}},"type":"cond-expr","locations":[{"start":{"line":121,"column":48},"end":{"line":121,"column":82}},{"start":{"line":121,"column":82},"end":{"line":121,"column":null}}],"line":121},"8":{"loc":{"start":{"line":123,"column":25},"end":{"line":123,"column":null}},"type":"binary-expr","locations":[{"start":{"line":123,"column":25},"end":{"line":123,"column":38}},{"start":{"line":123,"column":38},"end":{"line":123,"column":null}}],"line":123},"9":{"loc":{"start":{"line":128,"column":24},"end":{"line":128,"column":null}},"type":"cond-expr","locations":[{"start":{"line":128,"column":41},"end":{"line":128,"column":69}},{"start":{"line":128,"column":69},"end":{"line":128,"column":null}}],"line":128},"10":{"loc":{"start":{"line":130,"column":25},"end":{"line":130,"column":null}},"type":"cond-expr","locations":[{"start":{"line":130,"column":42},"end":{"line":130,"column":54}},{"start":{"line":130,"column":54},"end":{"line":130,"column":null}}],"line":130},"11":{"loc":{"start":{"line":137,"column":26},"end":{"line":139,"column":null}},"type":"cond-expr","locations":[{"start":{"line":138,"column":30},"end":{"line":138,"column":null}},{"start":{"line":139,"column":30},"end":{"line":139,"column":null}}],"line":137},"12":{"loc":{"start":{"line":141,"column":31},"end":{"line":141,"column":null}},"type":"cond-expr","locations":[{"start":{"line":141,"column":48},"end":{"line":141,"column":65}},{"start":{"line":141,"column":65},"end":{"line":141,"column":null}}],"line":141},"13":{"loc":{"start":{"line":142,"column":36},"end":{"line":142,"column":null}},"type":"cond-expr","locations":[{"start":{"line":142,"column":53},"end":{"line":142,"column":70}},{"start":{"line":142,"column":70},"end":{"line":142,"column":null}}],"line":142},"14":{"loc":{"start":{"line":144,"column":25},"end":{"line":144,"column":null}},"type":"cond-expr","locations":[{"start":{"line":144,"column":42},"end":{"line":144,"column":75}},{"start":{"line":144,"column":75},"end":{"line":144,"column":null}}],"line":144}},"s":{"0":1,"1":16,"2":16,"3":16,"4":16,"5":16,"6":7,"7":7,"8":7,"9":6,"10":6,"11":1,"12":1,"13":7,"14":16,"15":8,"16":7,"17":8,"18":8,"19":16,"20":2,"21":2,"22":1,"23":2,"24":1,"25":16,"26":2,"27":2,"28":2,"29":1,"30":2,"31":1,"32":16,"33":1,"34":13,"35":2,"36":2},"f":{"0":16,"1":7,"2":8,"3":7,"4":8,"5":2,"6":2,"7":2,"8":2,"9":1,"10":13,"11":2,"12":2},"b":{"0":[7],"1":[1,1],"2":[2,0],"3":[8,8],"4":[16,8],"5":[1,7],"6":[0,13],"7":[0,13],"8":[13,13],"9":[7,6],"10":[7,6],"11":[7,6],"12":[7,6],"13":[7,6],"14":[7,6]},"meta":{"lastBranch":15,"lastFunction":13,"lastStatement":37,"seen":{"s:5:30:164:Infinity":0,"f:5:30:5:36":0,"s:6:24:6:Infinity":1,"s:7:28:7:Infinity":2,"s:8:26:8:Infinity":3,"s:9:24:9:Infinity":4,"s:11:21:23:Infinity":5,"f:11:21:11:28":1,"b:11:41:11:48":0,"s:12:4:22:Infinity":6,"s:13:6:13:Infinity":7,"s:14:19:14:Infinity":8,"s:15:6:15:Infinity":9,"s:16:6:16:Infinity":10,"s:18:6:18:Infinity":11,"s:19:6:19:Infinity":12,"s:21:6:21:Infinity":13,"s:25:2:31:Infinity":14,"f:25:12:25:18":2,"s:26:28:28:Infinity":15,"f:26:39:26:45":3,"s:27:6:27:Infinity":16,"s:30:4:30:Infinity":17,"f:30:11:30:17":4,"s:30:17:30:Infinity":18,"s:33:28:40:Infinity":19,"f:33:28:33:35":5,"s:34:4:39:Infinity":20,"s:35:26:35:Infinity":21,"s:36:6:36:Infinity":22,"f:36:25:36:30":6,"s:36:30:36:64":23,"b:36:49:36:63:36:63:36:64":1,"s:38:6:38:Infinity":24,"s:42:23:51:Infinity":25,"f:42:23:42:30":7,"b:43:4:50:Infinity:undefined:undefined:undefined:undefined":2,"s:43:4:50:Infinity":26,"s:44:6:49:Infinity":27,"s:45:8:45:Infinity":28,"s:46:8:46:Infinity":29,"f:46:30:46:35":8,"s:46:35:46:51":30,"s:48:8:48:Infinity":31,"s:53:2:162:Infinity":32,"f:68:24:68:25":9,"s:68:31:68:Infinity":33,"b:86:16:91:Infinity:92:18:156:Infinity":3,"b:85:15:85:26:85:26:85:Infinity":4,"b:93:16:97:Infinity:99:16:156:Infinity":5,"f:99:26:99:27":10,"s:100:18:155:Infinity":34,"b:105:28:105:Infinity:107:28:107:Infinity":6,"b:121:48:121:82:121:82:121:Infinity":7,"b:123:25:123:38:123:38:123:Infinity":8,"b:128:41:128:69:128:69:128:Infinity":9,"b:130:42:130:54:130:54:130:Infinity":10,"f:135:33:135:39":11,"s:135:39:135:Infinity":35,"b:138:30:138:Infinity:139:30:139:Infinity":11,"b:141:48:141:65:141:65:141:Infinity":12,"b:142:53:142:70:142:70:142:Infinity":13,"b:144:42:144:75:144:75:144:Infinity":14,"f:147:33:147:39":12,"s:147:39:147:Infinity":36}}}
}
