{"C:\\Users\\PREMJITH P P\\OneDrive\\Desktop\\UmamiCircle\\umami-admin\\src\\context\\AdminContext.jsx": {"path":"C:\\Users\\PREMJITH P P\\OneDrive\\Desktop\\UmamiCircle\\umami-admin\\src\\context\\AdminContext.jsx","statementMap":{"0":{"start":{"line":3,"column":6},"end":{"line":3,"column":null}},"1":{"start":{"line":5,"column":29},"end":{"line":46,"column":null}},"2":{"start":{"line":6,"column":24},"end":{"line":6,"column":null}},"3":{"start":{"line":7,"column":24},"end":{"line":7,"column":null}},"4":{"start":{"line":8,"column":28},"end":{"line":8,"column":null}},"5":{"start":{"line":10,"column":2},"end":{"line":25,"column":null}},"6":{"start":{"line":11,"column":4},"end":{"line":23,"column":null}},"7":{"start":{"line":14,"column":6},"end":{"line":22,"column":null}},"8":{"start":{"line":15,"column":27},"end":{"line":15,"column":null}},"9":{"start":{"line":16,"column":8},"end":{"line":18,"column":null}},"10":{"start":{"line":17,"column":10},"end":{"line":17,"column":null}},"11":{"start":{"line":20,"column":8},"end":{"line":20,"column":null}},"12":{"start":{"line":21,"column":8},"end":{"line":21,"column":null}},"13":{"start":{"line":24,"column":4},"end":{"line":24,"column":null}},"14":{"start":{"line":27,"column":16},"end":{"line":32,"column":null}},"15":{"start":{"line":28,"column":4},"end":{"line":28,"column":null}},"16":{"start":{"line":29,"column":4},"end":{"line":29,"column":null}},"17":{"start":{"line":30,"column":4},"end":{"line":30,"column":null}},"18":{"start":{"line":31,"column":4},"end":{"line":31,"column":null}},"19":{"start":{"line":34,"column":17},"end":{"line":39,"column":null}},"20":{"start":{"line":35,"column":4},"end":{"line":35,"column":null}},"21":{"start":{"line":36,"column":4},"end":{"line":36,"column":null}},"22":{"start":{"line":37,"column":4},"end":{"line":37,"column":null}},"23":{"start":{"line":38,"column":4},"end":{"line":38,"column":null}},"24":{"start":{"line":41,"column":2},"end":{"line":44,"column":null}},"25":{"start":{"line":48,"column":24},"end":{"line":48,"column":null}}},"fnMap":{"0":{"name":"(anonymous_0)","decl":{"start":{"line":5,"column":29},"end":{"line":5,"column":30}},"loc":{"start":{"line":5,"column":47},"end":{"line":46,"column":null}},"line":5},"1":{"name":"(anonymous_1)","decl":{"start":{"line":10,"column":12},"end":{"line":10,"column":18}},"loc":{"start":{"line":10,"column":18},"end":{"line":25,"column":5}},"line":10},"2":{"name":"(anonymous_2)","decl":{"start":{"line":27,"column":16},"end":{"line":27,"column":17}},"loc":{"start":{"line":27,"column":41},"end":{"line":32,"column":null}},"line":27},"3":{"name":"(anonymous_3)","decl":{"start":{"line":34,"column":17},"end":{"line":34,"column":23}},"loc":{"start":{"line":34,"column":23},"end":{"line":39,"column":null}},"line":34},"4":{"name":"(anonymous_4)","decl":{"start":{"line":48,"column":24},"end":{"line":48,"column":30}},"loc":{"start":{"line":48,"column":24},"end":{"line":48,"column":null}},"line":48}},"branchMap":{"0":{"loc":{"start":{"line":11,"column":4},"end":{"line":23,"column":null}},"type":"if","locations":[{"start":{"line":11,"column":4},"end":{"line":23,"column":null}},{"start":{},"end":{}}],"line":11},"1":{"loc":{"start":{"line":16,"column":8},"end":{"line":18,"column":null}},"type":"if","locations":[{"start":{"line":16,"column":8},"end":{"line":18,"column":null}},{"start":{},"end":{}}],"line":16}},"s":{"0":1,"1":1,"2":4,"3":4,"4":4,"5":4,"6":2,"7":0,"8":0,"9":0,"10":0,"11":0,"12":0,"13":2,"14":4,"15":0,"16":0,"17":0,"18":0,"19":4,"20":0,"21":0,"22":0,"23":0,"24":4,"25":0},"f":{"0":4,"1":2,"2":0,"3":0,"4":0},"b":{"0":[0,2],"1":[0,0]},"meta":{"lastBranch":2,"lastFunction":5,"lastStatement":26,"seen":{"s:3:6:3:Infinity":0,"s:5:29:46:Infinity":1,"f:5:29:5:30":0,"s:6:24:6:Infinity":2,"s:7:24:7:Infinity":3,"s:8:28:8:Infinity":4,"s:10:2:25:Infinity":5,"f:10:12:10:18":1,"b:11:4:23:Infinity:undefined:undefined:undefined:undefined":0,"s:11:4:23:Infinity":6,"s:14:6:22:Infinity":7,"s:15:27:15:Infinity":8,"b:16:8:18:Infinity:undefined:undefined:undefined:undefined":1,"s:16:8:18:Infinity":9,"s:17:10:17:Infinity":10,"s:20:8:20:Infinity":11,"s:21:8:21:Infinity":12,"s:24:4:24:Infinity":13,"s:27:16:32:Infinity":14,"f:27:16:27:17":2,"s:28:4:28:Infinity":15,"s:29:4:29:Infinity":16,"s:30:4:30:Infinity":17,"s:31:4:31:Infinity":18,"s:34:17:39:Infinity":19,"f:34:17:34:23":3,"s:35:4:35:Infinity":20,"s:36:4:36:Infinity":21,"s:37:4:37:Infinity":22,"s:38:4:38:Infinity":23,"s:41:2:44:Infinity":24,"s:48:24:48:Infinity":25,"f:48:24:48:30":4}}}
,"C:\\Users\\PREMJITH P P\\OneDrive\\Desktop\\UmamiCircle\\umami-admin\\src\\pages\\ActivityLogs.jsx": {"path":"C:\\Users\\PREMJITH P P\\OneDrive\\Desktop\\UmamiCircle\\umami-admin\\src\\pages\\ActivityLogs.jsx","statementMap":{"0":{"start":{"line":9,"column":28},"end":{"line":149,"column":null}},"1":{"start":{"line":10,"column":22},"end":{"line":10,"column":null}},"2":{"start":{"line":11,"column":28},"end":{"line":11,"column":null}},"3":{"start":{"line":12,"column":26},"end":{"line":12,"column":null}},"4":{"start":{"line":13,"column":34},"end":{"line":13,"column":null}},"5":{"start":{"line":14,"column":24},"end":{"line":14,"column":null}},"6":{"start":{"line":16,"column":20},"end":{"line":28,"column":null}},"7":{"start":{"line":17,"column":4},"end":{"line":27,"column":null}},"8":{"start":{"line":18,"column":6},"end":{"line":18,"column":null}},"9":{"start":{"line":19,"column":19},"end":{"line":19,"column":null}},"10":{"start":{"line":20,"column":6},"end":{"line":20,"column":null}},"11":{"start":{"line":21,"column":6},"end":{"line":21,"column":null}},"12":{"start":{"line":23,"column":6},"end":{"line":23,"column":null}},"13":{"start":{"line":24,"column":6},"end":{"line":24,"column":null}},"14":{"start":{"line":26,"column":6},"end":{"line":26,"column":null}},"15":{"start":{"line":30,"column":2},"end":{"line":32,"column":null}},"16":{"start":{"line":31,"column":4},"end":{"line":31,"column":null}},"17":{"start":{"line":34,"column":25},"end":{"line":39,"column":null}},"18":{"start":{"line":35,"column":4},"end":{"line":35,"column":null}},"19":{"start":{"line":35,"column":39},"end":{"line":35,"column":null}},"20":{"start":{"line":36,"column":4},"end":{"line":36,"column":null}},"21":{"start":{"line":36,"column":38},"end":{"line":36,"column":null}},"22":{"start":{"line":37,"column":4},"end":{"line":37,"column":null}},"23":{"start":{"line":37,"column":40},"end":{"line":37,"column":null}},"24":{"start":{"line":38,"column":4},"end":{"line":38,"column":null}},"25":{"start":{"line":41,"column":2},"end":{"line":147,"column":null}},"26":{"start":{"line":58,"column":31},"end":{"line":58,"column":null}},"27":{"start":{"line":78,"column":31},"end":{"line":78,"column":null}},"28":{"start":{"line":116,"column":18},"end":{"line":140,"column":null}}},"fnMap":{"0":{"name":"(anonymous_0)","decl":{"start":{"line":9,"column":28},"end":{"line":9,"column":34}},"loc":{"start":{"line":9,"column":34},"end":{"line":149,"column":null}},"line":9},"1":{"name":"(anonymous_1)","decl":{"start":{"line":16,"column":20},"end":{"line":16,"column":32}},"loc":{"start":{"line":16,"column":32},"end":{"line":28,"column":null}},"line":16},"2":{"name":"(anonymous_2)","decl":{"start":{"line":30,"column":12},"end":{"line":30,"column":18}},"loc":{"start":{"line":30,"column":18},"end":{"line":32,"column":5}},"line":30},"3":{"name":"(anonymous_3)","decl":{"start":{"line":34,"column":25},"end":{"line":34,"column":26}},"loc":{"start":{"line":34,"column":41},"end":{"line":39,"column":null}},"line":34},"4":{"name":"(anonymous_4)","decl":{"start":{"line":58,"column":24},"end":{"line":58,"column":25}},"loc":{"start":{"line":58,"column":31},"end":{"line":58,"column":null}},"line":58},"5":{"name":"(anonymous_5)","decl":{"start":{"line":78,"column":24},"end":{"line":78,"column":25}},"loc":{"start":{"line":78,"column":31},"end":{"line":78,"column":null}},"line":78},"6":{"name":"(anonymous_6)","decl":{"start":{"line":115,"column":25},"end":{"line":115,"column":26}},"loc":{"start":{"line":116,"column":18},"end":{"line":140,"column":null}},"line":116}},"branchMap":{"0":{"loc":{"start":{"line":35,"column":4},"end":{"line":35,"column":null}},"type":"if","locations":[{"start":{"line":35,"column":4},"end":{"line":35,"column":null}},{"start":{},"end":{}}],"line":35},"1":{"loc":{"start":{"line":36,"column":4},"end":{"line":36,"column":null}},"type":"if","locations":[{"start":{"line":36,"column":4},"end":{"line":36,"column":null}},{"start":{},"end":{}}],"line":36},"2":{"loc":{"start":{"line":37,"column":4},"end":{"line":37,"column":null}},"type":"if","locations":[{"start":{"line":37,"column":4},"end":{"line":37,"column":null}},{"start":{},"end":{}}],"line":37},"3":{"loc":{"start":{"line":101,"column":15},"end":{"line":141,"column":null}},"type":"cond-expr","locations":[{"start":{"line":102,"column":16},"end":{"line":107,"column":null}},{"start":{"line":108,"column":18},"end":{"line":141,"column":null}}],"line":101},"4":{"loc":{"start":{"line":101,"column":15},"end":{"line":101,"column":null}},"type":"binary-expr","locations":[{"start":{"line":101,"column":15},"end":{"line":101,"column":26}},{"start":{"line":101,"column":26},"end":{"line":101,"column":null}}],"line":101},"5":{"loc":{"start":{"line":108,"column":18},"end":{"line":141,"column":null}},"type":"cond-expr","locations":[{"start":{"line":109,"column":16},"end":{"line":113,"column":null}},{"start":{"line":115,"column":16},"end":{"line":141,"column":null}}],"line":108},"6":{"loc":{"start":{"line":119,"column":67},"end":{"line":119,"column":100}},"type":"binary-expr","locations":[{"start":{"line":119,"column":67},"end":{"line":119,"column":90}},{"start":{"line":119,"column":90},"end":{"line":119,"column":100}}],"line":119},"7":{"loc":{"start":{"line":135,"column":23},"end":{"line":135,"column":null}},"type":"cond-expr","locations":[{"start":{"line":135,"column":37},"end":{"line":135,"column":67}},{"start":{"line":135,"column":67},"end":{"line":135,"column":null}}],"line":135}},"s":{"0":1,"1":6,"2":6,"3":6,"4":6,"5":6,"6":6,"7":3,"8":3,"9":3,"10":3,"11":3,"12":0,"13":0,"14":3,"15":6,"16":3,"17":6,"18":4,"19":2,"20":2,"21":2,"22":0,"23":0,"24":0,"25":6,"26":1,"27":0,"28":4},"f":{"0":6,"1":3,"2":3,"3":4,"4":1,"5":0,"6":4},"b":{"0":[2,2],"1":[2,0],"2":[0,0],"3":[4,2],"4":[6,4],"5":[0,2],"6":[4,0],"7":[0,4]},"meta":{"lastBranch":8,"lastFunction":7,"lastStatement":29,"seen":{"s:9:28:149:Infinity":0,"f:9:28:9:34":0,"s:10:22:10:Infinity":1,"s:11:28:11:Infinity":2,"s:12:26:12:Infinity":3,"s:13:34:13:Infinity":4,"s:14:24:14:Infinity":5,"s:16:20:28:Infinity":6,"f:16:20:16:32":1,"s:17:4:27:Infinity":7,"s:18:6:18:Infinity":8,"s:19:19:19:Infinity":9,"s:20:6:20:Infinity":10,"s:21:6:21:Infinity":11,"s:23:6:23:Infinity":12,"s:24:6:24:Infinity":13,"s:26:6:26:Infinity":14,"s:30:2:32:Infinity":15,"f:30:12:30:18":2,"s:31:4:31:Infinity":16,"s:34:25:39:Infinity":17,"f:34:25:34:26":3,"b:35:4:35:Infinity:undefined:undefined:undefined:undefined":0,"s:35:4:35:Infinity":18,"s:35:39:35:Infinity":19,"b:36:4:36:Infinity:undefined:undefined:undefined:undefined":1,"s:36:4:36:Infinity":20,"s:36:38:36:Infinity":21,"b:37:4:37:Infinity:undefined:undefined:undefined:undefined":2,"s:37:4:37:Infinity":22,"s:37:40:37:Infinity":23,"s:38:4:38:Infinity":24,"s:41:2:147:Infinity":25,"f:58:24:58:25":4,"s:58:31:58:Infinity":26,"f:78:24:78:25":5,"s:78:31:78:Infinity":27,"b:102:16:107:Infinity:108:18:141:Infinity":3,"b:101:15:101:26:101:26:101:Infinity":4,"b:109:16:113:Infinity:115:16:141:Infinity":5,"f:115:25:115:26":6,"s:116:18:140:Infinity":28,"b:119:67:119:90:119:90:119:100":6,"b:135:37:135:67:135:67:135:Infinity":7}}}
}
