{"C:\\Users\\PREMJITH P P\\OneDrive\\Desktop\\UmamiCircle\\src\\app.js": {"path":"C:\\Users\\PREMJITH P P\\OneDrive\\Desktop\\UmamiCircle\\src\\app.js","statementMap":{"0":{"start":{"line":1,"column":16},"end":{"line":1,"column":34}},"1":{"start":{"line":2,"column":13},"end":{"line":2,"column":28}},"2":{"start":{"line":3,"column":15},"end":{"line":3,"column":32}},"3":{"start":{"line":4,"column":0},"end":{"line":4,"column":27}},"4":{"start":{"line":6,"column":12},"end":{"line":6,"column":21}},"5":{"start":{"line":8,"column":0},"end":{"line":8,"column":16}},"6":{"start":{"line":9,"column":0},"end":{"line":9,"column":18}},"7":{"start":{"line":10,"column":0},"end":{"line":10,"column":24}},"8":{"start":{"line":12,"column":19},"end":{"line":12,"column":49}},"9":{"start":{"line":13,"column":19},"end":{"line":13,"column":49}},"10":{"start":{"line":14,"column":21},"end":{"line":14,"column":53}},"11":{"start":{"line":15,"column":21},"end":{"line":15,"column":53}},"12":{"start":{"line":16,"column":22},"end":{"line":16,"column":55}},"13":{"start":{"line":17,"column":27},"end":{"line":17,"column":65}},"14":{"start":{"line":18,"column":24},"end":{"line":18,"column":59}},"15":{"start":{"line":19,"column":20},"end":{"line":19,"column":51}},"16":{"start":{"line":21,"column":0},"end":{"line":21,"column":34}},"17":{"start":{"line":22,"column":0},"end":{"line":22,"column":34}},"18":{"start":{"line":23,"column":0},"end":{"line":23,"column":38}},"19":{"start":{"line":24,"column":0},"end":{"line":24,"column":37}},"20":{"start":{"line":25,"column":0},"end":{"line":25,"column":40}},"21":{"start":{"line":26,"column":0},"end":{"line":26,"column":50}},"22":{"start":{"line":27,"column":0},"end":{"line":27,"column":58}},"23":{"start":{"line":28,"column":0},"end":{"line":28,"column":35}},"24":{"start":{"line":30,"column":0},"end":{"line":32,"column":3}},"25":{"start":{"line":31,"column":2},"end":{"line":31,"column":41}},"26":{"start":{"line":35,"column":0},"end":{"line":38,"column":3}},"27":{"start":{"line":36,"column":2},"end":{"line":36,"column":27}},"28":{"start":{"line":37,"column":2},"end":{"line":37,"column":59}},"29":{"start":{"line":40,"column":0},"end":{"line":40,"column":21}}},"fnMap":{"0":{"name":"(anonymous_0)","decl":{"start":{"line":30,"column":19},"end":{"line":30,"column":20}},"loc":{"start":{"line":30,"column":33},"end":{"line":32,"column":1}},"line":30},"1":{"name":"(anonymous_1)","decl":{"start":{"line":35,"column":8},"end":{"line":35,"column":9}},"loc":{"start":{"line":35,"column":33},"end":{"line":38,"column":1}},"line":35}},"branchMap":{},"s":{"0":1,"1":1,"2":1,"3":1,"4":1,"5":1,"6":1,"7":1,"8":1,"9":1,"10":1,"11":1,"12":1,"13":1,"14":1,"15":1,"16":1,"17":1,"18":1,"19":1,"20":1,"21":1,"22":1,"23":1,"24":1,"25":0,"26":1,"27":0,"28":0,"29":1},"f":{"0":0,"1":0},"b":{},"_coverageSchema":"1a1c01bbd47fc00a2c39e90264f33305004495a9","hash":"ee0050fdcfdb43876bbf87e58e254b646260f09d"}
,"C:\\Users\\PREMJITH P P\\OneDrive\\Desktop\\UmamiCircle\\src\\middleware\\adminAuth.js": {"path":"C:\\Users\\PREMJITH P P\\OneDrive\\Desktop\\UmamiCircle\\src\\middleware\\adminAuth.js","statementMap":{"0":{"start":{"line":1,"column":12},"end":{"line":1,"column":35}},"1":{"start":{"line":2,"column":14},"end":{"line":2,"column":40}},"2":{"start":{"line":4,"column":18},"end":{"line":24,"column":1}},"3":{"start":{"line":5,"column":2},"end":{"line":23,"column":3}},"4":{"start":{"line":6,"column":18},"end":{"line":6,"column":69}},"5":{"start":{"line":7,"column":4},"end":{"line":9,"column":5}},"6":{"start":{"line":8,"column":6},"end":{"line":8,"column":24}},"7":{"start":{"line":11,"column":20},"end":{"line":11,"column":92}},"8":{"start":{"line":12,"column":18},"end":{"line":12,"column":59}},"9":{"start":{"line":14,"column":4},"end":{"line":16,"column":5}},"10":{"start":{"line":15,"column":6},"end":{"line":15,"column":24}},"11":{"start":{"line":18,"column":4},"end":{"line":18,"column":22}},"12":{"start":{"line":19,"column":4},"end":{"line":19,"column":22}},"13":{"start":{"line":20,"column":4},"end":{"line":20,"column":11}},"14":{"start":{"line":22,"column":4},"end":{"line":22,"column":68}},"15":{"start":{"line":26,"column":23},"end":{"line":35,"column":1}},"16":{"start":{"line":27,"column":2},"end":{"line":34,"column":4}},"17":{"start":{"line":28,"column":4},"end":{"line":32,"column":5}},"18":{"start":{"line":29,"column":6},"end":{"line":31,"column":9}},"19":{"start":{"line":33,"column":4},"end":{"line":33,"column":11}},"20":{"start":{"line":37,"column":0},"end":{"line":37,"column":47}}},"fnMap":{"0":{"name":"(anonymous_0)","decl":{"start":{"line":4,"column":18},"end":{"line":4,"column":19}},"loc":{"start":{"line":4,"column":44},"end":{"line":24,"column":1}},"line":4},"1":{"name":"(anonymous_1)","decl":{"start":{"line":26,"column":23},"end":{"line":26,"column":24}},"loc":{"start":{"line":26,"column":37},"end":{"line":35,"column":1}},"line":26},"2":{"name":"(anonymous_2)","decl":{"start":{"line":27,"column":9},"end":{"line":27,"column":10}},"loc":{"start":{"line":27,"column":29},"end":{"line":34,"column":3}},"line":27}},"branchMap":{"0":{"loc":{"start":{"line":7,"column":4},"end":{"line":9,"column":5}},"type":"if","locations":[{"start":{"line":7,"column":4},"end":{"line":9,"column":5}},{"start":{},"end":{}}],"line":7},"1":{"loc":{"start":{"line":11,"column":38},"end":{"line":11,"column":91}},"type":"binary-expr","locations":[{"start":{"line":11,"column":38},"end":{"line":11,"column":66}},{"start":{"line":11,"column":70},"end":{"line":11,"column":91}}],"line":11},"2":{"loc":{"start":{"line":14,"column":4},"end":{"line":16,"column":5}},"type":"if","locations":[{"start":{"line":14,"column":4},"end":{"line":16,"column":5}},{"start":{},"end":{}}],"line":14},"3":{"loc":{"start":{"line":28,"column":4},"end":{"line":32,"column":5}},"type":"if","locations":[{"start":{"line":28,"column":4},"end":{"line":32,"column":5}},{"start":{},"end":{}}],"line":28}},"s":{"0":1,"1":1,"2":1,"3":3,"4":3,"5":3,"6":1,"7":2,"8":2,"9":2,"10":0,"11":2,"12":2,"13":2,"14":1,"15":1,"16":1,"17":1,"18":1,"19":0,"20":1},"f":{"0":3,"1":1,"2":1},"b":{"0":[1,2],"1":[2,2],"2":[0,2],"3":[1,0]},"_coverageSchema":"1a1c01bbd47fc00a2c39e90264f33305004495a9","hash":"57c1c3a1e4cea1530a1797faf822495b9abb2c49"}
,"C:\\Users\\PREMJITH P P\\OneDrive\\Desktop\\UmamiCircle\\src\\middleware\\auth.js": {"path":"C:\\Users\\PREMJITH P P\\OneDrive\\Desktop\\UmamiCircle\\src\\middleware\\auth.js","statementMap":{"0":{"start":{"line":1,"column":23},"end":{"line":15,"column":1}},"1":{"start":{"line":2,"column":16},"end":{"line":2,"column":41}},"2":{"start":{"line":3,"column":2},"end":{"line":5,"column":3}},"3":{"start":{"line":4,"column":4},"end":{"line":4,"column":59}},"4":{"start":{"line":8,"column":14},"end":{"line":8,"column":51}},"5":{"start":{"line":10,"column":2},"end":{"line":13,"column":4}},"6":{"start":{"line":14,"column":2},"end":{"line":14,"column":9}},"7":{"start":{"line":17,"column":18},"end":{"line":22,"column":1}},"8":{"start":{"line":18,"column":2},"end":{"line":20,"column":3}},"9":{"start":{"line":19,"column":4},"end":{"line":19,"column":25}},"10":{"start":{"line":21,"column":2},"end":{"line":21,"column":9}},"11":{"start":{"line":24,"column":0},"end":{"line":24,"column":47}}},"fnMap":{"0":{"name":"(anonymous_0)","decl":{"start":{"line":1,"column":23},"end":{"line":1,"column":24}},"loc":{"start":{"line":1,"column":43},"end":{"line":15,"column":1}},"line":1},"1":{"name":"(anonymous_1)","decl":{"start":{"line":17,"column":18},"end":{"line":17,"column":19}},"loc":{"start":{"line":17,"column":38},"end":{"line":22,"column":1}},"line":17}},"branchMap":{"0":{"loc":{"start":{"line":3,"column":2},"end":{"line":5,"column":3}},"type":"if","locations":[{"start":{"line":3,"column":2},"end":{"line":5,"column":3}},{"start":{},"end":{}}],"line":3},"1":{"loc":{"start":{"line":8,"column":14},"end":{"line":8,"column":51}},"type":"binary-expr","locations":[{"start":{"line":8,"column":14},"end":{"line":8,"column":33}},{"start":{"line":8,"column":37},"end":{"line":8,"column":51}}],"line":8},"2":{"loc":{"start":{"line":18,"column":2},"end":{"line":20,"column":3}},"type":"if","locations":[{"start":{"line":18,"column":2},"end":{"line":20,"column":3}},{"start":{},"end":{}}],"line":18},"3":{"loc":{"start":{"line":18,"column":6},"end":{"line":18,"column":31}},"type":"binary-expr","locations":[{"start":{"line":18,"column":6},"end":{"line":18,"column":14}},{"start":{"line":18,"column":18},"end":{"line":18,"column":31}}],"line":18}},"s":{"0":1,"1":0,"2":0,"3":0,"4":0,"5":0,"6":0,"7":1,"8":0,"9":0,"10":0,"11":1},"f":{"0":0,"1":0},"b":{"0":[0,0],"1":[0,0],"2":[0,0],"3":[0,0]},"_coverageSchema":"1a1c01bbd47fc00a2c39e90264f33305004495a9","hash":"68b91c1026f8b95696ec7127542bb239443db702"}
,"C:\\Users\\PREMJITH P P\\OneDrive\\Desktop\\UmamiCircle\\src\\middleware\\textModerationMiddleware.js": {"path":"C:\\Users\\PREMJITH P P\\OneDrive\\Desktop\\UmamiCircle\\src\\middleware\\textModerationMiddleware.js","statementMap":{"0":{"start":{"line":6,"column":4},"end":{"line":6,"column":24}},"1":{"start":{"line":7,"column":34},"end":{"line":7,"column":74}},"2":{"start":{"line":9,"column":16},"end":{"line":11,"column":2}},"3":{"start":{"line":12,"column":15},"end":{"line":12,"column":31}},"4":{"start":{"line":13,"column":17},"end":{"line":13,"column":60}},"5":{"start":{"line":18,"column":21},"end":{"line":49,"column":1}},"6":{"start":{"line":19,"column":24},"end":{"line":19,"column":82}},"7":{"start":{"line":21,"column":1},"end":{"line":23,"column":2}},"8":{"start":{"line":22,"column":2},"end":{"line":22,"column":16}},"9":{"start":{"line":25,"column":1},"end":{"line":48,"column":2}},"10":{"start":{"line":27,"column":18},"end":{"line":27,"column":55}},"11":{"start":{"line":28,"column":2},"end":{"line":36,"column":5}},"12":{"start":{"line":29,"column":20},"end":{"line":29,"column":75}},"13":{"start":{"line":30,"column":3},"end":{"line":30,"column":31}},"14":{"start":{"line":35,"column":6},"end":{"line":35,"column":40}},"15":{"start":{"line":39,"column":20},"end":{"line":39,"column":63}},"16":{"start":{"line":40,"column":2},"end":{"line":42,"column":3}},"17":{"start":{"line":41,"column":3},"end":{"line":41,"column":74}},"18":{"start":{"line":44,"column":2},"end":{"line":44,"column":9}},"19":{"start":{"line":46,"column":2},"end":{"line":46,"column":49}},"20":{"start":{"line":47,"column":2},"end":{"line":47,"column":71}},"21":{"start":{"line":51,"column":0},"end":{"line":51,"column":34}}},"fnMap":{"0":{"name":"(anonymous_0)","decl":{"start":{"line":18,"column":21},"end":{"line":18,"column":22}},"loc":{"start":{"line":18,"column":47},"end":{"line":49,"column":1}},"line":18}},"branchMap":{"0":{"loc":{"start":{"line":19,"column":24},"end":{"line":19,"column":82}},"type":"binary-expr","locations":[{"start":{"line":19,"column":24},"end":{"line":19,"column":40}},{"start":{"line":19,"column":44},"end":{"line":19,"column":64}},{"start":{"line":19,"column":68},"end":{"line":19,"column":82}}],"line":19},"1":{"loc":{"start":{"line":21,"column":1},"end":{"line":23,"column":2}},"type":"if","locations":[{"start":{"line":21,"column":1},"end":{"line":23,"column":2}},{"start":{},"end":{}}],"line":21},"2":{"loc":{"start":{"line":28,"column":2},"end":{"line":36,"column":5}},"type":"if","locations":[{"start":{"line":28,"column":2},"end":{"line":36,"column":5}},{"start":{"line":34,"column":9},"end":{"line":36,"column":5}}],"line":28},"3":{"loc":{"start":{"line":40,"column":2},"end":{"line":42,"column":3}},"type":"if","locations":[{"start":{"line":40,"column":2},"end":{"line":42,"column":3}},{"start":{},"end":{}}],"line":40}},"s":{"0":1,"1":1,"2":1,"3":1,"4":1,"5":1,"6":0,"7":0,"8":0,"9":0,"10":0,"11":0,"12":0,"13":0,"14":0,"15":0,"16":0,"17":0,"18":0,"19":0,"20":0,"21":1},"f":{"0":0},"b":{"0":[0,0,0],"1":[0,0],"2":[0,0],"3":[0,0]},"_coverageSchema":"1a1c01bbd47fc00a2c39e90264f33305004495a9","hash":"ec4c518bc18adff0b274d1d91fdf8d7ec548ebd4"}
,"C:\\Users\\PREMJITH P P\\OneDrive\\Desktop\\UmamiCircle\\src\\middleware\\uploadMiddleware.js": {"path":"C:\\Users\\PREMJITH P P\\OneDrive\\Desktop\\UmamiCircle\\src\\middleware\\uploadMiddleware.js","statementMap":{"0":{"start":{"line":1,"column":15},"end":{"line":1,"column":32}},"1":{"start":{"line":2,"column":82},"end":{"line":2,"column":122}},"2":{"start":{"line":3,"column":13},"end":{"line":3,"column":38}},"3":{"start":{"line":6,"column":16},"end":{"line":6,"column":38}},"4":{"start":{"line":8,"column":15},"end":{"line":20,"column":2}},"5":{"start":{"line":14,"column":4},"end":{"line":18,"column":5}},"6":{"start":{"line":15,"column":6},"end":{"line":15,"column":21}},"7":{"start":{"line":17,"column":6},"end":{"line":17,"column":55}},"8":{"start":{"line":25,"column":31},"end":{"line":65,"column":1}},"9":{"start":{"line":26,"column":2},"end":{"line":28,"column":3}},"10":{"start":{"line":27,"column":4},"end":{"line":27,"column":69}},"11":{"start":{"line":30,"column":2},"end":{"line":64,"column":3}},"12":{"start":{"line":32,"column":17},"end":{"line":32,"column":46}},"13":{"start":{"line":33,"column":4},"end":{"line":33,"column":25}},"14":{"start":{"line":36,"column":25},"end":{"line":36,"column":64}},"15":{"start":{"line":37,"column":4},"end":{"line":41,"column":5}},"16":{"start":{"line":38,"column":6},"end":{"line":38,"column":43}},"17":{"start":{"line":39,"column":6},"end":{"line":39,"column":29}},"18":{"start":{"line":40,"column":6},"end":{"line":40,"column":20}},"19":{"start":{"line":44,"column":19},"end":{"line":44,"column":58}},"20":{"start":{"line":45,"column":4},"end":{"line":47,"column":5}},"21":{"start":{"line":46,"column":6},"end":{"line":46,"column":90}},"22":{"start":{"line":50,"column":22},"end":{"line":50,"column":62}},"23":{"start":{"line":51,"column":4},"end":{"line":53,"column":5}},"24":{"start":{"line":52,"column":6},"end":{"line":52,"column":86}},"25":{"start":{"line":56,"column":25},"end":{"line":56,"column":66}},"26":{"start":{"line":57,"column":4},"end":{"line":57,"column":43}},"27":{"start":{"line":58,"column":4},"end":{"line":58,"column":28}},"28":{"start":{"line":60,"column":4},"end":{"line":60,"column":11}},"29":{"start":{"line":62,"column":4},"end":{"line":62,"column":55}},"30":{"start":{"line":63,"column":4},"end":{"line":63,"column":74}},"31":{"start":{"line":67,"column":0},"end":{"line":70,"column":2}}},"fnMap":{"0":{"name":"(anonymous_0)","decl":{"start":{"line":13,"column":14},"end":{"line":13,"column":15}},"loc":{"start":{"line":13,"column":33},"end":{"line":19,"column":3}},"line":13},"1":{"name":"(anonymous_1)","decl":{"start":{"line":25,"column":31},"end":{"line":25,"column":32}},"loc":{"start":{"line":25,"column":57},"end":{"line":65,"column":1}},"line":25}},"branchMap":{"0":{"loc":{"start":{"line":14,"column":4},"end":{"line":18,"column":5}},"type":"if","locations":[{"start":{"line":14,"column":4},"end":{"line":18,"column":5}},{"start":{"line":16,"column":11},"end":{"line":18,"column":5}}],"line":14},"1":{"loc":{"start":{"line":26,"column":2},"end":{"line":28,"column":3}},"type":"if","locations":[{"start":{"line":26,"column":2},"end":{"line":28,"column":3}},{"start":{},"end":{}}],"line":26},"2":{"loc":{"start":{"line":37,"column":4},"end":{"line":41,"column":5}},"type":"if","locations":[{"start":{"line":37,"column":4},"end":{"line":41,"column":5}},{"start":{},"end":{}}],"line":37},"3":{"loc":{"start":{"line":45,"column":4},"end":{"line":47,"column":5}},"type":"if","locations":[{"start":{"line":45,"column":4},"end":{"line":47,"column":5}},{"start":{},"end":{}}],"line":45},"4":{"loc":{"start":{"line":51,"column":4},"end":{"line":53,"column":5}},"type":"if","locations":[{"start":{"line":51,"column":4},"end":{"line":53,"column":5}},{"start":{},"end":{}}],"line":51}},"s":{"0":1,"1":1,"2":1,"3":1,"4":1,"5":0,"6":0,"7":0,"8":1,"9":0,"10":0,"11":0,"12":0,"13":0,"14":0,"15":0,"16":0,"17":0,"18":0,"19":0,"20":0,"21":0,"22":0,"23":0,"24":0,"25":0,"26":0,"27":0,"28":0,"29":0,"30":0,"31":1},"f":{"0":0,"1":0},"b":{"0":[0,0],"1":[0,0],"2":[0,0],"3":[0,0],"4":[0,0]},"_coverageSchema":"1a1c01bbd47fc00a2c39e90264f33305004495a9","hash":"b7372a3b2c5239debd3becada0bf127bb5161c65"}
,"C:\\Users\\PREMJITH P P\\OneDrive\\Desktop\\UmamiCircle\\src\\models\\Admin.js": {"path":"C:\\Users\\PREMJITH P P\\OneDrive\\Desktop\\UmamiCircle\\src\\models\\Admin.js","statementMap":{"0":{"start":{"line":1,"column":17},"end":{"line":1,"column":36}},"1":{"start":{"line":2,"column":15},"end":{"line":2,"column":32}},"2":{"start":{"line":4,"column":20},"end":{"line":27,"column":24}},"3":{"start":{"line":30,"column":0},"end":{"line":38,"column":3}},"4":{"start":{"line":31,"column":2},"end":{"line":31,"column":43}},"5":{"start":{"line":31,"column":36},"end":{"line":31,"column":43}},"6":{"start":{"line":32,"column":2},"end":{"line":37,"column":3}},"7":{"start":{"line":33,"column":17},"end":{"line":33,"column":41}},"8":{"start":{"line":34,"column":4},"end":{"line":34,"column":59}},"9":{"start":{"line":36,"column":4},"end":{"line":36,"column":16}},"10":{"start":{"line":41,"column":0},"end":{"line":43,"column":2}},"11":{"start":{"line":42,"column":2},"end":{"line":42,"column":58}},"12":{"start":{"line":45,"column":0},"end":{"line":45,"column":54}}},"fnMap":{"0":{"name":"(anonymous_0)","decl":{"start":{"line":30,"column":24},"end":{"line":30,"column":25}},"loc":{"start":{"line":30,"column":42},"end":{"line":38,"column":1}},"line":30},"1":{"name":"(anonymous_1)","decl":{"start":{"line":41,"column":38},"end":{"line":41,"column":39}},"loc":{"start":{"line":41,"column":73},"end":{"line":43,"column":1}},"line":41}},"branchMap":{"0":{"loc":{"start":{"line":31,"column":2},"end":{"line":31,"column":43}},"type":"if","locations":[{"start":{"line":31,"column":2},"end":{"line":31,"column":43}},{"start":{},"end":{}}],"line":31}},"s":{"0":1,"1":1,"2":1,"3":1,"4":3,"5":0,"6":3,"7":3,"8":3,"9":0,"10":1,"11":3,"12":1},"f":{"0":3,"1":3},"b":{"0":[0,3]},"_coverageSchema":"1a1c01bbd47fc00a2c39e90264f33305004495a9","hash":"a22f1dcfc6736ddcd4a305530d34e0030431cc09"}
,"C:\\Users\\PREMJITH P P\\OneDrive\\Desktop\\UmamiCircle\\src\\models\\Comment.js": {"path":"C:\\Users\\PREMJITH P P\\OneDrive\\Desktop\\UmamiCircle\\src\\models\\Comment.js","statementMap":{"0":{"start":{"line":1,"column":17},"end":{"line":1,"column":36}},"1":{"start":{"line":3,"column":22},"end":{"line":24,"column":24}},"2":{"start":{"line":26,"column":0},"end":{"line":26,"column":58}}},"fnMap":{},"branchMap":{},"s":{"0":1,"1":1,"2":1},"f":{},"b":{},"_coverageSchema":"1a1c01bbd47fc00a2c39e90264f33305004495a9","hash":"c7554fd0f91fe6f77c69ceedf9a1336af7606797"}
,"C:\\Users\\PREMJITH P P\\OneDrive\\Desktop\\UmamiCircle\\src\\models\\Conversation.js": {"path":"C:\\Users\\PREMJITH P P\\OneDrive\\Desktop\\UmamiCircle\\src\\models\\Conversation.js","statementMap":{"0":{"start":{"line":1,"column":17},"end":{"line":1,"column":36}},"1":{"start":{"line":3,"column":27},"end":{"line":17,"column":24}},"2":{"start":{"line":20,"column":0},"end":{"line":22,"column":56}},"3":{"start":{"line":21,"column":2},"end":{"line":21,"column":27}},"4":{"start":{"line":24,"column":21},"end":{"line":24,"column":71}},"5":{"start":{"line":26,"column":0},"end":{"line":26,"column":34}}},"fnMap":{"0":{"name":"(anonymous_0)","decl":{"start":{"line":20,"column":49},"end":{"line":20,"column":50}},"loc":{"start":{"line":20,"column":65},"end":{"line":22,"column":1}},"line":20}},"branchMap":{},"s":{"0":1,"1":1,"2":1,"3":0,"4":1,"5":1},"f":{"0":0},"b":{},"_coverageSchema":"1a1c01bbd47fc00a2c39e90264f33305004495a9","hash":"a071706ba3f316ae697ad22ea588277eb635d7d4"}
,"C:\\Users\\PREMJITH P P\\OneDrive\\Desktop\\UmamiCircle\\src\\models\\Message.js": {"path":"C:\\Users\\PREMJITH P P\\OneDrive\\Desktop\\UmamiCircle\\src\\models\\Message.js","statementMap":{"0":{"start":{"line":1,"column":17},"end":{"line":1,"column":36}},"1":{"start":{"line":3,"column":22},"end":{"line":23,"column":24}},"2":{"start":{"line":25,"column":16},"end":{"line":25,"column":56}},"3":{"start":{"line":27,"column":0},"end":{"line":27,"column":29}}},"fnMap":{},"branchMap":{},"s":{"0":1,"1":1,"2":1,"3":1},"f":{},"b":{},"_coverageSchema":"1a1c01bbd47fc00a2c39e90264f33305004495a9","hash":"b6997ae0c84612fa4b620c32d09c2f2a48831132"}
,"C:\\Users\\PREMJITH P P\\OneDrive\\Desktop\\UmamiCircle\\src\\models\\Notification.js": {"path":"C:\\Users\\PREMJITH P P\\OneDrive\\Desktop\\UmamiCircle\\src\\models\\Notification.js","statementMap":{"0":{"start":{"line":1,"column":17},"end":{"line":1,"column":36}},"1":{"start":{"line":3,"column":27},"end":{"line":31,"column":24}},"2":{"start":{"line":33,"column":0},"end":{"line":33,"column":68}}},"fnMap":{},"branchMap":{},"s":{"0":1,"1":1,"2":1},"f":{},"b":{},"_coverageSchema":"1a1c01bbd47fc00a2c39e90264f33305004495a9","hash":"aafa9238bc9d0b1979572535368a38952b4a713f"}
,"C:\\Users\\PREMJITH P P\\OneDrive\\Desktop\\UmamiCircle\\src\\models\\Post.js": {"path":"C:\\Users\\PREMJITH P P\\OneDrive\\Desktop\\UmamiCircle\\src\\models\\Post.js","statementMap":{"0":{"start":{"line":1,"column":17},"end":{"line":1,"column":36}},"1":{"start":{"line":3,"column":19},"end":{"line":35,"column":24}},"2":{"start":{"line":37,"column":0},"end":{"line":37,"column":52}}},"fnMap":{},"branchMap":{},"s":{"0":1,"1":1,"2":1},"f":{},"b":{},"_coverageSchema":"1a1c01bbd47fc00a2c39e90264f33305004495a9","hash":"44cae909ccdf2894309dcbf5d0f080b7213df21e"}
,"C:\\Users\\PREMJITH P P\\OneDrive\\Desktop\\UmamiCircle\\src\\models\\Recipe.js": {"path":"C:\\Users\\PREMJITH P P\\OneDrive\\Desktop\\UmamiCircle\\src\\models\\Recipe.js","statementMap":{"0":{"start":{"line":1,"column":17},"end":{"line":1,"column":36}},"1":{"start":{"line":3,"column":21},"end":{"line":61,"column":24}},"2":{"start":{"line":63,"column":0},"end":{"line":63,"column":56}}},"fnMap":{},"branchMap":{},"s":{"0":1,"1":1,"2":1},"f":{},"b":{},"_coverageSchema":"1a1c01bbd47fc00a2c39e90264f33305004495a9","hash":"e6d34e1bfdea38dc4336cf20621fa256a7c51c6c"}
,"C:\\Users\\PREMJITH P P\\OneDrive\\Desktop\\UmamiCircle\\src\\models\\Report.js": {"path":"C:\\Users\\PREMJITH P P\\OneDrive\\Desktop\\UmamiCircle\\src\\models\\Report.js","statementMap":{"0":{"start":{"line":1,"column":17},"end":{"line":1,"column":36}},"1":{"start":{"line":3,"column":21},"end":{"line":33,"column":24}},"2":{"start":{"line":35,"column":0},"end":{"line":35,"column":56}}},"fnMap":{},"branchMap":{},"s":{"0":1,"1":1,"2":1},"f":{},"b":{},"_coverageSchema":"1a1c01bbd47fc00a2c39e90264f33305004495a9","hash":"88f93a03f9f0772d3b13bdd745a3828e879d212e"}
,"C:\\Users\\PREMJITH P P\\OneDrive\\Desktop\\UmamiCircle\\src\\models\\User.js": {"path":"C:\\Users\\PREMJITH P P\\OneDrive\\Desktop\\UmamiCircle\\src\\models\\User.js","statementMap":{"0":{"start":{"line":1,"column":17},"end":{"line":1,"column":36}},"1":{"start":{"line":3,"column":19},"end":{"line":71,"column":24}},"2":{"start":{"line":73,"column":0},"end":{"line":73,"column":52}}},"fnMap":{},"branchMap":{},"s":{"0":1,"1":1,"2":1},"f":{},"b":{},"_coverageSchema":"1a1c01bbd47fc00a2c39e90264f33305004495a9","hash":"3b2443a8b3c9ae7c9dab35ed7a2336b4a0712497"}
,"C:\\Users\\PREMJITH P P\\OneDrive\\Desktop\\UmamiCircle\\src\\routes\\adminRoutes.js": {"path":"C:\\Users\\PREMJITH P P\\OneDrive\\Desktop\\UmamiCircle\\src\\routes\\adminRoutes.js","statementMap":{"0":{"start":{"line":1,"column":16},"end":{"line":1,"column":34}},"1":{"start":{"line":2,"column":12},"end":{"line":2,"column":35}},"2":{"start":{"line":3,"column":14},"end":{"line":3,"column":40}},"3":{"start":{"line":4,"column":38},"end":{"line":4,"column":72}},"4":{"start":{"line":5,"column":15},"end":{"line":5,"column":31}},"5":{"start":{"line":8,"column":0},"end":{"line":27,"column":3}},"6":{"start":{"line":9,"column":2},"end":{"line":26,"column":3}},"7":{"start":{"line":10,"column":32},"end":{"line":10,"column":40}},"8":{"start":{"line":11,"column":18},"end":{"line":11,"column":48}},"9":{"start":{"line":13,"column":4},"end":{"line":15,"column":5}},"10":{"start":{"line":14,"column":6},"end":{"line":14,"column":74}},"11":{"start":{"line":17,"column":18},"end":{"line":21,"column":5}},"12":{"start":{"line":23,"column":4},"end":{"line":23,"column":43}},"13":{"start":{"line":25,"column":4},"end":{"line":25,"column":51}},"14":{"start":{"line":30,"column":0},"end":{"line":32,"column":3}},"15":{"start":{"line":31,"column":2},"end":{"line":31,"column":34}},"16":{"start":{"line":35,"column":0},"end":{"line":37,"column":3}},"17":{"start":{"line":36,"column":2},"end":{"line":36,"column":58}},"18":{"start":{"line":39,"column":0},"end":{"line":39,"column":24}}},"fnMap":{"0":{"name":"(anonymous_0)","decl":{"start":{"line":8,"column":22},"end":{"line":8,"column":23}},"loc":{"start":{"line":8,"column":42},"end":{"line":27,"column":1}},"line":8},"1":{"name":"(anonymous_1)","decl":{"start":{"line":30,"column":29},"end":{"line":30,"column":30}},"loc":{"start":{"line":30,"column":49},"end":{"line":32,"column":1}},"line":30},"2":{"name":"(anonymous_2)","decl":{"start":{"line":35,"column":67},"end":{"line":35,"column":68}},"loc":{"start":{"line":35,"column":81},"end":{"line":37,"column":1}},"line":35}},"branchMap":{"0":{"loc":{"start":{"line":13,"column":4},"end":{"line":15,"column":5}},"type":"if","locations":[{"start":{"line":13,"column":4},"end":{"line":15,"column":5}},{"start":{},"end":{}}],"line":13},"1":{"loc":{"start":{"line":13,"column":8},"end":{"line":13,"column":58}},"type":"binary-expr","locations":[{"start":{"line":13,"column":8},"end":{"line":13,"column":14}},{"start":{"line":13,"column":18},"end":{"line":13,"column":58}}],"line":13},"2":{"loc":{"start":{"line":19,"column":6},"end":{"line":19,"column":59}},"type":"binary-expr","locations":[{"start":{"line":19,"column":6},"end":{"line":19,"column":34}},{"start":{"line":19,"column":38},"end":{"line":19,"column":59}}],"line":19}},"s":{"0":1,"1":1,"2":1,"3":1,"4":1,"5":1,"6":4,"7":4,"8":4,"9":4,"10":1,"11":3,"12":3,"13":0,"14":1,"15":1,"16":1,"17":0,"18":1},"f":{"0":4,"1":1,"2":0},"b":{"0":[1,3],"1":[4,3],"2":[3,3]},"_coverageSchema":"1a1c01bbd47fc00a2c39e90264f33305004495a9","hash":"2d2d6a85914e6a2e5fe16fa812afee2549a138d4"}
,"C:\\Users\\PREMJITH P P\\OneDrive\\Desktop\\UmamiCircle\\src\\routes\\commentRoutes.js": {"path":"C:\\Users\\PREMJITH P P\\OneDrive\\Desktop\\UmamiCircle\\src\\routes\\commentRoutes.js","statementMap":{"0":{"start":{"line":1,"column":16},"end":{"line":1,"column":34}},"1":{"start":{"line":2,"column":15},"end":{"line":2,"column":31}},"2":{"start":{"line":3,"column":16},"end":{"line":3,"column":44}},"3":{"start":{"line":4,"column":13},"end":{"line":4,"column":38}},"4":{"start":{"line":5,"column":15},"end":{"line":5,"column":42}},"5":{"start":{"line":6,"column":13},"end":{"line":6,"column":38}},"6":{"start":{"line":7,"column":27},"end":{"line":7,"column":56}},"7":{"start":{"line":8,"column":31},"end":{"line":8,"column":73}},"8":{"start":{"line":13,"column":0},"end":{"line":58,"column":3}},"9":{"start":{"line":14,"column":2},"end":{"line":57,"column":3}},"10":{"start":{"line":15,"column":46},"end":{"line":15,"column":54}},"11":{"start":{"line":16,"column":23},"end":{"line":16,"column":35}},"12":{"start":{"line":18,"column":20},"end":{"line":18,"column":67}},"13":{"start":{"line":19,"column":4},"end":{"line":21,"column":5}},"14":{"start":{"line":20,"column":6},"end":{"line":20,"column":63}},"15":{"start":{"line":23,"column":23},"end":{"line":28,"column":6}},"16":{"start":{"line":30,"column":4},"end":{"line":30,"column":28}},"17":{"start":{"line":34,"column":4},"end":{"line":40,"column":5}},"18":{"start":{"line":35,"column":19},"end":{"line":35,"column":89}},"19":{"start":{"line":36,"column":6},"end":{"line":36,"column":32}},"20":{"start":{"line":37,"column":11},"end":{"line":40,"column":5}},"21":{"start":{"line":38,"column":21},"end":{"line":38,"column":93}},"22":{"start":{"line":39,"column":6},"end":{"line":39,"column":34}},"23":{"start":{"line":43,"column":4},"end":{"line":51,"column":5}},"24":{"start":{"line":44,"column":6},"end":{"line":50,"column":9}},"25":{"start":{"line":53,"column":4},"end":{"line":53,"column":37}},"26":{"start":{"line":55,"column":4},"end":{"line":55,"column":52}},"27":{"start":{"line":56,"column":4},"end":{"line":56,"column":64}},"28":{"start":{"line":63,"column":0},"end":{"line":74,"column":3}},"29":{"start":{"line":64,"column":2},"end":{"line":73,"column":3}},"30":{"start":{"line":65,"column":25},"end":{"line":65,"column":35}},"31":{"start":{"line":66,"column":21},"end":{"line":68,"column":30}},"32":{"start":{"line":70,"column":4},"end":{"line":70,"column":35}},"33":{"start":{"line":72,"column":4},"end":{"line":72,"column":51}},"34":{"start":{"line":79,"column":0},"end":{"line":108,"column":3}},"35":{"start":{"line":80,"column":2},"end":{"line":107,"column":3}},"36":{"start":{"line":81,"column":22},"end":{"line":81,"column":35}},"37":{"start":{"line":82,"column":23},"end":{"line":82,"column":35}},"38":{"start":{"line":84,"column":20},"end":{"line":84,"column":67}},"39":{"start":{"line":85,"column":4},"end":{"line":85,"column":75}},"40":{"start":{"line":85,"column":18},"end":{"line":85,"column":75}},"41":{"start":{"line":87,"column":20},"end":{"line":87,"column":53}},"42":{"start":{"line":88,"column":4},"end":{"line":88,"column":78}},"43":{"start":{"line":88,"column":18},"end":{"line":88,"column":78}},"44":{"start":{"line":91,"column":4},"end":{"line":93,"column":5}},"45":{"start":{"line":92,"column":6},"end":{"line":92,"column":84}},"46":{"start":{"line":95,"column":4},"end":{"line":95,"column":47}},"47":{"start":{"line":98,"column":4},"end":{"line":102,"column":5}},"48":{"start":{"line":99,"column":6},"end":{"line":99,"column":86}},"49":{"start":{"line":100,"column":11},"end":{"line":102,"column":5}},"50":{"start":{"line":101,"column":6},"end":{"line":101,"column":88}},"51":{"start":{"line":104,"column":4},"end":{"line":104,"column":70}},"52":{"start":{"line":106,"column":4},"end":{"line":106,"column":51}},"53":{"start":{"line":110,"column":0},"end":{"line":110,"column":24}}},"fnMap":{"0":{"name":"(anonymous_0)","decl":{"start":{"line":13,"column":33},"end":{"line":13,"column":34}},"loc":{"start":{"line":13,"column":53},"end":{"line":58,"column":1}},"line":13},"1":{"name":"(anonymous_1)","decl":{"start":{"line":63,"column":25},"end":{"line":63,"column":26}},"loc":{"start":{"line":63,"column":45},"end":{"line":74,"column":1}},"line":63},"2":{"name":"(anonymous_2)","decl":{"start":{"line":79,"column":38},"end":{"line":79,"column":39}},"loc":{"start":{"line":79,"column":58},"end":{"line":108,"column":1}},"line":79}},"branchMap":{"0":{"loc":{"start":{"line":19,"column":4},"end":{"line":21,"column":5}},"type":"if","locations":[{"start":{"line":19,"column":4},"end":{"line":21,"column":5}},{"start":{},"end":{}}],"line":19},"1":{"loc":{"start":{"line":34,"column":4},"end":{"line":40,"column":5}},"type":"if","locations":[{"start":{"line":34,"column":4},"end":{"line":40,"column":5}},{"start":{"line":37,"column":11},"end":{"line":40,"column":5}}],"line":34},"2":{"loc":{"start":{"line":37,"column":11},"end":{"line":40,"column":5}},"type":"if","locations":[{"start":{"line":37,"column":11},"end":{"line":40,"column":5}},{"start":{},"end":{}}],"line":37},"3":{"loc":{"start":{"line":43,"column":4},"end":{"line":51,"column":5}},"type":"if","locations":[{"start":{"line":43,"column":4},"end":{"line":51,"column":5}},{"start":{},"end":{}}],"line":43},"4":{"loc":{"start":{"line":85,"column":4},"end":{"line":85,"column":75}},"type":"if","locations":[{"start":{"line":85,"column":4},"end":{"line":85,"column":75}},{"start":{},"end":{}}],"line":85},"5":{"loc":{"start":{"line":88,"column":4},"end":{"line":88,"column":78}},"type":"if","locations":[{"start":{"line":88,"column":4},"end":{"line":88,"column":78}},{"start":{},"end":{}}],"line":88},"6":{"loc":{"start":{"line":91,"column":4},"end":{"line":93,"column":5}},"type":"if","locations":[{"start":{"line":91,"column":4},"end":{"line":93,"column":5}},{"start":{},"end":{}}],"line":91},"7":{"loc":{"start":{"line":98,"column":4},"end":{"line":102,"column":5}},"type":"if","locations":[{"start":{"line":98,"column":4},"end":{"line":102,"column":5}},{"start":{"line":100,"column":11},"end":{"line":102,"column":5}}],"line":98},"8":{"loc":{"start":{"line":100,"column":11},"end":{"line":102,"column":5}},"type":"if","locations":[{"start":{"line":100,"column":11},"end":{"line":102,"column":5}},{"start":{},"end":{}}],"line":100}},"s":{"0":1,"1":1,"2":1,"3":1,"4":1,"5":1,"6":1,"7":1,"8":1,"9":0,"10":0,"11":0,"12":0,"13":0,"14":0,"15":0,"16":0,"17":0,"18":0,"19":0,"20":0,"21":0,"22":0,"23":0,"24":0,"25":0,"26":0,"27":0,"28":1,"29":0,"30":0,"31":0,"32":0,"33":0,"34":1,"35":0,"36":0,"37":0,"38":0,"39":0,"40":0,"41":0,"42":0,"43":0,"44":0,"45":0,"46":0,"47":0,"48":0,"49":0,"50":0,"51":0,"52":0,"53":1},"f":{"0":0,"1":0,"2":0},"b":{"0":[0,0],"1":[0,0],"2":[0,0],"3":[0,0],"4":[0,0],"5":[0,0],"6":[0,0],"7":[0,0],"8":[0,0]},"_coverageSchema":"1a1c01bbd47fc00a2c39e90264f33305004495a9","hash":"6c9d4ca57fbf5924809f8f61b60a1532dc53e4da"}
,"C:\\Users\\PREMJITH P P\\OneDrive\\Desktop\\UmamiCircle\\src\\routes\\messagingRoutes.js": {"path":"C:\\Users\\PREMJITH P P\\OneDrive\\Desktop\\UmamiCircle\\src\\routes\\messagingRoutes.js","statementMap":{"0":{"start":{"line":1,"column":16},"end":{"line":1,"column":34}},"1":{"start":{"line":2,"column":15},"end":{"line":2,"column":31}},"2":{"start":{"line":3,"column":13},"end":{"line":3,"column":38}},"3":{"start":{"line":4,"column":25},"end":{"line":4,"column":58}},"4":{"start":{"line":5,"column":20},"end":{"line":5,"column":48}},"5":{"start":{"line":6,"column":27},"end":{"line":6,"column":56}},"6":{"start":{"line":7,"column":27},"end":{"line":7,"column":66}},"7":{"start":{"line":12,"column":0},"end":{"line":47,"column":3}},"8":{"start":{"line":13,"column":2},"end":{"line":46,"column":3}},"9":{"start":{"line":14,"column":30},"end":{"line":14,"column":38}},"10":{"start":{"line":15,"column":23},"end":{"line":15,"column":35}},"11":{"start":{"line":17,"column":24},"end":{"line":17,"column":71}},"12":{"start":{"line":18,"column":4},"end":{"line":18,"column":79}},"13":{"start":{"line":18,"column":22},"end":{"line":18,"column":79}},"14":{"start":{"line":20,"column":22},"end":{"line":20,"column":56}},"15":{"start":{"line":21,"column":4},"end":{"line":21,"column":84}},"16":{"start":{"line":21,"column":20},"end":{"line":21,"column":84}},"17":{"start":{"line":24,"column":4},"end":{"line":26,"column":5}},"18":{"start":{"line":25,"column":6},"end":{"line":25,"column":75}},"19":{"start":{"line":27,"column":4},"end":{"line":29,"column":5}},"20":{"start":{"line":28,"column":6},"end":{"line":28,"column":89}},"21":{"start":{"line":32,"column":23},"end":{"line":34,"column":6}},"22":{"start":{"line":36,"column":4},"end":{"line":41,"column":5}},"23":{"start":{"line":37,"column":6},"end":{"line":39,"column":9}},"24":{"start":{"line":40,"column":6},"end":{"line":40,"column":32}},"25":{"start":{"line":43,"column":4},"end":{"line":43,"column":39}},"26":{"start":{"line":45,"column":4},"end":{"line":45,"column":51}},"27":{"start":{"line":52,"column":0},"end":{"line":68,"column":3}},"28":{"start":{"line":53,"column":2},"end":{"line":67,"column":3}},"29":{"start":{"line":54,"column":23},"end":{"line":54,"column":35}},"30":{"start":{"line":55,"column":24},"end":{"line":55,"column":71}},"31":{"start":{"line":56,"column":4},"end":{"line":56,"column":79}},"32":{"start":{"line":56,"column":22},"end":{"line":56,"column":79}},"33":{"start":{"line":58,"column":26},"end":{"line":62,"column":32}},"34":{"start":{"line":64,"column":4},"end":{"line":64,"column":40}},"35":{"start":{"line":66,"column":4},"end":{"line":66,"column":51}},"36":{"start":{"line":73,"column":0},"end":{"line":123,"column":3}},"37":{"start":{"line":74,"column":2},"end":{"line":122,"column":3}},"38":{"start":{"line":75,"column":40},"end":{"line":75,"column":48}},"39":{"start":{"line":76,"column":23},"end":{"line":76,"column":35}},"40":{"start":{"line":78,"column":24},"end":{"line":78,"column":71}},"41":{"start":{"line":79,"column":4},"end":{"line":79,"column":79}},"42":{"start":{"line":79,"column":22},"end":{"line":79,"column":79}},"43":{"start":{"line":81,"column":25},"end":{"line":81,"column":93}},"44":{"start":{"line":82,"column":4},"end":{"line":82,"column":88}},"45":{"start":{"line":82,"column":23},"end":{"line":82,"column":88}},"46":{"start":{"line":84,"column":4},"end":{"line":86,"column":5}},"47":{"start":{"line":84,"column":45},"end":{"line":84,"column":92}},"48":{"start":{"line":85,"column":6},"end":{"line":85,"column":61}},"49":{"start":{"line":89,"column":29},"end":{"line":89,"column":113}},"50":{"start":{"line":89,"column":65},"end":{"line":89,"column":112}},"51":{"start":{"line":90,"column":4},"end":{"line":97,"column":5}},"52":{"start":{"line":91,"column":6},"end":{"line":93,"column":7}},"53":{"start":{"line":92,"column":8},"end":{"line":92,"column":77}},"54":{"start":{"line":94,"column":6},"end":{"line":96,"column":7}},"55":{"start":{"line":95,"column":8},"end":{"line":95,"column":79}},"56":{"start":{"line":99,"column":20},"end":{"line":103,"column":6}},"57":{"start":{"line":105,"column":4},"end":{"line":105,"column":25}},"58":{"start":{"line":108,"column":4},"end":{"line":111,"column":7}},"59":{"start":{"line":114,"column":29},"end":{"line":114,"column":102}},"60":{"start":{"line":117,"column":4},"end":{"line":117,"column":53}},"61":{"start":{"line":119,"column":4},"end":{"line":119,"column":43}},"62":{"start":{"line":121,"column":4},"end":{"line":121,"column":51}},"63":{"start":{"line":128,"column":0},"end":{"line":150,"column":3}},"64":{"start":{"line":129,"column":2},"end":{"line":149,"column":3}},"65":{"start":{"line":130,"column":31},"end":{"line":130,"column":41}},"66":{"start":{"line":131,"column":23},"end":{"line":131,"column":35}},"67":{"start":{"line":133,"column":24},"end":{"line":133,"column":71}},"68":{"start":{"line":134,"column":4},"end":{"line":134,"column":79}},"69":{"start":{"line":134,"column":22},"end":{"line":134,"column":79}},"70":{"start":{"line":137,"column":25},"end":{"line":137,"column":68}},"71":{"start":{"line":138,"column":4},"end":{"line":140,"column":5}},"72":{"start":{"line":139,"column":6},"end":{"line":139,"column":84}},"73":{"start":{"line":142,"column":21},"end":{"line":144,"column":29}},"74":{"start":{"line":146,"column":4},"end":{"line":146,"column":35}},"75":{"start":{"line":148,"column":4},"end":{"line":148,"column":51}},"76":{"start":{"line":152,"column":0},"end":{"line":152,"column":45}}},"fnMap":{"0":{"name":"(anonymous_0)","decl":{"start":{"line":12,"column":46},"end":{"line":12,"column":47}},"loc":{"start":{"line":12,"column":66},"end":{"line":47,"column":1}},"line":12},"1":{"name":"(anonymous_1)","decl":{"start":{"line":52,"column":45},"end":{"line":52,"column":46}},"loc":{"start":{"line":52,"column":65},"end":{"line":68,"column":1}},"line":52},"2":{"name":"(anonymous_2)","decl":{"start":{"line":73,"column":33},"end":{"line":73,"column":34}},"loc":{"start":{"line":73,"column":53},"end":{"line":123,"column":1}},"line":73},"3":{"name":"(anonymous_3)","decl":{"start":{"line":84,"column":40},"end":{"line":84,"column":41}},"loc":{"start":{"line":84,"column":45},"end":{"line":84,"column":92}},"line":84},"4":{"name":"(anonymous_4)","decl":{"start":{"line":89,"column":60},"end":{"line":89,"column":61}},"loc":{"start":{"line":89,"column":65},"end":{"line":89,"column":112}},"line":89},"5":{"name":"(anonymous_5)","decl":{"start":{"line":128,"column":47},"end":{"line":128,"column":48}},"loc":{"start":{"line":128,"column":67},"end":{"line":150,"column":1}},"line":128}},"branchMap":{"0":{"loc":{"start":{"line":18,"column":4},"end":{"line":18,"column":79}},"type":"if","locations":[{"start":{"line":18,"column":4},"end":{"line":18,"column":79}},{"start":{},"end":{}}],"line":18},"1":{"loc":{"start":{"line":21,"column":4},"end":{"line":21,"column":84}},"type":"if","locations":[{"start":{"line":21,"column":4},"end":{"line":21,"column":84}},{"start":{},"end":{}}],"line":21},"2":{"loc":{"start":{"line":24,"column":4},"end":{"line":26,"column":5}},"type":"if","locations":[{"start":{"line":24,"column":4},"end":{"line":26,"column":5}},{"start":{},"end":{}}],"line":24},"3":{"loc":{"start":{"line":27,"column":4},"end":{"line":29,"column":5}},"type":"if","locations":[{"start":{"line":27,"column":4},"end":{"line":29,"column":5}},{"start":{},"end":{}}],"line":27},"4":{"loc":{"start":{"line":36,"column":4},"end":{"line":41,"column":5}},"type":"if","locations":[{"start":{"line":36,"column":4},"end":{"line":41,"column":5}},{"start":{},"end":{}}],"line":36},"5":{"loc":{"start":{"line":56,"column":4},"end":{"line":56,"column":79}},"type":"if","locations":[{"start":{"line":56,"column":4},"end":{"line":56,"column":79}},{"start":{},"end":{}}],"line":56},"6":{"loc":{"start":{"line":79,"column":4},"end":{"line":79,"column":79}},"type":"if","locations":[{"start":{"line":79,"column":4},"end":{"line":79,"column":79}},{"start":{},"end":{}}],"line":79},"7":{"loc":{"start":{"line":82,"column":4},"end":{"line":82,"column":88}},"type":"if","locations":[{"start":{"line":82,"column":4},"end":{"line":82,"column":88}},{"start":{},"end":{}}],"line":82},"8":{"loc":{"start":{"line":84,"column":4},"end":{"line":86,"column":5}},"type":"if","locations":[{"start":{"line":84,"column":4},"end":{"line":86,"column":5}},{"start":{},"end":{}}],"line":84},"9":{"loc":{"start":{"line":90,"column":4},"end":{"line":97,"column":5}},"type":"if","locations":[{"start":{"line":90,"column":4},"end":{"line":97,"column":5}},{"start":{},"end":{}}],"line":90},"10":{"loc":{"start":{"line":91,"column":6},"end":{"line":93,"column":7}},"type":"if","locations":[{"start":{"line":91,"column":6},"end":{"line":93,"column":7}},{"start":{},"end":{}}],"line":91},"11":{"loc":{"start":{"line":94,"column":6},"end":{"line":96,"column":7}},"type":"if","locations":[{"start":{"line":94,"column":6},"end":{"line":96,"column":7}},{"start":{},"end":{}}],"line":94},"12":{"loc":{"start":{"line":134,"column":4},"end":{"line":134,"column":79}},"type":"if","locations":[{"start":{"line":134,"column":4},"end":{"line":134,"column":79}},{"start":{},"end":{}}],"line":134},"13":{"loc":{"start":{"line":138,"column":4},"end":{"line":140,"column":5}},"type":"if","locations":[{"start":{"line":138,"column":4},"end":{"line":140,"column":5}},{"start":{},"end":{}}],"line":138},"14":{"loc":{"start":{"line":138,"column":8},"end":{"line":138,"column":77}},"type":"binary-expr","locations":[{"start":{"line":138,"column":8},"end":{"line":138,"column":21}},{"start":{"line":138,"column":25},"end":{"line":138,"column":77}}],"line":138}},"s":{"0":1,"1":1,"2":1,"3":1,"4":1,"5":1,"6":1,"7":1,"8":0,"9":0,"10":0,"11":0,"12":0,"13":0,"14":0,"15":0,"16":0,"17":0,"18":0,"19":0,"20":0,"21":0,"22":0,"23":0,"24":0,"25":0,"26":0,"27":1,"28":0,"29":0,"30":0,"31":0,"32":0,"33":0,"34":0,"35":0,"36":1,"37":0,"38":0,"39":0,"40":0,"41":0,"42":0,"43":0,"44":0,"45":0,"46":0,"47":0,"48":0,"49":0,"50":0,"51":0,"52":0,"53":0,"54":0,"55":0,"56":0,"57":0,"58":0,"59":0,"60":0,"61":0,"62":0,"63":1,"64":0,"65":0,"66":0,"67":0,"68":0,"69":0,"70":0,"71":0,"72":0,"73":0,"74":0,"75":0,"76":1},"f":{"0":0,"1":0,"2":0,"3":0,"4":0,"5":0},"b":{"0":[0,0],"1":[0,0],"2":[0,0],"3":[0,0],"4":[0,0],"5":[0,0],"6":[0,0],"7":[0,0],"8":[0,0],"9":[0,0],"10":[0,0],"11":[0,0],"12":[0,0],"13":[0,0],"14":[0,0]},"_coverageSchema":"1a1c01bbd47fc00a2c39e90264f33305004495a9","hash":"d7026b0788cc153fc97f147e7bdc103c9ed272df"}
,"C:\\Users\\PREMJITH P P\\OneDrive\\Desktop\\UmamiCircle\\src\\routes\\notificationRoutes.js": {"path":"C:\\Users\\PREMJITH P P\\OneDrive\\Desktop\\UmamiCircle\\src\\routes\\notificationRoutes.js","statementMap":{"0":{"start":{"line":1,"column":16},"end":{"line":1,"column":34}},"1":{"start":{"line":2,"column":15},"end":{"line":2,"column":31}},"2":{"start":{"line":3,"column":21},"end":{"line":3,"column":54}},"3":{"start":{"line":4,"column":13},"end":{"line":4,"column":38}},"4":{"start":{"line":5,"column":27},"end":{"line":5,"column":56}},"5":{"start":{"line":10,"column":0},"end":{"line":24,"column":3}},"6":{"start":{"line":11,"column":2},"end":{"line":23,"column":3}},"7":{"start":{"line":12,"column":23},"end":{"line":12,"column":35}},"8":{"start":{"line":13,"column":20},"end":{"line":13,"column":67}},"9":{"start":{"line":14,"column":4},"end":{"line":14,"column":75}},"10":{"start":{"line":14,"column":18},"end":{"line":14,"column":75}},"11":{"start":{"line":16,"column":26},"end":{"line":18,"column":30}},"12":{"start":{"line":20,"column":4},"end":{"line":20,"column":40}},"13":{"start":{"line":22,"column":4},"end":{"line":22,"column":51}},"14":{"start":{"line":29,"column":0},"end":{"line":51,"column":3}},"15":{"start":{"line":30,"column":2},"end":{"line":50,"column":3}},"16":{"start":{"line":31,"column":27},"end":{"line":31,"column":40}},"17":{"start":{"line":32,"column":23},"end":{"line":32,"column":35}},"18":{"start":{"line":34,"column":20},"end":{"line":34,"column":67}},"19":{"start":{"line":35,"column":4},"end":{"line":35,"column":75}},"20":{"start":{"line":35,"column":18},"end":{"line":35,"column":75}},"21":{"start":{"line":37,"column":25},"end":{"line":41,"column":5}},"22":{"start":{"line":43,"column":4},"end":{"line":45,"column":5}},"23":{"start":{"line":44,"column":6},"end":{"line":44,"column":71}},"24":{"start":{"line":47,"column":4},"end":{"line":47,"column":83}},"25":{"start":{"line":49,"column":4},"end":{"line":49,"column":51}},"26":{"start":{"line":56,"column":0},"end":{"line":71,"column":3}},"27":{"start":{"line":57,"column":2},"end":{"line":70,"column":3}},"28":{"start":{"line":58,"column":23},"end":{"line":58,"column":35}},"29":{"start":{"line":59,"column":20},"end":{"line":59,"column":67}},"30":{"start":{"line":60,"column":4},"end":{"line":60,"column":75}},"31":{"start":{"line":60,"column":18},"end":{"line":60,"column":75}},"32":{"start":{"line":62,"column":4},"end":{"line":65,"column":6}},"33":{"start":{"line":67,"column":4},"end":{"line":67,"column":74}},"34":{"start":{"line":69,"column":4},"end":{"line":69,"column":51}},"35":{"start":{"line":73,"column":0},"end":{"line":73,"column":24}}},"fnMap":{"0":{"name":"(anonymous_0)","decl":{"start":{"line":10,"column":32},"end":{"line":10,"column":33}},"loc":{"start":{"line":10,"column":52},"end":{"line":24,"column":1}},"line":10},"1":{"name":"(anonymous_1)","decl":{"start":{"line":29,"column":40},"end":{"line":29,"column":41}},"loc":{"start":{"line":29,"column":60},"end":{"line":51,"column":1}},"line":29},"2":{"name":"(anonymous_2)","decl":{"start":{"line":56,"column":40},"end":{"line":56,"column":41}},"loc":{"start":{"line":56,"column":60},"end":{"line":71,"column":1}},"line":56}},"branchMap":{"0":{"loc":{"start":{"line":14,"column":4},"end":{"line":14,"column":75}},"type":"if","locations":[{"start":{"line":14,"column":4},"end":{"line":14,"column":75}},{"start":{},"end":{}}],"line":14},"1":{"loc":{"start":{"line":35,"column":4},"end":{"line":35,"column":75}},"type":"if","locations":[{"start":{"line":35,"column":4},"end":{"line":35,"column":75}},{"start":{},"end":{}}],"line":35},"2":{"loc":{"start":{"line":43,"column":4},"end":{"line":45,"column":5}},"type":"if","locations":[{"start":{"line":43,"column":4},"end":{"line":45,"column":5}},{"start":{},"end":{}}],"line":43},"3":{"loc":{"start":{"line":60,"column":4},"end":{"line":60,"column":75}},"type":"if","locations":[{"start":{"line":60,"column":4},"end":{"line":60,"column":75}},{"start":{},"end":{}}],"line":60}},"s":{"0":1,"1":1,"2":1,"3":1,"4":1,"5":1,"6":0,"7":0,"8":0,"9":0,"10":0,"11":0,"12":0,"13":0,"14":1,"15":0,"16":0,"17":0,"18":0,"19":0,"20":0,"21":0,"22":0,"23":0,"24":0,"25":0,"26":1,"27":0,"28":0,"29":0,"30":0,"31":0,"32":0,"33":0,"34":0,"35":1},"f":{"0":0,"1":0,"2":0},"b":{"0":[0,0],"1":[0,0],"2":[0,0],"3":[0,0]},"_coverageSchema":"1a1c01bbd47fc00a2c39e90264f33305004495a9","hash":"856e2c6c447fb81d77e6718a1f7988bec8596685"}
,"C:\\Users\\PREMJITH P P\\OneDrive\\Desktop\\UmamiCircle\\src\\routes\\postRoutes.js": {"path":"C:\\Users\\PREMJITH P P\\OneDrive\\Desktop\\UmamiCircle\\src\\routes\\postRoutes.js","statementMap":{"0":{"start":{"line":1,"column":16},"end":{"line":1,"column":34}},"1":{"start":{"line":2,"column":15},"end":{"line":2,"column":31}},"2":{"start":{"line":3,"column":13},"end":{"line":3,"column":38}},"3":{"start":{"line":4,"column":13},"end":{"line":4,"column":38}},"4":{"start":{"line":5,"column":43},"end":{"line":5,"column":84}},"5":{"start":{"line":6,"column":25},"end":{"line":6,"column":74}},"6":{"start":{"line":7,"column":27},"end":{"line":7,"column":56}},"7":{"start":{"line":8,"column":31},"end":{"line":8,"column":73}},"8":{"start":{"line":11,"column":0},"end":{"line":45,"column":3}},"9":{"start":{"line":12,"column":2},"end":{"line":44,"column":3}},"10":{"start":{"line":14,"column":4},"end":{"line":20,"column":5}},"11":{"start":{"line":15,"column":6},"end":{"line":19,"column":9}},"12":{"start":{"line":22,"column":21},"end":{"line":22,"column":29}},"13":{"start":{"line":25,"column":20},"end":{"line":25,"column":69}},"14":{"start":{"line":26,"column":4},"end":{"line":28,"column":5}},"15":{"start":{"line":27,"column":6},"end":{"line":27,"column":75}},"16":{"start":{"line":31,"column":20},"end":{"line":37,"column":6}},"17":{"start":{"line":39,"column":4},"end":{"line":39,"column":25}},"18":{"start":{"line":40,"column":4},"end":{"line":40,"column":34}},"19":{"start":{"line":42,"column":4},"end":{"line":42,"column":49}},"20":{"start":{"line":43,"column":4},"end":{"line":43,"column":61}},"21":{"start":{"line":50,"column":0},"end":{"line":92,"column":3}},"22":{"start":{"line":51,"column":2},"end":{"line":91,"column":3}},"23":{"start":{"line":52,"column":19},"end":{"line":52,"column":32}},"24":{"start":{"line":53,"column":23},"end":{"line":53,"column":35}},"25":{"start":{"line":55,"column":20},"end":{"line":55,"column":67}},"26":{"start":{"line":56,"column":4},"end":{"line":58,"column":5}},"27":{"start":{"line":57,"column":6},"end":{"line":57,"column":63}},"28":{"start":{"line":60,"column":17},"end":{"line":60,"column":44}},"29":{"start":{"line":61,"column":4},"end":{"line":63,"column":5}},"30":{"start":{"line":62,"column":6},"end":{"line":62,"column":63}},"31":{"start":{"line":65,"column":22},"end":{"line":65,"column":53}},"32":{"start":{"line":67,"column":4},"end":{"line":87,"column":5}},"33":{"start":{"line":69,"column":6},"end":{"line":69,"column":35}},"34":{"start":{"line":70,"column":6},"end":{"line":70,"column":24}},"35":{"start":{"line":73,"column":6},"end":{"line":79,"column":9}},"36":{"start":{"line":81,"column":6},"end":{"line":81,"column":100}},"37":{"start":{"line":84,"column":6},"end":{"line":84,"column":38}},"38":{"start":{"line":85,"column":6},"end":{"line":85,"column":24}},"39":{"start":{"line":86,"column":6},"end":{"line":86,"column":102}},"40":{"start":{"line":89,"column":4},"end":{"line":89,"column":49}},"41":{"start":{"line":90,"column":4},"end":{"line":90,"column":61}},"42":{"start":{"line":94,"column":0},"end":{"line":94,"column":24}}},"fnMap":{"0":{"name":"(anonymous_0)","decl":{"start":{"line":11,"column":95},"end":{"line":11,"column":96}},"loc":{"start":{"line":11,"column":115},"end":{"line":45,"column":1}},"line":11},"1":{"name":"(anonymous_1)","decl":{"start":{"line":50,"column":41},"end":{"line":50,"column":42}},"loc":{"start":{"line":50,"column":61},"end":{"line":92,"column":1}},"line":50}},"branchMap":{"0":{"loc":{"start":{"line":14,"column":4},"end":{"line":20,"column":5}},"type":"if","locations":[{"start":{"line":14,"column":4},"end":{"line":20,"column":5}},{"start":{},"end":{}}],"line":14},"1":{"loc":{"start":{"line":26,"column":4},"end":{"line":28,"column":5}},"type":"if","locations":[{"start":{"line":26,"column":4},"end":{"line":28,"column":5}},{"start":{},"end":{}}],"line":26},"2":{"loc":{"start":{"line":33,"column":15},"end":{"line":33,"column":51}},"type":"binary-expr","locations":[{"start":{"line":33,"column":15},"end":{"line":33,"column":31}},{"start":{"line":33,"column":35},"end":{"line":33,"column":51}}],"line":33},"3":{"loc":{"start":{"line":36,"column":12},"end":{"line":36,"column":40}},"type":"cond-expr","locations":[{"start":{"line":36,"column":19},"end":{"line":36,"column":35}},{"start":{"line":36,"column":38},"end":{"line":36,"column":40}}],"line":36},"4":{"loc":{"start":{"line":56,"column":4},"end":{"line":58,"column":5}},"type":"if","locations":[{"start":{"line":56,"column":4},"end":{"line":58,"column":5}},{"start":{},"end":{}}],"line":56},"5":{"loc":{"start":{"line":61,"column":4},"end":{"line":63,"column":5}},"type":"if","locations":[{"start":{"line":61,"column":4},"end":{"line":63,"column":5}},{"start":{},"end":{}}],"line":61},"6":{"loc":{"start":{"line":67,"column":4},"end":{"line":87,"column":5}},"type":"if","locations":[{"start":{"line":67,"column":4},"end":{"line":87,"column":5}},{"start":{"line":82,"column":11},"end":{"line":87,"column":5}}],"line":67}},"s":{"0":1,"1":1,"2":1,"3":1,"4":1,"5":1,"6":1,"7":1,"8":1,"9":0,"10":0,"11":0,"12":0,"13":0,"14":0,"15":0,"16":0,"17":0,"18":0,"19":0,"20":0,"21":1,"22":0,"23":0,"24":0,"25":0,"26":0,"27":0,"28":0,"29":0,"30":0,"31":0,"32":0,"33":0,"34":0,"35":0,"36":0,"37":0,"38":0,"39":0,"40":0,"41":0,"42":1},"f":{"0":0,"1":0},"b":{"0":[0,0],"1":[0,0],"2":[0,0],"3":[0,0],"4":[0,0],"5":[0,0],"6":[0,0]},"_coverageSchema":"1a1c01bbd47fc00a2c39e90264f33305004495a9","hash":"1a51b458ab0412484e0ca8c83b6da58d662a6f2e"}
,"C:\\Users\\PREMJITH P P\\OneDrive\\Desktop\\UmamiCircle\\src\\routes\\recipeRoutes.js": {"path":"C:\\Users\\PREMJITH P P\\OneDrive\\Desktop\\UmamiCircle\\src\\routes\\recipeRoutes.js","statementMap":{"0":{"start":{"line":1,"column":16},"end":{"line":1,"column":34}},"1":{"start":{"line":2,"column":15},"end":{"line":2,"column":31}},"2":{"start":{"line":3,"column":15},"end":{"line":3,"column":42}},"3":{"start":{"line":4,"column":13},"end":{"line":4,"column":38}},"4":{"start":{"line":5,"column":43},"end":{"line":5,"column":84}},"5":{"start":{"line":6,"column":25},"end":{"line":6,"column":74}},"6":{"start":{"line":7,"column":27},"end":{"line":7,"column":56}},"7":{"start":{"line":8,"column":31},"end":{"line":8,"column":73}},"8":{"start":{"line":11,"column":0},"end":{"line":51,"column":3}},"9":{"start":{"line":12,"column":2},"end":{"line":50,"column":3}},"10":{"start":{"line":14,"column":4},"end":{"line":20,"column":5}},"11":{"start":{"line":15,"column":6},"end":{"line":19,"column":9}},"12":{"start":{"line":22,"column":103},"end":{"line":22,"column":111}},"13":{"start":{"line":25,"column":20},"end":{"line":25,"column":69}},"14":{"start":{"line":26,"column":4},"end":{"line":28,"column":5}},"15":{"start":{"line":27,"column":6},"end":{"line":27,"column":75}},"16":{"start":{"line":30,"column":22},"end":{"line":43,"column":6}},"17":{"start":{"line":45,"column":4},"end":{"line":45,"column":27}},"18":{"start":{"line":46,"column":4},"end":{"line":46,"column":36}},"19":{"start":{"line":48,"column":4},"end":{"line":48,"column":51}},"20":{"start":{"line":49,"column":4},"end":{"line":49,"column":63}},"21":{"start":{"line":56,"column":0},"end":{"line":98,"column":3}},"22":{"start":{"line":57,"column":2},"end":{"line":97,"column":3}},"23":{"start":{"line":58,"column":21},"end":{"line":58,"column":34}},"24":{"start":{"line":59,"column":23},"end":{"line":59,"column":35}},"25":{"start":{"line":61,"column":20},"end":{"line":61,"column":67}},"26":{"start":{"line":62,"column":4},"end":{"line":64,"column":5}},"27":{"start":{"line":63,"column":6},"end":{"line":63,"column":63}},"28":{"start":{"line":66,"column":19},"end":{"line":66,"column":50}},"29":{"start":{"line":67,"column":4},"end":{"line":69,"column":5}},"30":{"start":{"line":68,"column":6},"end":{"line":68,"column":65}},"31":{"start":{"line":71,"column":22},"end":{"line":71,"column":55}},"32":{"start":{"line":73,"column":4},"end":{"line":93,"column":5}},"33":{"start":{"line":75,"column":6},"end":{"line":75,"column":37}},"34":{"start":{"line":76,"column":6},"end":{"line":76,"column":26}},"35":{"start":{"line":79,"column":6},"end":{"line":85,"column":9}},"36":{"start":{"line":87,"column":6},"end":{"line":87,"column":104}},"37":{"start":{"line":90,"column":6},"end":{"line":90,"column":40}},"38":{"start":{"line":91,"column":6},"end":{"line":91,"column":26}},"39":{"start":{"line":92,"column":6},"end":{"line":92,"column":106}},"40":{"start":{"line":95,"column":4},"end":{"line":95,"column":49}},"41":{"start":{"line":96,"column":4},"end":{"line":96,"column":61}},"42":{"start":{"line":100,"column":0},"end":{"line":100,"column":24}}},"fnMap":{"0":{"name":"(anonymous_0)","decl":{"start":{"line":11,"column":95},"end":{"line":11,"column":96}},"loc":{"start":{"line":11,"column":115},"end":{"line":51,"column":1}},"line":11},"1":{"name":"(anonymous_1)","decl":{"start":{"line":56,"column":41},"end":{"line":56,"column":42}},"loc":{"start":{"line":56,"column":61},"end":{"line":98,"column":1}},"line":56}},"branchMap":{"0":{"loc":{"start":{"line":14,"column":4},"end":{"line":20,"column":5}},"type":"if","locations":[{"start":{"line":14,"column":4},"end":{"line":20,"column":5}},{"start":{},"end":{}}],"line":14},"1":{"loc":{"start":{"line":26,"column":4},"end":{"line":28,"column":5}},"type":"if","locations":[{"start":{"line":26,"column":4},"end":{"line":28,"column":5}},{"start":{},"end":{}}],"line":26},"2":{"loc":{"start":{"line":33,"column":19},"end":{"line":33,"column":50}},"type":"binary-expr","locations":[{"start":{"line":33,"column":19},"end":{"line":33,"column":35}},{"start":{"line":33,"column":39},"end":{"line":33,"column":50}}],"line":33},"3":{"loc":{"start":{"line":34,"column":19},"end":{"line":34,"column":61}},"type":"cond-expr","locations":[{"start":{"line":34,"column":33},"end":{"line":34,"column":56}},{"start":{"line":34,"column":59},"end":{"line":34,"column":61}}],"line":34},"4":{"loc":{"start":{"line":35,"column":13},"end":{"line":35,"column":43}},"type":"cond-expr","locations":[{"start":{"line":35,"column":21},"end":{"line":35,"column":38}},{"start":{"line":35,"column":41},"end":{"line":35,"column":43}}],"line":35},"5":{"loc":{"start":{"line":38,"column":12},"end":{"line":38,"column":40}},"type":"cond-expr","locations":[{"start":{"line":38,"column":19},"end":{"line":38,"column":35}},{"start":{"line":38,"column":38},"end":{"line":38,"column":40}}],"line":38},"6":{"loc":{"start":{"line":62,"column":4},"end":{"line":64,"column":5}},"type":"if","locations":[{"start":{"line":62,"column":4},"end":{"line":64,"column":5}},{"start":{},"end":{}}],"line":62},"7":{"loc":{"start":{"line":67,"column":4},"end":{"line":69,"column":5}},"type":"if","locations":[{"start":{"line":67,"column":4},"end":{"line":69,"column":5}},{"start":{},"end":{}}],"line":67},"8":{"loc":{"start":{"line":73,"column":4},"end":{"line":93,"column":5}},"type":"if","locations":[{"start":{"line":73,"column":4},"end":{"line":93,"column":5}},{"start":{"line":88,"column":11},"end":{"line":93,"column":5}}],"line":73}},"s":{"0":1,"1":1,"2":1,"3":1,"4":1,"5":1,"6":1,"7":1,"8":1,"9":0,"10":0,"11":0,"12":0,"13":0,"14":0,"15":0,"16":0,"17":0,"18":0,"19":0,"20":0,"21":1,"22":0,"23":0,"24":0,"25":0,"26":0,"27":0,"28":0,"29":0,"30":0,"31":0,"32":0,"33":0,"34":0,"35":0,"36":0,"37":0,"38":0,"39":0,"40":0,"41":0,"42":1},"f":{"0":0,"1":0},"b":{"0":[0,0],"1":[0,0],"2":[0,0],"3":[0,0],"4":[0,0],"5":[0,0],"6":[0,0],"7":[0,0],"8":[0,0]},"_coverageSchema":"1a1c01bbd47fc00a2c39e90264f33305004495a9","hash":"b0681181984c178b9a2233c21a475fb5223128d0"}
,"C:\\Users\\PREMJITH P P\\OneDrive\\Desktop\\UmamiCircle\\src\\routes\\socialRoutes.js": {"path":"C:\\Users\\PREMJITH P P\\OneDrive\\Desktop\\UmamiCircle\\src\\routes\\socialRoutes.js","statementMap":{"0":{"start":{"line":1,"column":16},"end":{"line":1,"column":34}},"1":{"start":{"line":2,"column":15},"end":{"line":2,"column":31}},"2":{"start":{"line":3,"column":13},"end":{"line":3,"column":38}},"3":{"start":{"line":4,"column":15},"end":{"line":4,"column":42}},"4":{"start":{"line":5,"column":27},"end":{"line":5,"column":56}},"5":{"start":{"line":6,"column":31},"end":{"line":6,"column":73}},"6":{"start":{"line":11,"column":0},"end":{"line":58,"column":3}},"7":{"start":{"line":12,"column":2},"end":{"line":57,"column":3}},"8":{"start":{"line":13,"column":25},"end":{"line":13,"column":38}},"9":{"start":{"line":14,"column":23},"end":{"line":14,"column":35}},"10":{"start":{"line":16,"column":25},"end":{"line":16,"column":58}},"11":{"start":{"line":17,"column":24},"end":{"line":17,"column":71}},"12":{"start":{"line":19,"column":4},"end":{"line":21,"column":5}},"13":{"start":{"line":20,"column":6},"end":{"line":20,"column":63}},"14":{"start":{"line":23,"column":4},"end":{"line":25,"column":5}},"15":{"start":{"line":24,"column":6},"end":{"line":24,"column":75}},"16":{"start":{"line":28,"column":4},"end":{"line":30,"column":5}},"17":{"start":{"line":29,"column":6},"end":{"line":29,"column":77}},"18":{"start":{"line":31,"column":4},"end":{"line":33,"column":5}},"19":{"start":{"line":32,"column":6},"end":{"line":32,"column":72}},"20":{"start":{"line":36,"column":4},"end":{"line":39,"column":5}},"21":{"start":{"line":37,"column":6},"end":{"line":37,"column":47}},"22":{"start":{"line":38,"column":6},"end":{"line":38,"column":31}},"23":{"start":{"line":42,"column":4},"end":{"line":52,"column":5}},"24":{"start":{"line":43,"column":6},"end":{"line":43,"column":51}},"25":{"start":{"line":44,"column":6},"end":{"line":44,"column":32}},"26":{"start":{"line":47,"column":6},"end":{"line":51,"column":9}},"27":{"start":{"line":54,"column":4},"end":{"line":54,"column":68}},"28":{"start":{"line":56,"column":4},"end":{"line":56,"column":51}},"29":{"start":{"line":63,"column":0},"end":{"line":91,"column":3}},"30":{"start":{"line":64,"column":2},"end":{"line":90,"column":3}},"31":{"start":{"line":65,"column":25},"end":{"line":65,"column":38}},"32":{"start":{"line":66,"column":23},"end":{"line":66,"column":35}},"33":{"start":{"line":68,"column":27},"end":{"line":68,"column":60}},"34":{"start":{"line":69,"column":24},"end":{"line":69,"column":71}},"35":{"start":{"line":71,"column":4},"end":{"line":73,"column":5}},"36":{"start":{"line":72,"column":6},"end":{"line":72,"column":63}},"37":{"start":{"line":76,"column":4},"end":{"line":78,"column":6}},"38":{"start":{"line":77,"column":14},"end":{"line":77,"column":44}},"39":{"start":{"line":79,"column":4},"end":{"line":79,"column":29}},"40":{"start":{"line":82,"column":4},"end":{"line":84,"column":6}},"41":{"start":{"line":83,"column":14},"end":{"line":83,"column":58}},"42":{"start":{"line":85,"column":4},"end":{"line":85,"column":32}},"43":{"start":{"line":87,"column":4},"end":{"line":87,"column":70}},"44":{"start":{"line":89,"column":4},"end":{"line":89,"column":51}},"45":{"start":{"line":96,"column":0},"end":{"line":124,"column":3}},"46":{"start":{"line":97,"column":2},"end":{"line":123,"column":3}},"47":{"start":{"line":98,"column":25},"end":{"line":98,"column":38}},"48":{"start":{"line":99,"column":23},"end":{"line":99,"column":35}},"49":{"start":{"line":101,"column":24},"end":{"line":101,"column":71}},"50":{"start":{"line":102,"column":4},"end":{"line":102,"column":79}},"51":{"start":{"line":102,"column":22},"end":{"line":102,"column":79}},"52":{"start":{"line":104,"column":4},"end":{"line":106,"column":5}},"53":{"start":{"line":105,"column":6},"end":{"line":105,"column":74}},"54":{"start":{"line":108,"column":4},"end":{"line":118,"column":5}},"55":{"start":{"line":109,"column":6},"end":{"line":109,"column":45}},"56":{"start":{"line":112,"column":6},"end":{"line":112,"column":97}},"57":{"start":{"line":112,"column":65},"end":{"line":112,"column":95}},"58":{"start":{"line":113,"column":6},"end":{"line":113,"column":31}},"59":{"start":{"line":115,"column":6},"end":{"line":117,"column":9}},"60":{"start":{"line":120,"column":4},"end":{"line":120,"column":67}},"61":{"start":{"line":122,"column":4},"end":{"line":122,"column":51}},"62":{"start":{"line":129,"column":0},"end":{"line":144,"column":3}},"63":{"start":{"line":130,"column":2},"end":{"line":143,"column":3}},"64":{"start":{"line":131,"column":25},"end":{"line":131,"column":38}},"65":{"start":{"line":132,"column":23},"end":{"line":132,"column":35}},"66":{"start":{"line":134,"column":24},"end":{"line":134,"column":71}},"67":{"start":{"line":135,"column":4},"end":{"line":135,"column":79}},"68":{"start":{"line":135,"column":22},"end":{"line":135,"column":79}},"69":{"start":{"line":137,"column":4},"end":{"line":137,"column":91}},"70":{"start":{"line":137,"column":59},"end":{"line":137,"column":89}},"71":{"start":{"line":138,"column":4},"end":{"line":138,"column":29}},"72":{"start":{"line":140,"column":4},"end":{"line":140,"column":69}},"73":{"start":{"line":142,"column":4},"end":{"line":142,"column":51}},"74":{"start":{"line":149,"column":0},"end":{"line":174,"column":3}},"75":{"start":{"line":150,"column":2},"end":{"line":173,"column":3}},"76":{"start":{"line":151,"column":25},"end":{"line":151,"column":35}},"77":{"start":{"line":152,"column":23},"end":{"line":152,"column":31}},"78":{"start":{"line":153,"column":23},"end":{"line":153,"column":35}},"79":{"start":{"line":155,"column":4},"end":{"line":157,"column":5}},"80":{"start":{"line":156,"column":6},"end":{"line":156,"column":68}},"81":{"start":{"line":159,"column":21},"end":{"line":159,"column":68}},"82":{"start":{"line":160,"column":4},"end":{"line":160,"column":76}},"83":{"start":{"line":160,"column":19},"end":{"line":160,"column":76}},"84":{"start":{"line":162,"column":22},"end":{"line":167,"column":6}},"85":{"start":{"line":169,"column":4},"end":{"line":169,"column":27}},"86":{"start":{"line":170,"column":4},"end":{"line":170,"column":90}},"87":{"start":{"line":172,"column":4},"end":{"line":172,"column":51}},"88":{"start":{"line":179,"column":0},"end":{"line":209,"column":3}},"89":{"start":{"line":180,"column":2},"end":{"line":208,"column":3}},"90":{"start":{"line":181,"column":25},"end":{"line":181,"column":35}},"91":{"start":{"line":182,"column":23},"end":{"line":182,"column":35}},"92":{"start":{"line":184,"column":4},"end":{"line":186,"column":5}},"93":{"start":{"line":185,"column":6},"end":{"line":185,"column":70}},"94":{"start":{"line":188,"column":17},"end":{"line":188,"column":64}},"95":{"start":{"line":189,"column":4},"end":{"line":189,"column":72}},"96":{"start":{"line":189,"column":15},"end":{"line":189,"column":72}},"97":{"start":{"line":191,"column":26},"end":{"line":193,"column":5}},"98":{"start":{"line":192,"column":13},"end":{"line":192,"column":66}},"99":{"start":{"line":195,"column":4},"end":{"line":205,"column":5}},"100":{"start":{"line":197,"column":6},"end":{"line":197,"column":62}},"101":{"start":{"line":198,"column":6},"end":{"line":198,"column":24}},"102":{"start":{"line":199,"column":6},"end":{"line":199,"column":79}},"103":{"start":{"line":202,"column":6},"end":{"line":202,"column":46}},"104":{"start":{"line":203,"column":6},"end":{"line":203,"column":24}},"105":{"start":{"line":204,"column":6},"end":{"line":204,"column":80}},"106":{"start":{"line":207,"column":4},"end":{"line":207,"column":51}},"107":{"start":{"line":214,"column":0},"end":{"line":227,"column":3}},"108":{"start":{"line":215,"column":2},"end":{"line":226,"column":3}},"109":{"start":{"line":216,"column":25},"end":{"line":216,"column":35}},"110":{"start":{"line":219,"column":20},"end":{"line":219,"column":71}},"111":{"start":{"line":220,"column":17},"end":{"line":220,"column":70}},"112":{"start":{"line":221,"column":21},"end":{"line":221,"column":47}},"113":{"start":{"line":223,"column":4},"end":{"line":223,"column":72}},"114":{"start":{"line":225,"column":4},"end":{"line":225,"column":51}},"115":{"start":{"line":229,"column":0},"end":{"line":229,"column":24}}},"fnMap":{"0":{"name":"(anonymous_0)","decl":{"start":{"line":11,"column":43},"end":{"line":11,"column":44}},"loc":{"start":{"line":11,"column":63},"end":{"line":58,"column":1}},"line":11},"1":{"name":"(anonymous_1)","decl":{"start":{"line":63,"column":45},"end":{"line":63,"column":46}},"loc":{"start":{"line":63,"column":65},"end":{"line":91,"column":1}},"line":63},"2":{"name":"(anonymous_2)","decl":{"start":{"line":77,"column":6},"end":{"line":77,"column":7}},"loc":{"start":{"line":77,"column":14},"end":{"line":77,"column":44}},"line":77},"3":{"name":"(anonymous_3)","decl":{"start":{"line":83,"column":6},"end":{"line":83,"column":7}},"loc":{"start":{"line":83,"column":14},"end":{"line":83,"column":58}},"line":83},"4":{"name":"(anonymous_4)","decl":{"start":{"line":96,"column":42},"end":{"line":96,"column":43}},"loc":{"start":{"line":96,"column":62},"end":{"line":124,"column":1}},"line":96},"5":{"name":"(anonymous_5)","decl":{"start":{"line":112,"column":59},"end":{"line":112,"column":60}},"loc":{"start":{"line":112,"column":65},"end":{"line":112,"column":95}},"line":112},"6":{"name":"(anonymous_6)","decl":{"start":{"line":129,"column":44},"end":{"line":129,"column":45}},"loc":{"start":{"line":129,"column":64},"end":{"line":144,"column":1}},"line":129},"7":{"name":"(anonymous_7)","decl":{"start":{"line":137,"column":53},"end":{"line":137,"column":54}},"loc":{"start":{"line":137,"column":59},"end":{"line":137,"column":89}},"line":137},"8":{"name":"(anonymous_8)","decl":{"start":{"line":149,"column":49},"end":{"line":149,"column":50}},"loc":{"start":{"line":149,"column":69},"end":{"line":174,"column":1}},"line":149},"9":{"name":"(anonymous_9)","decl":{"start":{"line":179,"column":51},"end":{"line":179,"column":52}},"loc":{"start":{"line":179,"column":71},"end":{"line":209,"column":1}},"line":179},"10":{"name":"(anonymous_10)","decl":{"start":{"line":192,"column":6},"end":{"line":192,"column":7}},"loc":{"start":{"line":192,"column":13},"end":{"line":192,"column":66}},"line":192},"11":{"name":"(anonymous_11)","decl":{"start":{"line":214,"column":48},"end":{"line":214,"column":49}},"loc":{"start":{"line":214,"column":68},"end":{"line":227,"column":1}},"line":214}},"branchMap":{"0":{"loc":{"start":{"line":19,"column":4},"end":{"line":21,"column":5}},"type":"if","locations":[{"start":{"line":19,"column":4},"end":{"line":21,"column":5}},{"start":{},"end":{}}],"line":19},"1":{"loc":{"start":{"line":19,"column":8},"end":{"line":19,"column":37}},"type":"binary-expr","locations":[{"start":{"line":19,"column":8},"end":{"line":19,"column":21}},{"start":{"line":19,"column":25},"end":{"line":19,"column":37}}],"line":19},"2":{"loc":{"start":{"line":23,"column":4},"end":{"line":25,"column":5}},"type":"if","locations":[{"start":{"line":23,"column":4},"end":{"line":25,"column":5}},{"start":{},"end":{}}],"line":23},"3":{"loc":{"start":{"line":28,"column":4},"end":{"line":30,"column":5}},"type":"if","locations":[{"start":{"line":28,"column":4},"end":{"line":30,"column":5}},{"start":{},"end":{}}],"line":28},"4":{"loc":{"start":{"line":31,"column":4},"end":{"line":33,"column":5}},"type":"if","locations":[{"start":{"line":31,"column":4},"end":{"line":33,"column":5}},{"start":{},"end":{}}],"line":31},"5":{"loc":{"start":{"line":36,"column":4},"end":{"line":39,"column":5}},"type":"if","locations":[{"start":{"line":36,"column":4},"end":{"line":39,"column":5}},{"start":{},"end":{}}],"line":36},"6":{"loc":{"start":{"line":42,"column":4},"end":{"line":52,"column":5}},"type":"if","locations":[{"start":{"line":42,"column":4},"end":{"line":52,"column":5}},{"start":{},"end":{}}],"line":42},"7":{"loc":{"start":{"line":71,"column":4},"end":{"line":73,"column":5}},"type":"if","locations":[{"start":{"line":71,"column":4},"end":{"line":73,"column":5}},{"start":{},"end":{}}],"line":71},"8":{"loc":{"start":{"line":71,"column":8},"end":{"line":71,"column":39}},"type":"binary-expr","locations":[{"start":{"line":71,"column":8},"end":{"line":71,"column":23}},{"start":{"line":71,"column":27},"end":{"line":71,"column":39}}],"line":71},"9":{"loc":{"start":{"line":102,"column":4},"end":{"line":102,"column":79}},"type":"if","locations":[{"start":{"line":102,"column":4},"end":{"line":102,"column":79}},{"start":{},"end":{}}],"line":102},"10":{"loc":{"start":{"line":104,"column":4},"end":{"line":106,"column":5}},"type":"if","locations":[{"start":{"line":104,"column":4},"end":{"line":106,"column":5}},{"start":{},"end":{}}],"line":104},"11":{"loc":{"start":{"line":108,"column":4},"end":{"line":118,"column":5}},"type":"if","locations":[{"start":{"line":108,"column":4},"end":{"line":118,"column":5}},{"start":{},"end":{}}],"line":108},"12":{"loc":{"start":{"line":135,"column":4},"end":{"line":135,"column":79}},"type":"if","locations":[{"start":{"line":135,"column":4},"end":{"line":135,"column":79}},{"start":{},"end":{}}],"line":135},"13":{"loc":{"start":{"line":155,"column":4},"end":{"line":157,"column":5}},"type":"if","locations":[{"start":{"line":155,"column":4},"end":{"line":157,"column":5}},{"start":{},"end":{}}],"line":155},"14":{"loc":{"start":{"line":160,"column":4},"end":{"line":160,"column":76}},"type":"if","locations":[{"start":{"line":160,"column":4},"end":{"line":160,"column":76}},{"start":{},"end":{}}],"line":160},"15":{"loc":{"start":{"line":184,"column":4},"end":{"line":186,"column":5}},"type":"if","locations":[{"start":{"line":184,"column":4},"end":{"line":186,"column":5}},{"start":{},"end":{}}],"line":184},"16":{"loc":{"start":{"line":189,"column":4},"end":{"line":189,"column":72}},"type":"if","locations":[{"start":{"line":189,"column":4},"end":{"line":189,"column":72}},{"start":{},"end":{}}],"line":189},"17":{"loc":{"start":{"line":192,"column":13},"end":{"line":192,"column":66}},"type":"binary-expr","locations":[{"start":{"line":192,"column":13},"end":{"line":192,"column":34}},{"start":{"line":192,"column":38},"end":{"line":192,"column":66}}],"line":192},"18":{"loc":{"start":{"line":195,"column":4},"end":{"line":205,"column":5}},"type":"if","locations":[{"start":{"line":195,"column":4},"end":{"line":205,"column":5}},{"start":{"line":200,"column":11},"end":{"line":205,"column":5}}],"line":195},"19":{"loc":{"start":{"line":219,"column":20},"end":{"line":219,"column":71}},"type":"binary-expr","locations":[{"start":{"line":219,"column":20},"end":{"line":219,"column":44}},{"start":{"line":219,"column":48},"end":{"line":219,"column":71}}],"line":219},"20":{"loc":{"start":{"line":220,"column":17},"end":{"line":220,"column":70}},"type":"cond-expr","locations":[{"start":{"line":220,"column":51},"end":{"line":220,"column":60}},{"start":{"line":220,"column":63},"end":{"line":220,"column":70}}],"line":220}},"s":{"0":1,"1":1,"2":1,"3":1,"4":1,"5":1,"6":1,"7":0,"8":0,"9":0,"10":0,"11":0,"12":0,"13":0,"14":0,"15":0,"16":0,"17":0,"18":0,"19":0,"20":0,"21":0,"22":0,"23":0,"24":0,"25":0,"26":0,"27":0,"28":0,"29":1,"30":0,"31":0,"32":0,"33":0,"34":0,"35":0,"36":0,"37":0,"38":0,"39":0,"40":0,"41":0,"42":0,"43":0,"44":0,"45":1,"46":0,"47":0,"48":0,"49":0,"50":0,"51":0,"52":0,"53":0,"54":0,"55":0,"56":0,"57":0,"58":0,"59":0,"60":0,"61":0,"62":1,"63":0,"64":0,"65":0,"66":0,"67":0,"68":0,"69":0,"70":0,"71":0,"72":0,"73":0,"74":1,"75":0,"76":0,"77":0,"78":0,"79":0,"80":0,"81":0,"82":0,"83":0,"84":0,"85":0,"86":0,"87":0,"88":1,"89":0,"90":0,"91":0,"92":0,"93":0,"94":0,"95":0,"96":0,"97":0,"98":0,"99":0,"100":0,"101":0,"102":0,"103":0,"104":0,"105":0,"106":0,"107":1,"108":0,"109":0,"110":0,"111":0,"112":0,"113":0,"114":0,"115":1},"f":{"0":0,"1":0,"2":0,"3":0,"4":0,"5":0,"6":0,"7":0,"8":0,"9":0,"10":0,"11":0},"b":{"0":[0,0],"1":[0,0],"2":[0,0],"3":[0,0],"4":[0,0],"5":[0,0],"6":[0,0],"7":[0,0],"8":[0,0],"9":[0,0],"10":[0,0],"11":[0,0],"12":[0,0],"13":[0,0],"14":[0,0],"15":[0,0],"16":[0,0],"17":[0,0],"18":[0,0],"19":[0,0],"20":[0,0]},"_coverageSchema":"1a1c01bbd47fc00a2c39e90264f33305004495a9","hash":"01422b2c48ec645ac84fb4a49e6b553844df2f54"}
,"C:\\Users\\PREMJITH P P\\OneDrive\\Desktop\\UmamiCircle\\src\\routes\\userRoutes.js": {"path":"C:\\Users\\PREMJITH P P\\OneDrive\\Desktop\\UmamiCircle\\src\\routes\\userRoutes.js","statementMap":{"0":{"start":{"line":1,"column":16},"end":{"line":1,"column":34}},"1":{"start":{"line":2,"column":13},"end":{"line":2,"column":38}},"2":{"start":{"line":3,"column":38},"end":{"line":3,"column":67}},"3":{"start":{"line":4,"column":15},"end":{"line":4,"column":31}},"4":{"start":{"line":7,"column":0},"end":{"line":30,"column":3}},"5":{"start":{"line":8,"column":2},"end":{"line":29,"column":3}},"6":{"start":{"line":9,"column":38},"end":{"line":9,"column":46}},"7":{"start":{"line":11,"column":24},"end":{"line":11,"column":36}},"8":{"start":{"line":13,"column":15},"end":{"line":13,"column":50}},"9":{"start":{"line":15,"column":4},"end":{"line":24,"column":5}},"10":{"start":{"line":16,"column":6},"end":{"line":21,"column":9}},"11":{"start":{"line":22,"column":6},"end":{"line":22,"column":24}},"12":{"start":{"line":23,"column":6},"end":{"line":23,"column":69}},"13":{"start":{"line":26,"column":4},"end":{"line":26,"column":58}},"14":{"start":{"line":28,"column":4},"end":{"line":28,"column":51}},"15":{"start":{"line":33,"column":0},"end":{"line":43,"column":3}},"16":{"start":{"line":34,"column":2},"end":{"line":42,"column":3}},"17":{"start":{"line":35,"column":17},"end":{"line":35,"column":66}},"18":{"start":{"line":36,"column":4},"end":{"line":38,"column":5}},"19":{"start":{"line":37,"column":6},"end":{"line":37,"column":63}},"20":{"start":{"line":39,"column":4},"end":{"line":39,"column":35}},"21":{"start":{"line":41,"column":4},"end":{"line":41,"column":51}},"22":{"start":{"line":46,"column":0},"end":{"line":61,"column":3}},"23":{"start":{"line":47,"column":2},"end":{"line":60,"column":3}},"24":{"start":{"line":48,"column":20},"end":{"line":48,"column":28}},"25":{"start":{"line":49,"column":17},"end":{"line":53,"column":5}},"26":{"start":{"line":54,"column":4},"end":{"line":56,"column":5}},"27":{"start":{"line":55,"column":6},"end":{"line":55,"column":63}},"28":{"start":{"line":57,"column":4},"end":{"line":57,"column":35}},"29":{"start":{"line":59,"column":4},"end":{"line":59,"column":51}},"30":{"start":{"line":63,"column":0},"end":{"line":63,"column":24}}},"fnMap":{"0":{"name":"(anonymous_0)","decl":{"start":{"line":7,"column":37},"end":{"line":7,"column":38}},"loc":{"start":{"line":7,"column":57},"end":{"line":30,"column":1}},"line":7},"1":{"name":"(anonymous_1)","decl":{"start":{"line":33,"column":34},"end":{"line":33,"column":35}},"loc":{"start":{"line":33,"column":54},"end":{"line":43,"column":1}},"line":33},"2":{"name":"(anonymous_2)","decl":{"start":{"line":46,"column":45},"end":{"line":46,"column":46}},"loc":{"start":{"line":46,"column":65},"end":{"line":61,"column":1}},"line":46}},"branchMap":{"0":{"loc":{"start":{"line":15,"column":4},"end":{"line":24,"column":5}},"type":"if","locations":[{"start":{"line":15,"column":4},"end":{"line":24,"column":5}},{"start":{},"end":{}}],"line":15},"1":{"loc":{"start":{"line":36,"column":4},"end":{"line":38,"column":5}},"type":"if","locations":[{"start":{"line":36,"column":4},"end":{"line":38,"column":5}},{"start":{},"end":{}}],"line":36},"2":{"loc":{"start":{"line":54,"column":4},"end":{"line":56,"column":5}},"type":"if","locations":[{"start":{"line":54,"column":4},"end":{"line":56,"column":5}},{"start":{},"end":{}}],"line":54}},"s":{"0":1,"1":1,"2":1,"3":1,"4":1,"5":0,"6":0,"7":0,"8":0,"9":0,"10":0,"11":0,"12":0,"13":0,"14":0,"15":1,"16":0,"17":0,"18":0,"19":0,"20":0,"21":0,"22":1,"23":0,"24":0,"25":0,"26":0,"27":0,"28":0,"29":0,"30":1},"f":{"0":0,"1":0,"2":0},"b":{"0":[0,0],"1":[0,0],"2":[0,0]},"_coverageSchema":"1a1c01bbd47fc00a2c39e90264f33305004495a9","hash":"43b6987c82fcf29106680f2ed178e3eeae76ac4c"}
,"C:\\Users\\PREMJITH P P\\OneDrive\\Desktop\\UmamiCircle\\src\\services\\messagingService.js": {"path":"C:\\Users\\PREMJITH P P\\OneDrive\\Desktop\\UmamiCircle\\src\\services\\messagingService.js","statementMap":{"0":{"start":{"line":7,"column":28},"end":{"line":32,"column":1}},"1":{"start":{"line":8,"column":2},"end":{"line":8,"column":18}},"2":{"start":{"line":10,"column":2},"end":{"line":31,"column":5}},"3":{"start":{"line":12,"column":4},"end":{"line":15,"column":7}},"4":{"start":{"line":13,"column":6},"end":{"line":13,"column":34}},"5":{"start":{"line":14,"column":6},"end":{"line":14,"column":70}},"6":{"start":{"line":18,"column":4},"end":{"line":21,"column":7}},"7":{"start":{"line":19,"column":6},"end":{"line":19,"column":35}},"8":{"start":{"line":20,"column":6},"end":{"line":20,"column":68}},"9":{"start":{"line":24,"column":4},"end":{"line":26,"column":7}},"10":{"start":{"line":25,"column":6},"end":{"line":25,"column":74}},"11":{"start":{"line":28,"column":4},"end":{"line":30,"column":7}},"12":{"start":{"line":29,"column":6},"end":{"line":29,"column":72}},"13":{"start":{"line":39,"column":23},"end":{"line":43,"column":1}},"14":{"start":{"line":40,"column":2},"end":{"line":42,"column":3}},"15":{"start":{"line":41,"column":4},"end":{"line":41,"column":66}},"16":{"start":{"line":45,"column":0},"end":{"line":48,"column":2}}},"fnMap":{"0":{"name":"(anonymous_0)","decl":{"start":{"line":7,"column":28},"end":{"line":7,"column":29}},"loc":{"start":{"line":7,"column":44},"end":{"line":32,"column":1}},"line":7},"1":{"name":"(anonymous_1)","decl":{"start":{"line":10,"column":22},"end":{"line":10,"column":23}},"loc":{"start":{"line":10,"column":34},"end":{"line":31,"column":3}},"line":10},"2":{"name":"(anonymous_2)","decl":{"start":{"line":12,"column":35},"end":{"line":12,"column":36}},"loc":{"start":{"line":12,"column":55},"end":{"line":15,"column":5}},"line":12},"3":{"name":"(anonymous_3)","decl":{"start":{"line":18,"column":36},"end":{"line":18,"column":37}},"loc":{"start":{"line":18,"column":56},"end":{"line":21,"column":5}},"line":18},"4":{"name":"(anonymous_4)","decl":{"start":{"line":24,"column":24},"end":{"line":24,"column":25}},"loc":{"start":{"line":24,"column":66},"end":{"line":26,"column":5}},"line":24},"5":{"name":"(anonymous_5)","decl":{"start":{"line":28,"column":29},"end":{"line":28,"column":30}},"loc":{"start":{"line":28,"column":61},"end":{"line":30,"column":5}},"line":28},"6":{"name":"(anonymous_6)","decl":{"start":{"line":39,"column":23},"end":{"line":39,"column":24}},"loc":{"start":{"line":39,"column":52},"end":{"line":43,"column":1}},"line":39}},"branchMap":{"0":{"loc":{"start":{"line":40,"column":2},"end":{"line":42,"column":3}},"type":"if","locations":[{"start":{"line":40,"column":2},"end":{"line":42,"column":3}},{"start":{},"end":{}}],"line":40}},"s":{"0":1,"1":0,"2":0,"3":0,"4":0,"5":0,"6":0,"7":0,"8":0,"9":0,"10":0,"11":0,"12":0,"13":1,"14":0,"15":0,"16":1},"f":{"0":0,"1":0,"2":0,"3":0,"4":0,"5":0,"6":0},"b":{"0":[0,0]},"_coverageSchema":"1a1c01bbd47fc00a2c39e90264f33305004495a9","hash":"5223cdb6b640d80a338cf10f65fb2d4c2a6c0323"}
,"C:\\Users\\PREMJITH P P\\OneDrive\\Desktop\\UmamiCircle\\src\\services\\moderationService.js": {"path":"C:\\Users\\PREMJITH P P\\OneDrive\\Desktop\\UmamiCircle\\src\\services\\moderationService.js","statementMap":{"0":{"start":{"line":1,"column":15},"end":{"line":1,"column":32}},"1":{"start":{"line":2,"column":19},"end":{"line":2,"column":43}},"2":{"start":{"line":3,"column":15},"end":{"line":3,"column":46}},"3":{"start":{"line":4,"column":20},"end":{"line":4,"column":42}},"4":{"start":{"line":5,"column":17},"end":{"line":5,"column":36}},"5":{"start":{"line":8,"column":0},"end":{"line":12,"column":3}},"6":{"start":{"line":14,"column":20},"end":{"line":16,"column":8}},"7":{"start":{"line":18,"column":21},"end":{"line":20,"column":8}},"8":{"start":{"line":22,"column":13},"end":{"line":24,"column":8}},"9":{"start":{"line":30,"column":21},"end":{"line":32,"column":1}},"10":{"start":{"line":31,"column":2},"end":{"line":31,"column":63}},"11":{"start":{"line":38,"column":25},"end":{"line":44,"column":1}},"12":{"start":{"line":39,"column":2},"end":{"line":41,"column":3}},"13":{"start":{"line":40,"column":4},"end":{"line":40,"column":26}},"14":{"start":{"line":43,"column":2},"end":{"line":43,"column":24}},"15":{"start":{"line":50,"column":26},"end":{"line":55,"column":1}},"16":{"start":{"line":51,"column":2},"end":{"line":53,"column":3}},"17":{"start":{"line":52,"column":4},"end":{"line":52,"column":28}},"18":{"start":{"line":54,"column":2},"end":{"line":54,"column":26}},"19":{"start":{"line":60,"column":27},"end":{"line":70,"column":1}},"20":{"start":{"line":61,"column":2},"end":{"line":63,"column":3}},"21":{"start":{"line":62,"column":4},"end":{"line":62,"column":63}},"22":{"start":{"line":64,"column":2},"end":{"line":69,"column":5}},"23":{"start":{"line":65,"column":4},"end":{"line":68,"column":24}},"24":{"start":{"line":66,"column":6},"end":{"line":67,"column":27}},"25":{"start":{"line":66,"column":17},"end":{"line":66,"column":31}},"26":{"start":{"line":67,"column":11},"end":{"line":67,"column":27}},"27":{"start":{"line":76,"column":30},"end":{"line":81,"column":1}},"28":{"start":{"line":77,"column":2},"end":{"line":79,"column":3}},"29":{"start":{"line":78,"column":4},"end":{"line":78,"column":30}},"30":{"start":{"line":80,"column":2},"end":{"line":80,"column":28}},"31":{"start":{"line":83,"column":0},"end":{"line":89,"column":2}}},"fnMap":{"0":{"name":"(anonymous_0)","decl":{"start":{"line":30,"column":21},"end":{"line":30,"column":22}},"loc":{"start":{"line":30,"column":33},"end":{"line":32,"column":1}},"line":30},"1":{"name":"(anonymous_1)","decl":{"start":{"line":38,"column":25},"end":{"line":38,"column":26}},"loc":{"start":{"line":38,"column":48},"end":{"line":44,"column":1}},"line":38},"2":{"name":"(anonymous_2)","decl":{"start":{"line":50,"column":26},"end":{"line":50,"column":27}},"loc":{"start":{"line":50,"column":49},"end":{"line":55,"column":1}},"line":50},"3":{"name":"(anonymous_3)","decl":{"start":{"line":60,"column":27},"end":{"line":60,"column":28}},"loc":{"start":{"line":60,"column":68},"end":{"line":70,"column":1}},"line":60},"4":{"name":"(anonymous_4)","decl":{"start":{"line":64,"column":21},"end":{"line":64,"column":22}},"loc":{"start":{"line":64,"column":42},"end":{"line":69,"column":3}},"line":64},"5":{"name":"(anonymous_5)","decl":{"start":{"line":65,"column":50},"end":{"line":65,"column":51}},"loc":{"start":{"line":65,"column":69},"end":{"line":68,"column":5}},"line":65},"6":{"name":"(anonymous_6)","decl":{"start":{"line":76,"column":30},"end":{"line":76,"column":31}},"loc":{"start":{"line":76,"column":46},"end":{"line":81,"column":1}},"line":76}},"branchMap":{"0":{"loc":{"start":{"line":14,"column":20},"end":{"line":16,"column":8}},"type":"cond-expr","locations":[{"start":{"line":15,"column":4},"end":{"line":15,"column":85}},{"start":{"line":16,"column":4},"end":{"line":16,"column":8}}],"line":14},"1":{"loc":{"start":{"line":18,"column":21},"end":{"line":20,"column":8}},"type":"cond-expr","locations":[{"start":{"line":19,"column":4},"end":{"line":19,"column":37}},{"start":{"line":20,"column":4},"end":{"line":20,"column":8}}],"line":18},"2":{"loc":{"start":{"line":22,"column":13},"end":{"line":24,"column":8}},"type":"cond-expr","locations":[{"start":{"line":23,"column":4},"end":{"line":23,"column":50}},{"start":{"line":24,"column":4},"end":{"line":24,"column":8}}],"line":22},"3":{"loc":{"start":{"line":39,"column":2},"end":{"line":41,"column":3}},"type":"if","locations":[{"start":{"line":39,"column":2},"end":{"line":41,"column":3}},{"start":{},"end":{}}],"line":39},"4":{"loc":{"start":{"line":51,"column":2},"end":{"line":53,"column":3}},"type":"if","locations":[{"start":{"line":51,"column":2},"end":{"line":53,"column":3}},{"start":{},"end":{}}],"line":51},"5":{"loc":{"start":{"line":60,"column":47},"end":{"line":60,"column":63}},"type":"default-arg","locations":[{"start":{"line":60,"column":56},"end":{"line":60,"column":63}}],"line":60},"6":{"loc":{"start":{"line":61,"column":2},"end":{"line":63,"column":3}},"type":"if","locations":[{"start":{"line":61,"column":2},"end":{"line":63,"column":3}},{"start":{},"end":{}}],"line":61},"7":{"loc":{"start":{"line":66,"column":6},"end":{"line":67,"column":27}},"type":"if","locations":[{"start":{"line":66,"column":6},"end":{"line":67,"column":27}},{"start":{"line":67,"column":11},"end":{"line":67,"column":27}}],"line":66},"8":{"loc":{"start":{"line":77,"column":2},"end":{"line":79,"column":3}},"type":"if","locations":[{"start":{"line":77,"column":2},"end":{"line":79,"column":3}},{"start":{},"end":{}}],"line":77}},"s":{"0":1,"1":1,"2":1,"3":1,"4":1,"5":1,"6":1,"7":1,"8":1,"9":1,"10":0,"11":1,"12":0,"13":0,"14":0,"15":1,"16":0,"17":0,"18":0,"19":1,"20":0,"21":0,"22":0,"23":0,"24":0,"25":0,"26":0,"27":1,"28":0,"29":0,"30":0,"31":1},"f":{"0":0,"1":0,"2":0,"3":0,"4":0,"5":0,"6":0},"b":{"0":[0,1],"1":[0,1],"2":[0,1],"3":[0,0],"4":[0,0],"5":[0],"6":[0,0],"7":[0,0],"8":[0,0]},"_coverageSchema":"1a1c01bbd47fc00a2c39e90264f33305004495a9","hash":"61f2883f8049f6e6f7b4d0d0a9083adc8ddf75d6"}
,"C:\\Users\\PREMJITH P P\\OneDrive\\Desktop\\UmamiCircle\\src\\services\\notificationService.js": {"path":"C:\\Users\\PREMJITH P P\\OneDrive\\Desktop\\UmamiCircle\\src\\services\\notificationService.js","statementMap":{"0":{"start":{"line":1,"column":21},"end":{"line":1,"column":54}},"1":{"start":{"line":8,"column":19},"end":{"line":24,"column":1}},"2":{"start":{"line":9,"column":2},"end":{"line":9,"column":18}},"3":{"start":{"line":11,"column":2},"end":{"line":23,"column":5}},"4":{"start":{"line":12,"column":4},"end":{"line":12,"column":52}},"5":{"start":{"line":15,"column":4},"end":{"line":18,"column":7}},"6":{"start":{"line":16,"column":6},"end":{"line":16,"column":26}},"7":{"start":{"line":17,"column":6},"end":{"line":17,"column":67}},"8":{"start":{"line":20,"column":4},"end":{"line":22,"column":7}},"9":{"start":{"line":21,"column":6},"end":{"line":21,"column":41}},"10":{"start":{"line":30,"column":27},"end":{"line":58,"column":1}},"11":{"start":{"line":31,"column":2},"end":{"line":57,"column":3}},"12":{"start":{"line":33,"column":4},"end":{"line":33,"column":58}},"13":{"start":{"line":33,"column":46},"end":{"line":33,"column":58}},"14":{"start":{"line":35,"column":25},"end":{"line":41,"column":6}},"15":{"start":{"line":43,"column":4},"end":{"line":43,"column":30}},"16":{"start":{"line":46,"column":34},"end":{"line":47,"column":43}},"17":{"start":{"line":50,"column":4},"end":{"line":52,"column":5}},"18":{"start":{"line":51,"column":6},"end":{"line":51,"column":77}},"19":{"start":{"line":54,"column":4},"end":{"line":54,"column":33}},"20":{"start":{"line":56,"column":4},"end":{"line":56,"column":66}},"21":{"start":{"line":60,"column":0},"end":{"line":63,"column":2}}},"fnMap":{"0":{"name":"(anonymous_0)","decl":{"start":{"line":8,"column":19},"end":{"line":8,"column":20}},"loc":{"start":{"line":8,"column":35},"end":{"line":24,"column":1}},"line":8},"1":{"name":"(anonymous_1)","decl":{"start":{"line":11,"column":22},"end":{"line":11,"column":23}},"loc":{"start":{"line":11,"column":34},"end":{"line":23,"column":3}},"line":11},"2":{"name":"(anonymous_2)","decl":{"start":{"line":15,"column":22},"end":{"line":15,"column":23}},"loc":{"start":{"line":15,"column":34},"end":{"line":18,"column":5}},"line":15},"3":{"name":"(anonymous_3)","decl":{"start":{"line":20,"column":28},"end":{"line":20,"column":29}},"loc":{"start":{"line":20,"column":34},"end":{"line":22,"column":5}},"line":20},"4":{"name":"(anonymous_4)","decl":{"start":{"line":30,"column":27},"end":{"line":30,"column":28}},"loc":{"start":{"line":30,"column":82},"end":{"line":58,"column":1}},"line":30}},"branchMap":{"0":{"loc":{"start":{"line":33,"column":4},"end":{"line":33,"column":58}},"type":"if","locations":[{"start":{"line":33,"column":4},"end":{"line":33,"column":58}},{"start":{},"end":{}}],"line":33},"1":{"loc":{"start":{"line":50,"column":4},"end":{"line":52,"column":5}},"type":"if","locations":[{"start":{"line":50,"column":4},"end":{"line":52,"column":5}},{"start":{},"end":{}}],"line":50}},"s":{"0":1,"1":1,"2":0,"3":0,"4":0,"5":0,"6":0,"7":0,"8":0,"9":0,"10":1,"11":0,"12":0,"13":0,"14":0,"15":0,"16":0,"17":0,"18":0,"19":0,"20":0,"21":1},"f":{"0":0,"1":0,"2":0,"3":0,"4":0},"b":{"0":[0,0],"1":[0,0]},"_coverageSchema":"1a1c01bbd47fc00a2c39e90264f33305004495a9","hash":"c2f03c32c540e45f49b6569070259b36b03cdde2"}
}
